#
# A fatal error has been detected by the Java Runtime Environment:
#
#  EXCEPTION_ACCESS_VIOLATION (0xc0000005) at pc=0x0000000180004465, pid=12588, tid=6136
#
# JRE version: Java(TM) SE Runtime Environment (13.0+33) (build 13+33)
# Java VM: Java HotSpot(TM) 64-Bit Server VM (13+33, mixed mode, sharing, tiered, compressed oops, g1 gc, windows-amd64)
# Problematic frame:
# C  0x0000000180004465
#
# No core dump will be written. Minidumps are not enabled by default on client versions of Windows
#
# If you would like to submit a bug report, please visit:
#   http://bugreport.java.com/bugreport/crash.jsp
# The crash happened outside the Java Virtual Machine in native code.
# See problematic frame for where to report the bug.
#

---------------  S U M M A R Y ------------

Command Line: -Didea.launcher.port=12579 -Didea.launcher.bin.path=D:\Program Files\JetBrains\IntelliJ IDEA 2019.1\bin -Dfile.encoding=UTF-8 com.intellij.rt.execution.application.AppMainV2 com.server.Main_window

Host: Intel(R) Core(TM) i5-7300HQ CPU @ 2.50GHz, 4 cores, 7G,  Windows 10 , 64 bit Build 17134 (10.0.17134.753)
Time: Sat Sep 21 22:02:48 2019 ?D1¨²¡À¨º¡Á?¨º¡À?? elapsed time: 14 seconds (0d 0h 0m 14s)

---------------  T H R E A D  ---------------

Current thread (0x000001e99602f800):  JavaThread "JavaFX Application Thread" [_thread_in_native, id=6136, stack(0x0000002183a00000,0x0000002183b00000)]

Stack: [0x0000002183a00000,0x0000002183b00000],  sp=0x0000002183afd100,  free space=1012k
Native frames: (J=compiled Java code, j=interpreted, Vv=VM code, C=native code)
C  0x0000000180004465

Java frames: (J=compiled Java code, j=interpreted, Vv=VM code)
j  gnu.io.RXTXPort.nativeDrain(Z)Z+0
j  gnu.io.RXTXPort$SerialOutputStream.flush()V+92
j  com.server.modules.serial_port.SerialPortManager.sendToPort(Lgnu/io/SerialPort;[B)V+13
j  com.server.Main_window.sendData()V+64
j  com.server.Main_window.lambda$addListener$15(Ljavafx/scene/input/MouseEvent;)V+1
j  com.server.Main_window$$Lambda$129.handle(Ljavafx/event/Event;)V+8
J 2934 c1 com.sun.javafx.event.CompositeEventHandler.dispatchBubblingEvent(Ljavafx/event/Event;)V (57 bytes) @ 0x000001e980bc2684 [0x000001e980bc2280+0x0000000000000404]
J 2258 c1 com.sun.javafx.event.EventHandlerManager.dispatchBubblingEvent(Ljavafx/event/Event;)Ljavafx/event/Event; (23 bytes) @ 0x000001e980a2fa94 [0x000001e980a2f420+0x0000000000000674]
J 2257 c1 com.sun.javafx.event.CompositeEventDispatcher.dispatchBubblingEvent(Ljavafx/event/Event;)Ljavafx/event/Event; (35 bytes) @ 0x000001e980a303d4 [0x000001e980a301e0+0x00000000000001f4]
J 2314 c1 com.sun.javafx.event.BasicEventDispatcher.dispatchEvent(Ljavafx/event/Event;Ljavafx/event/EventDispatchChain;)Ljavafx/event/Event; (44 bytes) @ 0x000001e980a4628c [0x000001e980a45f00+0x000000000000038c]
J 1669 c1 com.sun.javafx.event.EventDispatchChainImpl.dispatchEvent(Ljavafx/event/Event;)Ljavafx/event/Event; (101 bytes) @ 0x000001e9808d23bc [0x000001e9808d21e0+0x00000000000001dc]
J 2314 c1 com.sun.javafx.event.BasicEventDispatcher.dispatchEvent(Ljavafx/event/Event;Ljavafx/event/EventDispatchChain;)Ljavafx/event/Event; (44 bytes) @ 0x000001e980a46194 [0x000001e980a45f00+0x0000000000000294]
J 1669 c1 com.sun.javafx.event.EventDispatchChainImpl.dispatchEvent(Ljavafx/event/Event;)Ljavafx/event/Event; (101 bytes) @ 0x000001e9808d23bc [0x000001e9808d21e0+0x00000000000001dc]
J 2314 c1 com.sun.javafx.event.BasicEventDispatcher.dispatchEvent(Ljavafx/event/Event;Ljavafx/event/EventDispatchChain;)Ljavafx/event/Event; (44 bytes) @ 0x000001e980a46194 [0x000001e980a45f00+0x0000000000000294]
J 1669 c1 com.sun.javafx.event.EventDispatchChainImpl.dispatchEvent(Ljavafx/event/Event;)Ljavafx/event/Event; (101 bytes) @ 0x000001e9808d23bc [0x000001e9808d21e0+0x00000000000001dc]
J 2609 c1 com.sun.javafx.event.EventUtil.fireEvent(Ljavafx/event/EventTarget;Ljavafx/event/Event;)Ljavafx/event/Event; (81 bytes) @ 0x000001e980af2994 [0x000001e980af2180+0x0000000000000814]
J 2916 c1 javafx.scene.Scene$MouseHandler.process(Ljavafx/scene/input/MouseEvent;Z)V (783 bytes) @ 0x000001e980bb2cfc [0x000001e980bb0f40+0x0000000000001dbc]
J 2928 c1 javafx.scene.Scene.processMouseEvent(Ljavafx/scene/input/MouseEvent;)V (10 bytes) @ 0x000001e980bc0664 [0x000001e980bc05c0+0x00000000000000a4]
j  javafx.scene.Scene$ScenePeerListener.mouseEvent(Ljavafx/event/EventType;DDDDLjavafx/scene/input/MouseButton;ZZZZZZZZZZZ)V+50
j  com.sun.javafx.tk.quantum.GlassViewEventHandler$MouseEventNotification.run()Ljava/lang/Void;+650
J 3163 c1 com.sun.javafx.tk.quantum.GlassViewEventHandler$$Lambda$295.get()Ljava/lang/Object; (8 bytes) @ 0x000001e980c5d31c [0x000001e980c5d040+0x00000000000002dc]
J 2896 c1 com.sun.javafx.tk.quantum.QuantumToolkit.runWithoutRenderLock(Ljava/util/function/Supplier;)Ljava/lang/Object; (49 bytes) @ 0x000001e980ba5994 [0x000001e980ba55c0+0x00000000000003d4]
J 3160 c1 com.sun.javafx.tk.quantum.GlassViewEventHandler.handleMouseEvent(Lcom/sun/glass/ui/View;JIIIIIIIZZ)V (108 bytes) @ 0x000001e980c5bf4c [0x000001e980c5bb20+0x000000000000042c]
J 2926 c1 com.sun.glass.ui.View.notifyMouse(IIIIIIIZZ)V (221 bytes) @ 0x000001e980bbf274 [0x000001e980bbe1c0+0x00000000000010b4]
v  ~StubRoutines::call_stub
j  com.sun.glass.ui.win.WinApplication._runLoop(Ljava/lang/Runnable;)V+0
j  com.sun.glass.ui.win.WinApplication.lambda$runLoop$3(ILjava/lang/Runnable;)V+8
j  com.sun.glass.ui.win.WinApplication$$Lambda$52.run()V+12
j  java.lang.Thread.run()V+11 java.base@13
v  ~StubRoutines::call_stub

siginfo: EXCEPTION_ACCESS_VIOLATION (0xc0000005), reading address 0xffffffff83ffeefc


Register to memory mapping:

RIP=0x0000000180004465 points into unknown readable memory: 41 83 7c
RAX=0x000000000000001c is an unknown value
RBX=0x000001e99602fb10 points into unknown readable memory: 50 e8 ca 0d f8 7f 00 00
RCX=0x0000002183afd81c is pointing into the stack for thread: 0x000001e99602f800
RDX=0x0 is NULL
RSP=0x0000002183afd100 is pointing into the stack for thread: 0x000001e99602f800
RBP=0x0000000000000001 is an unknown value
RSI=0x0 is NULL
RDI=0x0000000000000001 is an unknown value
R8 =0x0000002183afcdc0 is pointing into the stack for thread: 0x000001e99602f800
R9 =0x0000000180000000 points into unknown readable memory: 4d 5a 90 00 03 00 00 00
R10=0x0 is NULL
R11=0x0000000000000200 is an unknown value
R12=0xffffffff83ffeef0 is an unknown value
R13=0x0 is NULL
R14=0x0000002183afd930 is pointing into the stack for thread: 0x000001e99602f800
R15=0x000001e99602f800 is a thread


Registers:
RAX=0x000000000000001c, RBX=0x000001e99602fb10, RCX=0x0000002183afd81c, RDX=0x0000000000000000
RSP=0x0000002183afd100, RBP=0x0000000000000001, RSI=0x0000000000000000, RDI=0x0000000000000001
R8 =0x0000002183afcdc0, R9 =0x0000000180000000, R10=0x0000000000000000, R11=0x0000000000000200
R12=0xffffffff83ffeef0, R13=0x0000000000000000, R14=0x0000002183afd930, R15=0x000001e99602f800
RIP=0x0000000180004465, EFLAGS=0x0000000000010286

Top of Stack: (sp=0x0000002183afd100)
0x0000002183afd100:   000001e99602fb10 000000018001c4c0
0x0000002183afd110:   0000000000000000 0000000000000001
0x0000002183afd120:   000001e99602f800 00007ff80d57f762
0x0000002183afd130:   0000002183afd930 000001e9a1270270
0x0000002183afd140:   000001e99602f800 0000000000000000
0x0000002183afd150:   0000000000000000 0000000800321ed0
0x0000002183afd160:   0000002183afd500 00007ff80d5f5d8a
0x0000002183afd170:   0000002183afd3b0 0000000000000000
0x0000002183afd180:   0000000000000000 0000000000000000
0x0000002183afd190:   0000000000000000 0000000000000000
0x0000002183afd1a0:   0000000000000000 0000000000000000
0x0000002183afd1b0:   0000000000000000 0000000000000000
0x0000002183afd1c0:   0000000000000000 0000000000000000
0x0000002183afd1d0:   0000000000000000 0000000000000000
0x0000002183afd1e0:   0000000000000000 0000000000000000
0x0000002183afd1f0:   0000000000000000 0000000000000000 

Instructions: (pc=0x0000000180004465)
0x0000000180004365:   02 00 00 00 e8 d2 79 00 00 85 c0 75 19 85 f6 75
0x0000000180004375:   15 e8 25 76 00 00 48 8d 15 86 91 01 00 48 8d 48
0x0000000180004385:   60 e8 9d 74 00 00 4c 8b e6 66 90 8b cd e8 49 57
0x0000000180004395:   00 00 ff c7 8b f0 85 c0 74 0f e8 04 79 00 00 83
0x00000001800043a5:   38 04 75 05 83 ff 03 7c e2 48 8d 15 0b 81 01 00
0x00000001800043b5:   48 8d 8c 24 00 07 00 00 44 8b c6 e8 c7 73 00 00
0x00000001800043c5:   85 f6 0f 84 86 00 00 00 e8 d6 78 00 00 8b 08 e8
0x00000001800043d5:   eb 77 00 00 4c 8b 03 48 8d 15 0d 81 01 00 48 8b
0x00000001800043e5:   cb 48 8b f0 41 ff 50 30 48 8b f8 48 85 c0 75 1b
0x00000001800043f5:   48 8b 03 48 8b cb ff 90 80 00 00 00 4c 8b 1b 48
0x0000000180004405:   8b cb 41 ff 93 88 00 00 00 eb 43 4c 8d 0d c9 80
0x0000000180004415:   01 00 48 8d 15 12 91 01 00 48 8d 8c 24 c0 06 00
0x0000000180004425:   00 4c 8b c6 e8 5e 73 00 00 4c 8b 1b 4c 8d 84 24
0x0000000180004435:   c0 06 00 00 48 8b d7 48 8b cb 41 ff 53 70 4c 8b
0x0000000180004445:   1b 48 8b d7 48 8b cb 41 ff 93 b8 00 00 00 45 84
0x0000000180004455:   ed 0f 85 97 00 00 00 4d 85 e4 0f 84 8e 00 00 00
0x0000000180004465:   41 83 7c 24 0c 00 0f 84 82 00 00 00 4c 8d 44 24
0x0000000180004475:   30 48 8d 4c 24 38 4d 8b cc 48 8b d3 e8 8a f4 ff
0x0000000180004485:   ff 48 8d 8c 24 80 03 00 00 41 b8 40 03 00 00 48
0x0000000180004495:   8b d0 e8 74 79 00 00 83 bc 24 18 04 00 00 01 7f
0x00000001800044a5:   4d 48 83 bc 24 30 04 00 00 00 74 42 48 8b 9c 24
0x00000001800044b5:   20 04 00 00 48 8b cb 48 8b 03 ff 90 88 00 00 00
0x00000001800044c5:   48 8b 94 24 28 04 00 00 4c 8b 1b 48 8b 12 4c 8b
0x00000001800044d5:   84 24 38 04 00 00 41 b9 02 00 00 00 48 8b cb c7
0x00000001800044e5:   44 24 20 01 00 00 00 41 ff 93 28 01 00 00 32 c0
0x00000001800044f5:   48 8b 8c 24 50 07 00 00 48 33 cc e8 db 70 00 00
0x0000000180004505:   48 8b 9c 24 a0 07 00 00 48 81 c4 60 07 00 00 41
0x0000000180004515:   5d 41 5c 5f 5e 5d c3 cc cc cc cc cc cc cc cc cc
0x0000000180004525:   cc cc cc cc cc cc cc cc cc cc cc 48 89 5c 24 08
0x0000000180004535:   48 89 6c 24 10 48 89 74 24 18 57 48 83 ec 20 48
0x0000000180004545:   8b 01 41 8b e8 48 8b fa 48 8b d9 ff 90 f8 00 00
0x0000000180004555:   00 4c 8b 13 4c 8d 0d 3c 7f 01 00 4c 8d 05 85 7f 


Stack slot to memory mapping:
stack at sp + 0 slots: 0x000001e99602fb10 points into unknown readable memory: 50 e8 ca 0d f8 7f 00 00
stack at sp + 1 slots: 0x000000018001c4c0 points into unknown readable memory: 52 58 54 58 50 6f 72 74
stack at sp + 2 slots: 0x0 is NULL
stack at sp + 3 slots: 0x0000000000000001 is an unknown value
stack at sp + 4 slots: 0x000001e99602f800 is a thread
stack at sp + 5 slots: 0x00007ff80d57f762 jvm.dll
stack at sp + 6 slots: 0x0000002183afd930 is pointing into the stack for thread: 0x000001e99602f800
stack at sp + 7 slots: {method} {0x000001e9a1270278} 'nativeDrain' '(Z)Z' in 'gnu/io/RXTXPort'


---------------  P R O C E S S  ---------------

Threads class SMR info:
_java_thread_list=0x000001e99883b110, length=21, elements={
0x000001e9f462b000, 0x000001e9ffc2c000, 0x000001e9ffc2f800, 0x000001e9ffc52000,
0x000001e9ffc54000, 0x000001e9ffc55000, 0x000001e9ffc5b000, 0x000001e9ffc67800,
0x000001e995846000, 0x000001e995859000, 0x000001e9958c2800, 0x000001e995957000,
0x000001e995d1b800, 0x000001e995fe8000, 0x000001e99602f800, 0x000001e996019800,
0x000001e9965bb000, 0x000001e996985800, 0x000001e99662e000, 0x000001e99692a800,
0x000001e996929800
}

Java Threads: ( => current thread )
  0x000001e9f462b000 JavaThread "main" [_thread_blocked, id=15824, stack(0x0000002182500000,0x0000002182600000)]
  0x000001e9ffc2c000 JavaThread "Reference Handler" daemon [_thread_blocked, id=19316, stack(0x0000002182c00000,0x0000002182d00000)]
  0x000001e9ffc2f800 JavaThread "Finalizer" daemon [_thread_blocked, id=17332, stack(0x0000002182d00000,0x0000002182e00000)]
  0x000001e9ffc52000 JavaThread "Signal Dispatcher" daemon [_thread_blocked, id=5348, stack(0x0000002182e00000,0x0000002182f00000)]
  0x000001e9ffc54000 JavaThread "Attach Listener" daemon [_thread_blocked, id=15672, stack(0x0000002182f00000,0x0000002183000000)]
  0x000001e9ffc55000 JavaThread "C2 CompilerThread0" daemon [_thread_blocked, id=16540, stack(0x0000002183000000,0x0000002183100000)]
  0x000001e9ffc5b000 JavaThread "C1 CompilerThread0" daemon [_thread_blocked, id=2440, stack(0x0000002183100000,0x0000002183200000)]
  0x000001e9ffc67800 JavaThread "Sweeper thread" daemon [_thread_blocked, id=16368, stack(0x0000002183200000,0x0000002183300000)]
  0x000001e995846000 JavaThread "Service Thread" daemon [_thread_blocked, id=16752, stack(0x0000002183300000,0x0000002183400000)]
  0x000001e995859000 JavaThread "Common-Cleaner" daemon [_thread_blocked, id=10496, stack(0x0000002183500000,0x0000002183600000)]
  0x000001e9958c2800 JavaThread "Monitor Ctrl-Break" daemon [_thread_in_native, id=9652, stack(0x0000002183600000,0x0000002183700000)]
  0x000001e995957000 JavaThread "JavaFX-Launcher" [_thread_blocked, id=14632, stack(0x0000002183700000,0x0000002183800000)]
  0x000001e995d1b800 JavaThread "QuantumRenderer-0" daemon [_thread_blocked, id=9028, stack(0x0000002183900000,0x0000002183a00000)]
  0x000001e995fe8000 JavaThread "InvokeLaterDispatcher" daemon [_thread_blocked, id=17868, stack(0x0000002183800000,0x0000002183900000)]
=>0x000001e99602f800 JavaThread "JavaFX Application Thread" [_thread_in_native, id=6136, stack(0x0000002183a00000,0x0000002183b00000)]
  0x000001e996019800 JavaThread "Thread-2" daemon [_thread_in_native, id=12888, stack(0x0000002183b00000,0x0000002183c00000)]
  0x000001e9965bb000 JavaThread "Java2D Disposer" daemon [_thread_blocked, id=17900, stack(0x0000002184000000,0x0000002184100000)]
  0x000001e996985800 JavaThread "AWT-Windows" daemon [_thread_in_native, id=1440, stack(0x0000002184200000,0x0000002184300000)]
  0x000001e99662e000 JavaThread "Prism Font Disposer" daemon [_thread_blocked, id=19268, stack(0x0000002184500000,0x0000002184600000)]
  0x000001e99692a800 JavaThread "Cleaner-0" daemon [_thread_blocked, id=18868, stack(0x0000002184600000,0x0000002184700000)]
  0x000001e996929800 JavaThread "Thread-3" [_thread_in_native, id=14532, stack(0x0000002183f00000,0x0000002184000000)]

Other Threads:
  0x000001e9ffc2a800 VMThread "VM Thread" [stack: 0x0000002182b00000,0x0000002182c00000] [id=2288]
  0x000001e995850000 WatcherThread [stack: 0x0000002183400000,0x0000002183500000] [id=3676]
  0x000001e9f466f000 GCTaskThread "GC Thread#0" [stack: 0x0000002182600000,0x0000002182700000] [id=9164]
  0x000001e996085000 GCTaskThread "GC Thread#1" [stack: 0x0000002183c00000,0x0000002183d00000] [id=15828]
  0x000001e9960ad800 GCTaskThread "GC Thread#2" [stack: 0x0000002183d00000,0x0000002183e00000] [id=18340]
  0x000001e9960ae800 GCTaskThread "GC Thread#3" [stack: 0x0000002183e00000,0x0000002183f00000] [id=11288]
  0x000001e9f4680800 ConcurrentGCThread "G1 Main Marker" [stack: 0x0000002182700000,0x0000002182800000] [id=2740]
  0x000001e9f4682000 ConcurrentGCThread "G1 Conc#0" [stack: 0x0000002182800000,0x0000002182900000] [id=6672]
  0x000001e9f46fe800 ConcurrentGCThread "G1 Refine#0" [stack: 0x0000002182900000,0x0000002182a00000] [id=10312]
  0x000001e9ffaa9800 ConcurrentGCThread "G1 Young RemSet Sampling" [stack: 0x0000002182a00000,0x0000002182b00000] [id=18068]

Threads with active compile tasks:

VM state:not at safepoint (normal execution)

VM Mutex/Monitor currently owned by a thread: None

Heap address: 0x0000000081a00000, size: 2022 MB, Compressed Oops mode: 32-bit
Narrow klass base: 0x0000000800000000, Narrow klass shift: 3
Compressed class space size: 1073741824 Address: 0x0000000800b40000

Heap:
 garbage-first heap   total 131072K, used 51237K [0x0000000081a00000, 0x0000000100000000)
  region size 1024K, 45 young (46080K), 2 survivors (2048K)
 Metaspace       used 17447K, capacity 18228K, committed 18304K, reserved 1064960K
  class space    used 2315K, capacity 2617K, committed 2688K, reserved 1048576K
Heap Regions: E=young(eden), S=young(survivor), O=old, HS=humongous(starts), HC=humongous(continues), CS=collection set, F=free, A=archive, TAMS=top-at-mark-start (previous, next)
|   0|0x0000000081a00000, 0x0000000081b00000, 0x0000000081b00000|100%| O|  |TAMS 0x0000000081a00000, 0x0000000081a00000| Untracked 
|   1|0x0000000081b00000, 0x0000000081b09600, 0x0000000081c00000|  3%| O|  |TAMS 0x0000000081b00000, 0x0000000081b00000| Untracked 
|   2|0x0000000081c00000, 0x0000000081d00000, 0x0000000081d00000|100%|HS|  |TAMS 0x0000000081c00000, 0x0000000081c00000| Complete 
|   3|0x0000000081d00000, 0x0000000081e00000, 0x0000000081e00000|100%|HC|  |TAMS 0x0000000081d00000, 0x0000000081d00000| Complete 
|   4|0x0000000081e00000, 0x0000000081f00000, 0x0000000081f00000|100%|HC|  |TAMS 0x0000000081e00000, 0x0000000081e00000| Complete 
|   5|0x0000000081f00000, 0x0000000082000000, 0x0000000082000000|100%|HC|  |TAMS 0x0000000081f00000, 0x0000000081f00000| Complete 
|   6|0x0000000082000000, 0x0000000082100000, 0x0000000082100000|100%|HS|  |TAMS 0x0000000082000000, 0x0000000082000000| Complete 
|   7|0x0000000082100000, 0x0000000082100000, 0x0000000082200000|  0%| F|  |TAMS 0x0000000082100000, 0x0000000082100000| Untracked 
|   8|0x0000000082200000, 0x0000000082200000, 0x0000000082300000|  0%| F|  |TAMS 0x0000000082200000, 0x0000000082200000| Untracked 
|   9|0x0000000082300000, 0x0000000082300000, 0x0000000082400000|  0%| F|  |TAMS 0x0000000082300000, 0x0000000082300000| Untracked 
|  10|0x0000000082400000, 0x0000000082400000, 0x0000000082500000|  0%| F|  |TAMS 0x0000000082400000, 0x0000000082400000| Untracked 
|  11|0x0000000082500000, 0x0000000082500000, 0x0000000082600000|  0%| F|  |TAMS 0x0000000082500000, 0x0000000082500000| Untracked 
|  12|0x0000000082600000, 0x0000000082600000, 0x0000000082700000|  0%| F|  |TAMS 0x0000000082600000, 0x0000000082600000| Untracked 
|  13|0x0000000082700000, 0x0000000082700000, 0x0000000082800000|  0%| F|  |TAMS 0x0000000082700000, 0x0000000082700000| Untracked 
|  14|0x0000000082800000, 0x0000000082800000, 0x0000000082900000|  0%| F|  |TAMS 0x0000000082800000, 0x0000000082800000| Untracked 
|  15|0x0000000082900000, 0x0000000082900000, 0x0000000082a00000|  0%| F|  |TAMS 0x0000000082900000, 0x0000000082900000| Untracked 
|  16|0x0000000082a00000, 0x0000000082a00000, 0x0000000082b00000|  0%| F|  |TAMS 0x0000000082a00000, 0x0000000082a00000| Untracked 
|  17|0x0000000082b00000, 0x0000000082b00000, 0x0000000082c00000|  0%| F|  |TAMS 0x0000000082b00000, 0x0000000082b00000| Untracked 
|  18|0x0000000082c00000, 0x0000000082c00000, 0x0000000082d00000|  0%| F|  |TAMS 0x0000000082c00000, 0x0000000082c00000| Untracked 
|  19|0x0000000082d00000, 0x0000000082d00000, 0x0000000082e00000|  0%| F|  |TAMS 0x0000000082d00000, 0x0000000082d00000| Untracked 
|  20|0x0000000082e00000, 0x0000000082e00000, 0x0000000082f00000|  0%| F|  |TAMS 0x0000000082e00000, 0x0000000082e00000| Untracked 
|  21|0x0000000082f00000, 0x0000000082f00000, 0x0000000083000000|  0%| F|  |TAMS 0x0000000082f00000, 0x0000000082f00000| Untracked 
|  22|0x0000000083000000, 0x0000000083000000, 0x0000000083100000|  0%| F|  |TAMS 0x0000000083000000, 0x0000000083000000| Untracked 
|  23|0x0000000083100000, 0x0000000083100000, 0x0000000083200000|  0%| F|  |TAMS 0x0000000083100000, 0x0000000083100000| Untracked 
|  24|0x0000000083200000, 0x0000000083200000, 0x0000000083300000|  0%| F|  |TAMS 0x0000000083200000, 0x0000000083200000| Untracked 
|  25|0x0000000083300000, 0x0000000083300000, 0x0000000083400000|  0%| F|  |TAMS 0x0000000083300000, 0x0000000083300000| Untracked 
|  26|0x0000000083400000, 0x0000000083400000, 0x0000000083500000|  0%| F|  |TAMS 0x0000000083400000, 0x0000000083400000| Untracked 
|  27|0x0000000083500000, 0x0000000083500000, 0x0000000083600000|  0%| F|  |TAMS 0x0000000083500000, 0x0000000083500000| Untracked 
|  28|0x0000000083600000, 0x0000000083600000, 0x0000000083700000|  0%| F|  |TAMS 0x0000000083600000, 0x0000000083600000| Untracked 
|  29|0x0000000083700000, 0x0000000083700000, 0x0000000083800000|  0%| F|  |TAMS 0x0000000083700000, 0x0000000083700000| Untracked 
|  30|0x0000000083800000, 0x0000000083800000, 0x0000000083900000|  0%| F|  |TAMS 0x0000000083800000, 0x0000000083800000| Untracked 
|  31|0x0000000083900000, 0x0000000083900000, 0x0000000083a00000|  0%| F|  |TAMS 0x0000000083900000, 0x0000000083900000| Untracked 
|  32|0x0000000083a00000, 0x0000000083a00000, 0x0000000083b00000|  0%| F|  |TAMS 0x0000000083a00000, 0x0000000083a00000| Untracked 
|  33|0x0000000083b00000, 0x0000000083b00000, 0x0000000083c00000|  0%| F|  |TAMS 0x0000000083b00000, 0x0000000083b00000| Untracked 
|  34|0x0000000083c00000, 0x0000000083c00000, 0x0000000083d00000|  0%| F|  |TAMS 0x0000000083c00000, 0x0000000083c00000| Untracked 
|  35|0x0000000083d00000, 0x0000000083d00000, 0x0000000083e00000|  0%| F|  |TAMS 0x0000000083d00000, 0x0000000083d00000| Untracked 
|  36|0x0000000083e00000, 0x0000000083e00000, 0x0000000083f00000|  0%| F|  |TAMS 0x0000000083e00000, 0x0000000083e00000| Untracked 
|  37|0x0000000083f00000, 0x0000000083f00000, 0x0000000084000000|  0%| F|  |TAMS 0x0000000083f00000, 0x0000000083f00000| Untracked 
|  38|0x0000000084000000, 0x0000000084000000, 0x0000000084100000|  0%| F|  |TAMS 0x0000000084000000, 0x0000000084000000| Untracked 
|  39|0x0000000084100000, 0x0000000084100000, 0x0000000084200000|  0%| F|  |TAMS 0x0000000084100000, 0x0000000084100000| Untracked 
|  40|0x0000000084200000, 0x0000000084200000, 0x0000000084300000|  0%| F|  |TAMS 0x0000000084200000, 0x0000000084200000| Untracked 
|  41|0x0000000084300000, 0x0000000084300000, 0x0000000084400000|  0%| F|  |TAMS 0x0000000084300000, 0x0000000084300000| Untracked 
|  42|0x0000000084400000, 0x0000000084400000, 0x0000000084500000|  0%| F|  |TAMS 0x0000000084400000, 0x0000000084400000| Untracked 
|  43|0x0000000084500000, 0x0000000084500000, 0x0000000084600000|  0%| F|  |TAMS 0x0000000084500000, 0x0000000084500000| Untracked 
|  44|0x0000000084600000, 0x0000000084600000, 0x0000000084700000|  0%| F|  |TAMS 0x0000000084600000, 0x0000000084600000| Untracked 
|  45|0x0000000084700000, 0x0000000084700000, 0x0000000084800000|  0%| F|  |TAMS 0x0000000084700000, 0x0000000084700000| Untracked 
|  46|0x0000000084800000, 0x0000000084800000, 0x0000000084900000|  0%| F|  |TAMS 0x0000000084800000, 0x0000000084800000| Untracked 
|  47|0x0000000084900000, 0x0000000084900000, 0x0000000084a00000|  0%| F|  |TAMS 0x0000000084900000, 0x0000000084900000| Untracked 
|  48|0x0000000084a00000, 0x0000000084a00000, 0x0000000084b00000|  0%| F|  |TAMS 0x0000000084a00000, 0x0000000084a00000| Untracked 
|  49|0x0000000084b00000, 0x0000000084b00000, 0x0000000084c00000|  0%| F|  |TAMS 0x0000000084b00000, 0x0000000084b00000| Untracked 
|  50|0x0000000084c00000, 0x0000000084c00000, 0x0000000084d00000|  0%| F|  |TAMS 0x0000000084c00000, 0x0000000084c00000| Untracked 
|  51|0x0000000084d00000, 0x0000000084d00000, 0x0000000084e00000|  0%| F|  |TAMS 0x0000000084d00000, 0x0000000084d00000| Untracked 
|  52|0x0000000084e00000, 0x0000000084e00000, 0x0000000084f00000|  0%| F|  |TAMS 0x0000000084e00000, 0x0000000084e00000| Untracked 
|  53|0x0000000084f00000, 0x0000000084f00000, 0x0000000085000000|  0%| F|  |TAMS 0x0000000084f00000, 0x0000000084f00000| Untracked 
|  54|0x0000000085000000, 0x0000000085000000, 0x0000000085100000|  0%| F|  |TAMS 0x0000000085000000, 0x0000000085000000| Untracked 
|  55|0x0000000085100000, 0x0000000085100000, 0x0000000085200000|  0%| F|  |TAMS 0x0000000085100000, 0x0000000085100000| Untracked 
|  56|0x0000000085200000, 0x0000000085200000, 0x0000000085300000|  0%| F|  |TAMS 0x0000000085200000, 0x0000000085200000| Untracked 
|  57|0x0000000085300000, 0x0000000085300000, 0x0000000085400000|  0%| F|  |TAMS 0x0000000085300000, 0x0000000085300000| Untracked 
|  58|0x0000000085400000, 0x0000000085400000, 0x0000000085500000|  0%| F|  |TAMS 0x0000000085400000, 0x0000000085400000| Untracked 
|  59|0x0000000085500000, 0x0000000085500000, 0x0000000085600000|  0%| F|  |TAMS 0x0000000085500000, 0x0000000085500000| Untracked 
|  60|0x0000000085600000, 0x0000000085600000, 0x0000000085700000|  0%| F|  |TAMS 0x0000000085600000, 0x0000000085600000| Untracked 
|  61|0x0000000085700000, 0x0000000085700000, 0x0000000085800000|  0%| F|  |TAMS 0x0000000085700000, 0x0000000085700000| Untracked 
|  62|0x0000000085800000, 0x0000000085800000, 0x0000000085900000|  0%| F|  |TAMS 0x0000000085800000, 0x0000000085800000| Untracked 
|  63|0x0000000085900000, 0x0000000085900000, 0x0000000085a00000|  0%| F|  |TAMS 0x0000000085900000, 0x0000000085900000| Untracked 
|  64|0x0000000085a00000, 0x0000000085a00000, 0x0000000085b00000|  0%| F|  |TAMS 0x0000000085a00000, 0x0000000085a00000| Untracked 
|  65|0x0000000085b00000, 0x0000000085b00000, 0x0000000085c00000|  0%| F|  |TAMS 0x0000000085b00000, 0x0000000085b00000| Untracked 
|  66|0x0000000085c00000, 0x0000000085c00000, 0x0000000085d00000|  0%| F|  |TAMS 0x0000000085c00000, 0x0000000085c00000| Untracked 
|  67|0x0000000085d00000, 0x0000000085d00000, 0x0000000085e00000|  0%| F|  |TAMS 0x0000000085d00000, 0x0000000085d00000| Untracked 
|  68|0x0000000085e00000, 0x0000000085e00000, 0x0000000085f00000|  0%| F|  |TAMS 0x0000000085e00000, 0x0000000085e00000| Untracked 
|  69|0x0000000085f00000, 0x0000000085f00000, 0x0000000086000000|  0%| F|  |TAMS 0x0000000085f00000, 0x0000000085f00000| Untracked 
|  70|0x0000000086000000, 0x0000000086000000, 0x0000000086100000|  0%| F|  |TAMS 0x0000000086000000, 0x0000000086000000| Untracked 
|  71|0x0000000086100000, 0x0000000086100000, 0x0000000086200000|  0%| F|  |TAMS 0x0000000086100000, 0x0000000086100000| Untracked 
|  72|0x0000000086200000, 0x0000000086200000, 0x0000000086300000|  0%| F|  |TAMS 0x0000000086200000, 0x0000000086200000| Untracked 
|  73|0x0000000086300000, 0x0000000086300000, 0x0000000086400000|  0%| F|  |TAMS 0x0000000086300000, 0x0000000086300000| Untracked 
|  74|0x0000000086400000, 0x0000000086400000, 0x0000000086500000|  0%| F|  |TAMS 0x0000000086400000, 0x0000000086400000| Untracked 
|  75|0x0000000086500000, 0x0000000086500000, 0x0000000086600000|  0%| F|  |TAMS 0x0000000086500000, 0x0000000086500000| Untracked 
|  76|0x0000000086600000, 0x0000000086600000, 0x0000000086700000|  0%| F|  |TAMS 0x0000000086600000, 0x0000000086600000| Untracked 
|  77|0x0000000086700000, 0x0000000086700000, 0x0000000086800000|  0%| F|  |TAMS 0x0000000086700000, 0x0000000086700000| Untracked 
|  78|0x0000000086800000, 0x0000000086800000, 0x0000000086900000|  0%| F|  |TAMS 0x0000000086800000, 0x0000000086800000| Untracked 
|  79|0x0000000086900000, 0x0000000086900000, 0x0000000086a00000|  0%| F|  |TAMS 0x0000000086900000, 0x0000000086900000| Untracked 
|  80|0x0000000086a00000, 0x0000000086a00000, 0x0000000086b00000|  0%| F|  |TAMS 0x0000000086a00000, 0x0000000086a00000| Untracked 
|  81|0x0000000086b00000, 0x0000000086b00000, 0x0000000086c00000|  0%| F|  |TAMS 0x0000000086b00000, 0x0000000086b00000| Untracked 
|  82|0x0000000086c00000, 0x0000000086c00000, 0x0000000086d00000|  0%| F|  |TAMS 0x0000000086c00000, 0x0000000086c00000| Untracked 
|  83|0x0000000086d00000, 0x0000000086d00800, 0x0000000086e00000|  0%| E|  |TAMS 0x0000000086d00000, 0x0000000086d00000| Complete 
|  84|0x0000000086e00000, 0x0000000086f00000, 0x0000000086f00000|100%| E|CS|TAMS 0x0000000086e00000, 0x0000000086e00000| Complete 
|  85|0x0000000086f00000, 0x0000000087000000, 0x0000000087000000|100%| E|CS|TAMS 0x0000000086f00000, 0x0000000086f00000| Complete 
|  86|0x0000000087000000, 0x0000000087100000, 0x0000000087100000|100%| E|CS|TAMS 0x0000000087000000, 0x0000000087000000| Complete 
|  87|0x0000000087100000, 0x0000000087200000, 0x0000000087200000|100%| E|CS|TAMS 0x0000000087100000, 0x0000000087100000| Complete 
|  88|0x0000000087200000, 0x0000000087300000, 0x0000000087300000|100%| E|CS|TAMS 0x0000000087200000, 0x0000000087200000| Complete 
|  89|0x0000000087300000, 0x0000000087400000, 0x0000000087400000|100%| E|CS|TAMS 0x0000000087300000, 0x0000000087300000| Complete 
|  90|0x0000000087400000, 0x0000000087500000, 0x0000000087500000|100%| E|CS|TAMS 0x0000000087400000, 0x0000000087400000| Complete 
|  91|0x0000000087500000, 0x0000000087600000, 0x0000000087600000|100%| E|CS|TAMS 0x0000000087500000, 0x0000000087500000| Complete 
|  92|0x0000000087600000, 0x0000000087700000, 0x0000000087700000|100%| E|CS|TAMS 0x0000000087600000, 0x0000000087600000| Complete 
|  93|0x0000000087700000, 0x0000000087800000, 0x0000000087800000|100%| E|CS|TAMS 0x0000000087700000, 0x0000000087700000| Complete 
|  94|0x0000000087800000, 0x0000000087900000, 0x0000000087900000|100%| E|CS|TAMS 0x0000000087800000, 0x0000000087800000| Complete 
|  95|0x0000000087900000, 0x0000000087a00000, 0x0000000087a00000|100%| E|CS|TAMS 0x0000000087900000, 0x0000000087900000| Complete 
|  96|0x0000000087a00000, 0x0000000087b00000, 0x0000000087b00000|100%| E|CS|TAMS 0x0000000087a00000, 0x0000000087a00000| Complete 
|  97|0x0000000087b00000, 0x0000000087c00000, 0x0000000087c00000|100%| E|CS|TAMS 0x0000000087b00000, 0x0000000087b00000| Complete 
|  98|0x0000000087c00000, 0x0000000087d00000, 0x0000000087d00000|100%| E|CS|TAMS 0x0000000087c00000, 0x0000000087c00000| Complete 
|  99|0x0000000087d00000, 0x0000000087e00000, 0x0000000087e00000|100%| E|CS|TAMS 0x0000000087d00000, 0x0000000087d00000| Complete 
| 100|0x0000000087e00000, 0x0000000087f00000, 0x0000000087f00000|100%| E|CS|TAMS 0x0000000087e00000, 0x0000000087e00000| Complete 
| 101|0x0000000087f00000, 0x0000000088000000, 0x0000000088000000|100%| E|CS|TAMS 0x0000000087f00000, 0x0000000087f00000| Complete 
| 102|0x0000000088000000, 0x0000000088100000, 0x0000000088100000|100%| E|CS|TAMS 0x0000000088000000, 0x0000000088000000| Complete 
| 103|0x0000000088100000, 0x0000000088200000, 0x0000000088200000|100%| E|CS|TAMS 0x0000000088100000, 0x0000000088100000| Complete 
| 104|0x0000000088200000, 0x0000000088300000, 0x0000000088300000|100%| E|CS|TAMS 0x0000000088200000, 0x0000000088200000| Complete 
| 105|0x0000000088300000, 0x0000000088400000, 0x0000000088400000|100%| E|CS|TAMS 0x0000000088300000, 0x0000000088300000| Complete 
| 106|0x0000000088400000, 0x0000000088500000, 0x0000000088500000|100%| E|CS|TAMS 0x0000000088400000, 0x0000000088400000| Complete 
| 107|0x0000000088500000, 0x0000000088600000, 0x0000000088600000|100%| E|CS|TAMS 0x0000000088500000, 0x0000000088500000| Complete 
| 108|0x0000000088600000, 0x0000000088700000, 0x0000000088700000|100%| E|CS|TAMS 0x0000000088600000, 0x0000000088600000| Complete 
| 109|0x0000000088700000, 0x0000000088800000, 0x0000000088800000|100%| E|CS|TAMS 0x0000000088700000, 0x0000000088700000| Complete 
| 110|0x0000000088800000, 0x0000000088900000, 0x0000000088900000|100%| E|CS|TAMS 0x0000000088800000, 0x0000000088800000| Complete 
| 111|0x0000000088900000, 0x0000000088a00000, 0x0000000088a00000|100%| E|CS|TAMS 0x0000000088900000, 0x0000000088900000| Complete 
| 112|0x0000000088a00000, 0x0000000088b00000, 0x0000000088b00000|100%| S|CS|TAMS 0x0000000088a00000, 0x0000000088a00000| Complete 
| 113|0x0000000088b00000, 0x0000000088c00000, 0x0000000088c00000|100%| S|CS|TAMS 0x0000000088b00000, 0x0000000088b00000| Complete 
| 114|0x0000000088c00000, 0x0000000088d00000, 0x0000000088d00000|100%| E|CS|TAMS 0x0000000088c00000, 0x0000000088c00000| Complete 
| 115|0x0000000088d00000, 0x0000000088e00000, 0x0000000088e00000|100%| E|CS|TAMS 0x0000000088d00000, 0x0000000088d00000| Complete 
| 116|0x0000000088e00000, 0x0000000088f00000, 0x0000000088f00000|100%| E|CS|TAMS 0x0000000088e00000, 0x0000000088e00000| Complete 
| 117|0x0000000088f00000, 0x0000000089000000, 0x0000000089000000|100%| E|CS|TAMS 0x0000000088f00000, 0x0000000088f00000| Complete 
| 118|0x0000000089000000, 0x0000000089100000, 0x0000000089100000|100%| E|CS|TAMS 0x0000000089000000, 0x0000000089000000| Complete 
| 119|0x0000000089100000, 0x0000000089200000, 0x0000000089200000|100%| E|CS|TAMS 0x0000000089100000, 0x0000000089100000| Complete 
| 120|0x0000000089200000, 0x0000000089300000, 0x0000000089300000|100%| E|CS|TAMS 0x0000000089200000, 0x0000000089200000| Complete 
| 121|0x0000000089300000, 0x0000000089400000, 0x0000000089400000|100%| E|CS|TAMS 0x0000000089300000, 0x0000000089300000| Complete 
| 122|0x0000000089400000, 0x0000000089500000, 0x0000000089500000|100%| E|CS|TAMS 0x0000000089400000, 0x0000000089400000| Complete 
| 123|0x0000000089500000, 0x0000000089600000, 0x0000000089600000|100%| E|CS|TAMS 0x0000000089500000, 0x0000000089500000| Complete 
| 124|0x0000000089600000, 0x0000000089700000, 0x0000000089700000|100%| E|CS|TAMS 0x0000000089600000, 0x0000000089600000| Complete 
| 125|0x0000000089700000, 0x0000000089800000, 0x0000000089800000|100%| E|CS|TAMS 0x0000000089700000, 0x0000000089700000| Complete 
| 126|0x0000000089800000, 0x0000000089900000, 0x0000000089900000|100%| E|CS|TAMS 0x0000000089800000, 0x0000000089800000| Complete 
| 127|0x0000000089900000, 0x0000000089a00000, 0x0000000089a00000|100%| E|CS|TAMS 0x0000000089900000, 0x0000000089900000| Complete 

Card table byte_map: [0x000001e9fedf0000,0x000001e9ff1f0000] _byte_map_base: 0x000001e9fe9e3000

Marking Bits (Prev, Next): (CMBitMap*) 0x000001e9f46700d8, (CMBitMap*) 0x000001e9f4670118
 Prev Bits: [0x000001e98f000000, 0x000001e990f98000)
 Next Bits: [0x000001e990fa0000, 0x000001e992f38000)

Polling page: 0x000001e9f4700000

Metaspace:

Usage:
  Non-class:     15.25 MB capacity,    14.78 MB ( 97%) used,   394.66 KB (  3%) free+waste,    83.94 KB ( <1%) overhead. 
      Class:      2.56 MB capacity,     2.26 MB ( 88%) used,   257.41 KB ( 10%) free+waste,    44.13 KB (  2%) overhead. 
       Both:     17.80 MB capacity,    17.04 MB ( 96%) used,   652.08 KB (  4%) free+waste,   128.06 KB ( <1%) overhead. 

Virtual space:
  Non-class space:       16.00 MB reserved,      15.25 MB ( 95%) committed 
      Class space:        1.00 GB reserved,       2.63 MB ( <1%) committed 
             Both:        1.02 GB reserved,      17.88 MB (  2%) committed 

Chunk freelists:
   Non-Class:  5.00 KB
       Class:  0 bytes
        Both:  5.00 KB

MaxMetaspaceSize: 17179869184.00 GB
CompressedClassSpaceSize: 1.00 GB

CodeHeap 'non-profiled nmethods': size=120064Kb used=1540Kb max_used=1540Kb free=118524Kb
 bounds [0x000001e987ac0000, 0x000001e987d30000, 0x000001e98f000000]
CodeHeap 'profiled nmethods': size=120000Kb used=7227Kb max_used=7227Kb free=112772Kb
 bounds [0x000001e980590000, 0x000001e980ca0000, 0x000001e987ac0000]
CodeHeap 'non-nmethods': size=5696Kb used=1447Kb max_used=1487Kb free=4248Kb
 bounds [0x000001e980000000, 0x000001e980270000, 0x000001e980590000]
 total_blobs=4943 nmethods=3248 adapters=677
 compilation: enabled
              stopped_count=0, restarted_count=0
 full_count=0

Compilation events (20 events):
Event: 13.977 Thread 0x000001e9ffc5b000 3253       3       javafx.animation.Animation::setCurrentTicks (20 bytes)
Event: 13.977 Thread 0x000001e9ffc5b000 nmethod 3253 0x000001e980c97490 code [0x000001e980c97640, 0x000001e980c978d0]
Event: 14.009 Thread 0x000001e9ffc5b000 3254       3       com.sun.prism.sw.SWGraphics::fillRect (649 bytes)
Event: 14.011 Thread 0x000001e9ffc5b000 nmethod 3254 0x000001e980c97990 code [0x000001e980c97e00, 0x000001e980c9a130]
Event: 14.042 Thread 0x000001e9ffc5b000 3255       3       com.sun.scenario.animation.shared.TimelineClipCore::setTime (17 bytes)
Event: 14.042 Thread 0x000001e9ffc5b000 nmethod 3255 0x000001e980c9ab90 code [0x000001e980c9ad40, 0x000001e980c9afe0]
Event: 14.042 Thread 0x000001e9ffc5b000 3256       3       javafx.animation.AnimationAccessorImpl::setCurrentTicks (6 bytes)
Event: 14.042 Thread 0x000001e9ffc5b000 nmethod 3256 0x000001e980c9b110 code [0x000001e980c9b2c0, 0x000001e980c9b650]
Event: 14.089 Thread 0x000001e9ffc5b000 3257       3       javafx.animation.Animation$1::timePulse (56 bytes)
Event: 14.090 Thread 0x000001e9ffc5b000 nmethod 3257 0x000001e980c9b790 code [0x000001e980c9ba20, 0x000001e980c9c6b0]
Event: 14.090 Thread 0x000001e9ffc5b000 3258       3       java.lang.invoke.LambdaForm$MH/0x0000000800d48440::linkToTargetMethod (10 bytes)
Event: 14.090 Thread 0x000001e9ffc5b000 nmethod 3258 0x000001e980c9cb10 code [0x000001e980c9cce0, 0x000001e980c9d160]
Event: 14.090 Thread 0x000001e9ffc5b000 3259       3       javafx.animation.Animation$1$$Lambda$308/0x0000000800d48040::get$Lambda (10 bytes)
Event: 14.090 Thread 0x000001e9ffc5b000 nmethod 3259 0x000001e980c9d290 code [0x000001e980c9d440, 0x000001e980c9d6f8]
Event: 14.169 Thread 0x000001e9ffc5b000 3260       3       com.sun.javafx.tk.quantum.MasterTimer::recordStart (8 bytes)
Event: 14.170 Thread 0x000001e9ffc5b000 nmethod 3260 0x000001e980c9d810 code [0x000001e980c9da00, 0x000001e980c9de20]
Event: 14.170 Thread 0x000001e9ffc5b000 3261       3       com.sun.scenario.animation.AnimationPulse::recordStart (27 bytes)
Event: 14.170 Thread 0x000001e9ffc5b000 nmethod 3261 0x000001e980c9df90 code [0x000001e980c9e160, 0x000001e980c9e4a0]
Event: 14.170 Thread 0x000001e9ffc5b000 3262       3       com.sun.javafx.tk.quantum.MasterTimer::recordAnimationEnd (7 bytes)
Event: 14.170 Thread 0x000001e9ffc5b000 nmethod 3262 0x000001e980c9e590 code [0x000001e980c9e780, 0x000001e980c9ecd0]

GC Heap History (2 events):
Event: 0.754 GC heap before
{Heap before GC invocations=0 (full 0):
 garbage-first heap   total 131072K, used 13312K [0x0000000081a00000, 0x0000000100000000)
  region size 1024K, 14 young (14336K), 0 survivors (0K)
 Metaspace       used 5299K, capacity 8138K, committed 8448K, reserved 1056768K
  class space    used 621K, capacity 932K, committed 1024K, reserved 1048576K
}
Event: 0.758 GC heap after
{Heap after GC invocations=1 (full 0):
 garbage-first heap   total 131072K, used 3109K [0x0000000081a00000, 0x0000000100000000)
  region size 1024K, 2 young (2048K), 2 survivors (2048K)
 Metaspace       used 5299K, capacity 8138K, committed 8448K, reserved 1056768K
  class space    used 621K, capacity 932K, committed 1024K, reserved 1048576K
}

Deoptimization events (20 events):
Event: 13.008 Thread 0x000001e995d1b800 DEOPT PACKING pc=0x000001e980c47660 sp=0x00000021839fc050
Event: 13.008 Thread 0x000001e995d1b800 DEOPT UNPACKING pc=0x000001e98004964e sp=0x00000021839fb468 mode 0
Event: 13.009 Thread 0x000001e995d1b800 DEOPT PACKING pc=0x000001e980c47660 sp=0x00000021839fc050
Event: 13.009 Thread 0x000001e995d1b800 DEOPT UNPACKING pc=0x000001e98004964e sp=0x00000021839fb468 mode 0
Event: 13.010 Thread 0x000001e995d1b800 DEOPT PACKING pc=0x000001e980c47660 sp=0x00000021839fba20
Event: 13.010 Thread 0x000001e995d1b800 DEOPT UNPACKING pc=0x000001e98004964e sp=0x00000021839fae38 mode 0
Event: 13.050 Thread 0x000001e995d1b800 DEOPT PACKING pc=0x000001e980c47660 sp=0x00000021839fc050
Event: 13.050 Thread 0x000001e995d1b800 DEOPT UNPACKING pc=0x000001e98004964e sp=0x00000021839fb468 mode 0
Event: 13.051 Thread 0x000001e995d1b800 Uncommon trap: trap_request=0xffffffbe fr.pc=0x000001e987c1c734 relative=0x0000000000001c34
Event: 13.051 Thread 0x000001e995d1b800 Uncommon trap: reason=profile_predicate action=maybe_recompile pc=0x000001e987c1c734 method=com.sun.prism.impl.shape.DMarlinPrismUtils.feedConsumer(Lcom/sun/marlin/DRendererContext;Lcom/sun/javafx/geom/Path2D;Lcom/sun/javafx/geom/transform/BaseTransform;L
Event: 13.051 Thread 0x000001e995d1b800 DEOPT PACKING pc=0x000001e987c1c734 sp=0x00000021839fa880
Event: 13.051 Thread 0x000001e995d1b800 DEOPT UNPACKING pc=0x000001e98004912f sp=0x00000021839fa860 mode 2
Event: 13.051 Thread 0x000001e995d1b800 DEOPT PACKING pc=0x000001e980c47b02 sp=0x00000021839fa7b0
Event: 13.051 Thread 0x000001e995d1b800 DEOPT UNPACKING pc=0x000001e98004964e sp=0x00000021839f9bc8 mode 0
Event: 13.546 Thread 0x000001e995d1b800 DEOPT PACKING pc=0x000001e980c47b02 sp=0x00000021839fab50
Event: 13.546 Thread 0x000001e995d1b800 DEOPT UNPACKING pc=0x000001e98004964e sp=0x00000021839f9f68 mode 0
Event: 13.764 Thread 0x000001e995d1b800 Uncommon trap: trap_request=0xffffffbe fr.pc=0x000001e987c1c734 relative=0x0000000000001c34
Event: 13.764 Thread 0x000001e995d1b800 Uncommon trap: reason=profile_predicate action=maybe_recompile pc=0x000001e987c1c734 method=com.sun.prism.impl.shape.DMarlinPrismUtils.feedConsumer(Lcom/sun/marlin/DRendererContext;Lcom/sun/javafx/geom/Path2D;Lcom/sun/javafx/geom/transform/BaseTransform;L
Event: 13.764 Thread 0x000001e995d1b800 DEOPT PACKING pc=0x000001e987c1c734 sp=0x00000021839fa880
Event: 13.764 Thread 0x000001e995d1b800 DEOPT UNPACKING pc=0x000001e98004912f sp=0x00000021839fa860 mode 2

Classes unloaded (0 events):
No events

Classes redefined (0 events):
No events

Internal exceptions (20 events):
Event: 1.310 Thread 0x000001e99602f800 Exception <a 'java/lang/NoSuchMethodError'{0x00000000886888f8}: 'java.lang.Object java.lang.invoke.Invokers$Holder.linkToTargetMethod(java.lang.Object, int, java.lang.Object)'> (0x00000000886888f8) 
thrown [t:/workspace/open/src/hotspot/share/interpreter/linkResolver.cpp, line 767]
Event: 1.334 Thread 0x000001e99602f800 Exception <a 'java/lang/NoSuchMethodError'{0x00000000885153f0}: 'java.lang.Object java.lang.invoke.DirectMethodHandle$Holder.invokeInterface(java.lang.Object, java.lang.Object, java.lang.Object)'> (0x00000000885153f0) 
thrown [t:/workspace/open/src/hotspot/share/interpreter/linkResolver.cpp, line 767]
Event: 1.335 Thread 0x000001e99602f800 Exception <a 'java/lang/IncompatibleClassChangeError'{0x0000000088518280}: Found class java.lang.Object, but interface was expected> (0x0000000088518280) 
thrown [t:/workspace/open/src/hotspot/share/interpreter/linkResolver.cpp, line 833]
Event: 1.405 Thread 0x000001e99602f800 Implicit null exception at 0x000001e987b20c05 to 0x000001e987b20f9e
Event: 1.405 Thread 0x000001e99602f800 Implicit null exception at 0x000001e987b1f868 to 0x000001e987b1f8fa
Event: 1.406 Thread 0x000001e99602f800 Implicit null exception at 0x000001e987b04d2f to 0x000001e987b04dad
Event: 1.447 Thread 0x000001e995d1b800 Exception <a 'java/lang/NoSuchMethodError'{0x0000000088296cc0}: 'int java.lang.invoke.DirectMethodHandle$Holder.invokeStaticInit(java.lang.Object, java.lang.Object)'> (0x0000000088296cc0) 
thrown [t:/workspace/open/src/hotspot/share/interpreter/linkResolver.cpp, line 767]
Event: 4.863 Thread 0x000001e99602f800 Implicit null exception at 0x000001e987b21504 to 0x000001e987b21b16
Event: 4.863 Thread 0x000001e99602f800 Exception <a 'java/io/FileNotFoundException'{0x0000000087e00888}> (0x0000000087e00888) 
thrown [t:/workspace/open/src/hotspot/share/prims/jni.cpp, line 598]
Event: 4.877 Thread 0x000001e99602f800 Exception <a 'java/io/FileNotFoundException'{0x0000000087e12818}> (0x0000000087e12818) 
thrown [t:/workspace/open/src/hotspot/share/prims/jni.cpp, line 598]
Event: 4.878 Thread 0x000001e99602f800 Exception <a 'java/io/FileNotFoundException'{0x0000000087e212f8}> (0x0000000087e212f8) 
thrown [t:/workspace/open/src/hotspot/share/prims/jni.cpp, line 598]
Event: 4.892 Thread 0x000001e99602f800 Exception <a 'java/io/FileNotFoundException'{0x0000000087e32d98}> (0x0000000087e32d98) 
thrown [t:/workspace/open/src/hotspot/share/prims/jni.cpp, line 598]
Event: 4.900 Thread 0x000001e99602f800 Exception <a 'java/lang/NoSuchMethodError'{0x0000000087e9bab0}: 'long java.lang.invoke.DirectMethodHandle$Holder.invokeStatic(java.lang.Object, java.lang.Object, java.lang.Object)'> (0x0000000087e9bab0) 
thrown [t:/workspace/open/src/hotspot/share/interpreter/linkResolver.cpp, line 767]
Event: 4.901 Thread 0x000001e99602f800 Exception <a 'java/lang/NoSuchMethodError'{0x0000000087e9e758}: 'long java.lang.invoke.DirectMethodHandle$Holder.invokeStaticInit(java.lang.Object, java.lang.Object, java.lang.Object)'> (0x0000000087e9e758) 
thrown [t:/workspace/open/src/hotspot/share/interpreter/linkResolver.cpp, line 767]
Event: 4.902 Thread 0x000001e99602f800 Exception <a 'java/lang/NoSuchMethodError'{0x0000000087eb2ad8}: 'java.lang.Object java.lang.invoke.Invokers$Holder.linkToTargetMethod(java.lang.Object, long, java.lang.Object)'> (0x0000000087eb2ad8) 
thrown [t:/workspace/open/src/hotspot/share/interpreter/linkResolver.cpp, line 767]
Event: 5.076 Thread 0x000001e99602f800 Exception <a 'java/lang/NoSuchMethodError'{0x00000000876bf6c8}: 'java.lang.Object java.lang.invoke.DirectMethodHandle$Holder.invokeStatic(java.lang.Object, java.lang.Object, int, int)'> (0x00000000876bf6c8) 
thrown [t:/workspace/open/src/hotspot/share/interpreter/linkResolver.cpp, line 767]
Event: 5.076 Thread 0x000001e99602f800 Exception <a 'java/lang/NoSuchMethodError'{0x00000000876c56f0}: 'java.lang.Object java.lang.invoke.Invokers$Holder.linkToTargetMethod(java.lang.Object, int, int, java.lang.Object)'> (0x00000000876c56f0) 
thrown [t:/workspace/open/src/hotspot/share/interpreter/linkResolver.cpp, line 767]
Event: 6.598 Thread 0x000001e995d1b800 Exception <a 'java/lang/NoSuchMethodError'{0x00000000874aab88}: 'java.lang.Object java.lang.invoke.DirectMethodHandle$Holder.invokeStaticInit(java.lang.Object, int)'> (0x00000000874aab88) 
thrown [t:/workspace/open/src/hotspot/share/interpreter/linkResolver.cpp, line 767]
Event: 7.561 Thread 0x000001e99602f800 Implicit null exception at 0x000001e987bb72e8 to 0x000001e987bb9bce
Event: 7.561 Thread 0x000001e99602f800 Implicit null exception at 0x000001e987bb3959 to 0x000001e987bb42ea

Events (20 events):
Event: 12.968 loading class com/sun/javafx/scene/text/TextLayout$Hit done
Event: 12.968 loading class javafx/scene/text/HitInfo
Event: 12.968 loading class javafx/scene/text/HitInfo done
Event: 12.969 loading class java/text/StringCharacterIterator
Event: 12.969 loading class java/text/StringCharacterIterator done
Event: 12.969 loading class javafx/scene/input/MouseEvent$1
Event: 12.969 loading class javafx/scene/input/MouseEvent$1 done
Event: 12.969 loading class javafx/scene/control/TextFormatter$Change
Event: 12.969 loading class javafx/scene/control/TextFormatter$Change done
Event: 12.969 loading class javafx/scene/control/TextInputControl$TextInputControlFromatterAccessor
Event: 12.969 loading class javafx/scene/control/TextInputControl$TextInputControlFromatterAccessor done
Event: 13.086 Thread 0x000001e996773800 Thread added: 0x000001e996773800
Event: 13.226 Thread 0x000001e996928000 Thread added: 0x000001e996928000
Event: 13.255 Thread 0x000001e996773800 Thread exited: 0x000001e996773800
Event: 13.742 loading class com/sun/javafx/tk/quantum/GlassViewEventHandler
Event: 13.742 loading class com/sun/javafx/tk/quantum/GlassViewEventHandler done
Event: 13.742 loading class com/sun/javafx/scene/input/KeyCodeMap
Event: 13.742 loading class com/sun/javafx/scene/input/KeyCodeMap done
Event: 13.755 loading class com/sun/prism/shape/ShapeRep$InvalidationType
Event: 13.755 loading class com/sun/prism/shape/ShapeRep$InvalidationType done


Dynamic libraries:
0x00007ff7e6ae0000 - 0x00007ff7e6aef000 	C:\Program Files\Java\jdk-13\bin\java.exe
0x00007ff868120000 - 0x00007ff868301000 	C:\WINDOWS\SYSTEM32\ntdll.dll
0x00007ff867f20000 - 0x00007ff867fd1000 	C:\WINDOWS\System32\KERNEL32.DLL
0x00007ff864e00000 - 0x00007ff865073000 	C:\WINDOWS\System32\KERNELBASE.dll
0x00007ff864260000 - 0x00007ff864358000 	C:\WINDOWS\System32\ucrtbase.dll
0x00007ff85cc40000 - 0x00007ff85cc58000 	C:\Program Files\Java\jdk-13\bin\jli.dll
0x00007ff865470000 - 0x00007ff865511000 	C:\WINDOWS\System32\ADVAPI32.dll
0x00007ff867cf0000 - 0x00007ff867d8e000 	C:\WINDOWS\System32\msvcrt.dll
0x00007ff867ad0000 - 0x00007ff867b2b000 	C:\WINDOWS\System32\sechost.dll
0x00007ff865cd0000 - 0x00007ff865df4000 	C:\WINDOWS\System32\RPCRT4.dll
0x00007ff85cc20000 - 0x00007ff85cc35000 	C:\Program Files\Java\jdk-13\bin\VCRUNTIME140.dll
0x00007ff867d90000 - 0x00007ff867f20000 	C:\WINDOWS\System32\USER32.dll
0x00007ff8641f0000 - 0x00007ff864210000 	C:\WINDOWS\System32\win32u.dll
0x00007ff8680c0000 - 0x00007ff8680e8000 	C:\WINDOWS\System32\GDI32.dll
0x00007ff864360000 - 0x00007ff8644f1000 	C:\WINDOWS\System32\gdi32full.dll
0x00007ff864650000 - 0x00007ff8646ef000 	C:\WINDOWS\System32\msvcp_win.dll
0x00007ff83dcc0000 - 0x00007ff83df29000 	C:\WINDOWS\WinSxS\amd64_microsoft.windows.common-controls_6595b64144ccf1df_6.0.17134.885_none_fb42a3473065565f\COMCTL32.dll
0x00007ff865800000 - 0x00007ff865b22000 	C:\WINDOWS\System32\combase.dll
0x00007ff865140000 - 0x00007ff8651b9000 	C:\WINDOWS\System32\bcryptPrimitives.dll
0x00007ff85ba70000 - 0x00007ff85ba7a000 	C:\WINDOWS\SYSTEM32\VERSION.dll
0x00007ff866360000 - 0x00007ff86638d000 	C:\WINDOWS\System32\IMM32.DLL
0x00007ff83d220000 - 0x00007ff83d2bb000 	C:\Program Files\Java\jdk-13\bin\msvcp140.dll
0x00007ff80d2b0000 - 0x00007ff80de16000 	C:\Program Files\Java\jdk-13\bin\server\jvm.dll
0x00007ff8645c0000 - 0x00007ff8645e3000 	C:\WINDOWS\System32\WINMM.dll
0x00007ff8641a0000 - 0x00007ff8641ca000 	C:\WINDOWS\System32\WINMMBASE.dll
0x00007ff864210000 - 0x00007ff864259000 	C:\WINDOWS\System32\cfgmgr32.dll
0x00007ff8655f0000 - 0x00007ff8655f8000 	C:\WINDOWS\System32\PSAPI.DLL
0x00007ff84e190000 - 0x00007ff84e199000 	C:\WINDOWS\SYSTEM32\WSOCK32.dll
0x00007ff865400000 - 0x00007ff86546c000 	C:\WINDOWS\System32\WS2_32.dll
0x00007ff864150000 - 0x00007ff864161000 	C:\WINDOWS\System32\kernel.appcore.dll
0x00007ff85e0c0000 - 0x00007ff85e0d0000 	C:\Program Files\Java\jdk-13\bin\verify.dll
0x00007ff861e60000 - 0x00007ff862029000 	C:\WINDOWS\SYSTEM32\DBGHELP.DLL
0x00007ff842930000 - 0x00007ff842959000 	C:\WINDOWS\SYSTEM32\dbgcore.DLL
0x00007ff842360000 - 0x00007ff842386000 	C:\Program Files\Java\jdk-13\bin\java.dll
0x00007ff85cc00000 - 0x00007ff85cc17000 	C:\Program Files\Java\jdk-13\bin\zip.dll
0x00007ff85cbe0000 - 0x00007ff85cbea000 	C:\Program Files\Java\jdk-13\bin\jimage.dll
0x00007ff866500000 - 0x00007ff867940000 	C:\WINDOWS\System32\SHELL32.dll
0x00007ff868010000 - 0x00007ff8680b9000 	C:\WINDOWS\System32\shcore.dll
0x00007ff8646f0000 - 0x00007ff864dfd000 	C:\WINDOWS\System32\windows.storage.dll
0x00007ff867c30000 - 0x00007ff867c81000 	C:\WINDOWS\System32\shlwapi.dll
0x00007ff864170000 - 0x00007ff86418f000 	C:\WINDOWS\System32\profapi.dll
0x00007ff8653b0000 - 0x00007ff8653fc000 	C:\WINDOWS\System32\powrprof.dll
0x00007ff864190000 - 0x00007ff86419a000 	C:\WINDOWS\System32\FLTLIB.DLL
0x00007ff85c010000 - 0x00007ff85c029000 	C:\Program Files\Java\jdk-13\bin\net.dll
0x00007ff85f7d0000 - 0x00007ff85f8ad000 	C:\WINDOWS\SYSTEM32\WINHTTP.dll
0x00007ff85a0a0000 - 0x00007ff85a269000 	C:\WINDOWS\SYSTEM32\urlmon.dll
0x00007ff857890000 - 0x00007ff857b36000 	C:\WINDOWS\SYSTEM32\iertutil.dll
0x00007ff863b20000 - 0x00007ff863b2b000 	C:\WINDOWS\SYSTEM32\CRYPTBASE.DLL
0x00007ff863950000 - 0x00007ff8639b6000 	C:\WINDOWS\system32\mswsock.dll
0x00007ff863940000 - 0x00007ff86394a000 	C:\WINDOWS\system32\wshqos.dll
0x00007ff863930000 - 0x00007ff863938000 	C:\WINDOWS\SYSTEM32\wshtcpip.DLL
0x00007ff863920000 - 0x00007ff863928000 	C:\WINDOWS\SYSTEM32\wship6.dll
0x00007ff85b7b0000 - 0x00007ff85b7c3000 	C:\Program Files\Java\jdk-13\bin\nio.dll
0x00007ff851bf0000 - 0x00007ff851c0a000 	D:\Program Files\JetBrains\IntelliJ IDEA 2019.1\bin\breakgen64.dll
0x000001e9ffd30000 - 0x000001e9ffd33000 	D:\javafx-sdk-13\bin\api-ms-win-core-console-l1-1-0.dll
0x000001e9ffd40000 - 0x000001e9ffd43000 	D:\javafx-sdk-13\bin\api-ms-win-core-datetime-l1-1-0.dll
0x000001e9ffd50000 - 0x000001e9ffd53000 	D:\javafx-sdk-13\bin\api-ms-win-core-debug-l1-1-0.dll
0x000001e9ffd60000 - 0x000001e9ffd63000 	D:\javafx-sdk-13\bin\api-ms-win-core-errorhandling-l1-1-0.dll
0x000001e9ffd70000 - 0x000001e9ffd74000 	D:\javafx-sdk-13\bin\api-ms-win-core-file-l1-1-0.dll
0x000001e9ffd80000 - 0x000001e9ffd83000 	D:\javafx-sdk-13\bin\api-ms-win-core-file-l1-2-0.dll
0x000001e9ffd90000 - 0x000001e9ffd93000 	D:\javafx-sdk-13\bin\api-ms-win-core-file-l2-1-0.dll
0x000001e9ffda0000 - 0x000001e9ffda3000 	D:\javafx-sdk-13\bin\api-ms-win-core-handle-l1-1-0.dll
0x000001e9ffdb0000 - 0x000001e9ffdb3000 	D:\javafx-sdk-13\bin\api-ms-win-core-heap-l1-1-0.dll
0x000001e9ffdc0000 - 0x000001e9ffdc3000 	D:\javafx-sdk-13\bin\api-ms-win-core-interlocked-l1-1-0.dll
0x000001e9ffdd0000 - 0x000001e9ffdd3000 	D:\javafx-sdk-13\bin\api-ms-win-core-libraryloader-l1-1-0.dll
0x000001e9ffde0000 - 0x000001e9ffde3000 	D:\javafx-sdk-13\bin\api-ms-win-core-localization-l1-2-0.dll
0x000001e9ffdf0000 - 0x000001e9ffdf3000 	D:\javafx-sdk-13\bin\api-ms-win-core-memory-l1-1-0.dll
0x000001e9ffe00000 - 0x000001e9ffe03000 	D:\javafx-sdk-13\bin\api-ms-win-core-namedpipe-l1-1-0.dll
0x000001e9ffe10000 - 0x000001e9ffe13000 	D:\javafx-sdk-13\bin\api-ms-win-core-processenvironment-l1-1-0.dll
0x000001e9ffe20000 - 0x000001e9ffe23000 	D:\javafx-sdk-13\bin\api-ms-win-core-processthreads-l1-1-0.dll
0x000001e9ffe30000 - 0x000001e9ffe33000 	D:\javafx-sdk-13\bin\api-ms-win-core-processthreads-l1-1-1.dll
0x000001e9ffe40000 - 0x000001e9ffe43000 	D:\javafx-sdk-13\bin\api-ms-win-core-profile-l1-1-0.dll
0x000001e9ffe50000 - 0x000001e9ffe53000 	D:\javafx-sdk-13\bin\api-ms-win-core-rtlsupport-l1-1-0.dll
0x000001e9ffe60000 - 0x000001e9ffe63000 	D:\javafx-sdk-13\bin\api-ms-win-core-string-l1-1-0.dll
0x000001e9ffe70000 - 0x000001e9ffe73000 	D:\javafx-sdk-13\bin\api-ms-win-core-synch-l1-1-0.dll
0x000001e9ffe80000 - 0x000001e9ffe83000 	D:\javafx-sdk-13\bin\api-ms-win-core-synch-l1-2-0.dll
0x000001e9ffe90000 - 0x000001e9ffe93000 	D:\javafx-sdk-13\bin\api-ms-win-core-sysinfo-l1-1-0.dll
0x000001e9ffea0000 - 0x000001e9ffea3000 	D:\javafx-sdk-13\bin\api-ms-win-core-timezone-l1-1-0.dll
0x000001e9ffeb0000 - 0x000001e9ffeb3000 	D:\javafx-sdk-13\bin\api-ms-win-core-util-l1-1-0.dll
0x000001e9ffec0000 - 0x000001e9ffec3000 	D:\javafx-sdk-13\bin\api-ms-win-crt-conio-l1-1-0.dll
0x000001e9ffed0000 - 0x000001e9ffed4000 	D:\javafx-sdk-13\bin\api-ms-win-crt-convert-l1-1-0.dll
0x000001e9ffee0000 - 0x000001e9ffee3000 	D:\javafx-sdk-13\bin\api-ms-win-crt-environment-l1-1-0.dll
0x000001e9ffef0000 - 0x000001e9ffef3000 	D:\javafx-sdk-13\bin\api-ms-win-crt-filesystem-l1-1-0.dll
0x000001e9fff00000 - 0x000001e9fff03000 	D:\javafx-sdk-13\bin\api-ms-win-crt-heap-l1-1-0.dll
0x000001e9fff10000 - 0x000001e9fff13000 	D:\javafx-sdk-13\bin\api-ms-win-crt-locale-l1-1-0.dll
0x000001e9fff20000 - 0x000001e9fff25000 	D:\javafx-sdk-13\bin\api-ms-win-crt-math-l1-1-0.dll
0x000001e9fff30000 - 0x000001e9fff35000 	D:\javafx-sdk-13\bin\api-ms-win-crt-multibyte-l1-1-0.dll
0x000001e9fff40000 - 0x000001e9fff50000 	D:\javafx-sdk-13\bin\api-ms-win-crt-private-l1-1-0.dll
0x000001e9fff50000 - 0x000001e9fff53000 	D:\javafx-sdk-13\bin\api-ms-win-crt-process-l1-1-0.dll
0x000001e9fff60000 - 0x000001e9fff64000 	D:\javafx-sdk-13\bin\api-ms-win-crt-runtime-l1-1-0.dll
0x000001e9fff70000 - 0x000001e9fff74000 	D:\javafx-sdk-13\bin\api-ms-win-crt-stdio-l1-1-0.dll
0x000001e9fff80000 - 0x000001e9fff84000 	D:\javafx-sdk-13\bin\api-ms-win-crt-string-l1-1-0.dll
0x000001e9fff90000 - 0x000001e9fff93000 	D:\javafx-sdk-13\bin\api-ms-win-crt-time-l1-1-0.dll
0x000001e9fffa0000 - 0x000001e9fffa3000 	D:\javafx-sdk-13\bin\api-ms-win-crt-utility-l1-1-0.dll
0x00007ff82d250000 - 0x00007ff82d34c000 	D:\javafx-sdk-13\bin\ucrtbase.dll
0x00007ff851ae0000 - 0x00007ff851af5000 	D:\javafx-sdk-13\bin\vcruntime140.dll
0x00007ff82cff0000 - 0x00007ff82d08b000 	D:\javafx-sdk-13\bin\msvcp140.dll
0x00007ff82e7b0000 - 0x00007ff82e801000 	D:\javafx-sdk-13\bin\concrt140.dll
0x00007ff83cf30000 - 0x00007ff83cf53000 	D:\javafx-sdk-13\bin\prism_d3d.dll
0x00007ff829e00000 - 0x00007ff829f97000 	C:\WINDOWS\system32\d3d9.dll
0x00007ff862700000 - 0x00007ff862729000 	C:\WINDOWS\SYSTEM32\dwmapi.dll
0x00007ff8625c0000 - 0x00007ff862658000 	C:\WINDOWS\system32\uxtheme.dll
0x00007ff843e30000 - 0x00007ff843e4c000 	D:\javafx-sdk-13\bin\prism_sw.dll
0x00007ff829810000 - 0x00007ff829855000 	D:\javafx-sdk-13\bin\glass.dll
0x00007ff867940000 - 0x00007ff867a2d000 	C:\WINDOWS\System32\COMDLG32.dll
0x00007ff866390000 - 0x00007ff8664e1000 	C:\WINDOWS\System32\ole32.dll
0x00007ff865520000 - 0x00007ff8655e2000 	C:\WINDOWS\System32\OLEAUT32.dll
0x00007ff865b50000 - 0x00007ff865cc3000 	C:\WINDOWS\System32\MSCTF.dll
0x00007ff841720000 - 0x00007ff841734000 	D:\javafx-sdk-13\bin\javafx_font.dll
0x00007ff822720000 - 0x00007ff8228b9000 	C:\Program Files\Java\jdk-13\bin\awt.dll
0x00007ff8612c0000 - 0x00007ff861887000 	C:\WINDOWS\SYSTEM32\d2d1.dll
0x00007ff862190000 - 0x00007ff86221b000 	C:\WINDOWS\SYSTEM32\apphelp.dll
0x00007ff83d700000 - 0x00007ff83d820000 	C:\WINDOWS\system32\opengl32.dll
0x00007ff850c70000 - 0x00007ff850c9c000 	C:\WINDOWS\SYSTEM32\GLU32.dll
0x00007ff843430000 - 0x00007ff84374a000 	C:\WINDOWS\SYSTEM32\dwrite.dll
0x00007ff867a30000 - 0x00007ff867ad0000 	C:\WINDOWS\System32\clbcatq.dll
0x00007ff858390000 - 0x00007ff85853e000 	C:\WINDOWS\SYSTEM32\WindowsCodecs.dll
0x00007ff840610000 - 0x00007ff840668000 	C:\WINDOWS\system32\dataexchange.dll
0x00007ff860f10000 - 0x00007ff86121b000 	C:\WINDOWS\system32\d3d11.dll
0x00007ff865080000 - 0x00007ff86513b000 	C:\WINDOWS\System32\dxgi.dll
0x00007ff861890000 - 0x00007ff861a2c000 	C:\WINDOWS\system32\dcomp.dll
0x00007ff862780000 - 0x00007ff862938000 	C:\WINDOWS\system32\twinapi.appcore.dll
0x00007ff8626a0000 - 0x00007ff8626c1000 	C:\WINDOWS\system32\RMCLIENT.dll
0x00007ff83b950000 - 0x00007ff83b984000 	C:\Program Files\Common Files\Microsoft Shared\Ink\rtscom.dll
0x00007ff858540000 - 0x00007ff8585d6000 	C:\WINDOWS\System32\TextInputFramework.dll
0x00007ff857e00000 - 0x00007ff85811e000 	C:\WINDOWS\System32\CoreUIComponents.dll
0x00007ff861d80000 - 0x00007ff861e5a000 	C:\WINDOWS\System32\CoreMessaging.dll
0x00007ff863200000 - 0x00007ff863231000 	C:\WINDOWS\SYSTEM32\ntmarta.dll

dbghelp: loaded successfully - version: 4.0.5 - missing functions: none
symbol engine: initialized successfully - sym options: 0x614 - pdb path: .;C:\Program Files\Java\jdk-13\bin;C:\WINDOWS\SYSTEM32;C:\WINDOWS\WinSxS\amd64_microsoft.windows.common-controls_6595b64144ccf1df_6.0.17134.885_none_fb42a3473065565f;C:\Program Files\Java\jdk-13\bin\server;D:\Program Files\JetBrains\IntelliJ IDEA 2019.1\bin;D:\javafx-sdk-13\bin;C:\WINDOWS\System32\DriverStore\FileRepository\nvlt.inf_amd64_d03cf07457eb2e04;C:\Program Files\Common Files\Microsoft Shared\Ink;C:\Program Files (x86)\SogouInput\9.4.0.3336;C:\Program Files (x86)\SogouInput\Components\PicFace\1.1.0.1867;C:\Program Files (x86)\SogouInput\Components\VoiceInput\1.0.0.163

VM Arguments:
jvm_args: -Didea.launcher.port=12579 -Didea.launcher.bin.path=D:\Program Files\JetBrains\IntelliJ IDEA 2019.1\bin -Dfile.encoding=UTF-8 
java_command: com.intellij.rt.execution.application.AppMainV2 com.server.Main_window
java_class_path (initial): D:\IntelliJProjects\2\out\production\2;C:\Users\10698\Desktop\RXTXcomm.jar;D:\javafx-sdk-13\lib\src.zip;D:\javafx-sdk-13\lib\javafx-swt.jar;D:\javafx-sdk-13\lib\javafx.web.jar;D:\javafx-sdk-13\lib\javafx.base.jar;D:\javafx-sdk-13\lib\javafx.fxml.jar;D:\javafx-sdk-13\lib\javafx.media.jar;D:\javafx-sdk-13\lib\javafx.swing.jar;D:\javafx-sdk-13\lib\javafx.controls.jar;D:\javafx-sdk-13\lib\javafx.graphics.jar;D:\Program Files\JetBrains\IntelliJ IDEA 2019.1\lib\idea_rt.jar
Launcher Type: SUN_STANDARD

[Global flags]
     intx CICompilerCount                          = 3                                         {product} {ergonomic}
     uint ConcGCThreads                            = 1                                         {product} {ergonomic}
     uint G1ConcRefinementThreads                  = 4                                         {product} {ergonomic}
   size_t G1HeapRegionSize                         = 1048576                                   {product} {ergonomic}
    uintx GCDrainStackTargetSize                   = 64                                        {product} {ergonomic}
   size_t InitialHeapSize                          = 134217728                                 {product} {ergonomic}
   size_t MarkStackSize                            = 4194304                                   {product} {ergonomic}
   size_t MaxHeapSize                              = 2120220672                                {product} {ergonomic}
   size_t MaxNewSize                               = 1271922688                                {product} {ergonomic}
   size_t MinHeapDeltaBytes                        = 1048576                                   {product} {ergonomic}
   size_t MinHeapSize                              = 8388608                                   {product} {ergonomic}
    uintx NonNMethodCodeHeapSize                   = 5830732                                {pd product} {ergonomic}
    uintx NonProfiledCodeHeapSize                  = 122913754                              {pd product} {ergonomic}
    uintx ProfiledCodeHeapSize                     = 122913754                              {pd product} {ergonomic}
    uintx ReservedCodeCacheSize                    = 251658240                              {pd product} {ergonomic}
     bool SegmentedCodeCache                       = true                                      {product} {ergonomic}
   size_t SoftMaxHeapSize                          = 2120220672                             {manageable} {ergonomic}
     bool UseCompressedClassPointers               = true                                 {lp64_product} {ergonomic}
     bool UseCompressedOops                        = true                                 {lp64_product} {ergonomic}
     bool UseG1GC                                  = true                                      {product} {ergonomic}
     bool UseLargePagesIndividualAllocation        = false                                  {pd product} {ergonomic}

Logging:
Log output configuration:
 #0: stdout all=warning uptime,level,tags
 #1: stderr all=off uptime,level,tags

Environment Variables:
JAVA_HOME=C:\Program Files\Java\jdk1.8.0_91\
CLASSPATH=C:\Program Files\Java\jdk1.8.0_91\\lib;C:\Program Files\Java\jdk1.8.0_91\\lib\tools.jar
PATH=D:\CTEX\CTeX;D:\CTEX\CTeX\Packages\ctex\bin;D:\CTEX\CTeX;D:\CTEX\CTeX\Packages\cct\bin;D:\CTEX\CTeX;D:\CTEX\CTeX\Packages\ty\bin;D:\CTEX\UserData\miktex\bin;D:\CTEX\MiKTeX\miktex\bin;D:\CTEX\CTeX;D:\CTEX\CTeX\Packages\ctex\bin;D:\CTEX\CTeX;D:\CTEX\CTeX\Packages\cct\bin;D:\CTEX\CTeX;D:\CTEX\CTeX\Packages\ty\bin;D:\CTEX\Ghostscript\gs9.18\bin;D:\CTEX\GSview\gsview;D:\CTEX\WinEdt;C:\Users\10698\AppData\Local\Programs\Python\Python37;C:\Users\10698\AppData\Local\Programs\Python\Python37\Scripts;D:\Program Files\MATLAB\R2018a\runtime\win64;D:\Program Files\MATLAB\R2018a\bin;C:\WINDOWS\system32;C:\WINDOWS;C:\WINDOWS\System32\Wbem;C:\Program Files\Java\jdk1.8.0_91\\bin;D:\Redis;D:\nwjs-v0.36.0-beta1-win-x64;D:\Program Files\nodejs\;C:\Program Files\Microsoft SQL Server\Client SDK\ODBC\130\Tools\Binn\;C:\Program Files (x86)\Microsoft SQL Server\140\Tools\Binn\;C:\Program Files\Microsoft SQL Server\140\Tools\Binn\;C:\Program Files\Microsoft SQL Server\140\DTS\Binn\;C:\Program Files (x86)\Microsoft SQL Server\Client SDK\ODBC\130\Tools\Binn\;C:\Program Files (x86)\Microsoft SQL Server\140\DTS\Binn\;C:\Program Files (x86)\Microsoft SQL Server\140\Tools\Binn\ManagementStudio\;C:\Program Files\Git\cmd;C:\Users\10698\Anaconda3;C:\Users\10698\Anaconda3\Library\mingw-w64\bin;C:\Users\10698\Anaconda3\Library\usr\bin;C:\Users\10698\Anaconda3\Library\bin;C:\Users\10698\Anaconda3\Scripts;C:\Users\10698\AppData\Local\Microsoft\WindowsApps;C:\Program Files\Intel\WiFi\bin\;C:\Program Files\Common Files\Intel\WirelessCommon\;C:\geckodriver;C:\Program Files\JetBrains\PyCharm Community Edition 2018.3\bin;;D:\MiKTeX 2.9\miktex\bin\x64\;D:\Program Files\JetBrains\PyCharm 2018.3.2\bin;;C:\Users\10698\AppData\Roaming\npm;D:\Program Files\JetBrains\IntelliJ IDEA 2019.1\bin;
USERNAME=10698
OS=Windows_NT
PROCESSOR_IDENTIFIER=Intel64 Family 6 Model 158 Stepping 9, GenuineIntel



---------------  S Y S T E M  ---------------

OS: Windows 10 , 64 bit Build 17134 (10.0.17134.753)

CPU:total 4 (initial active 4) (4 cores per cpu, 1 threads per core) family 6 model 158 stepping 9, cmov, cx8, fxsr, mmx, sse, sse2, sse3, ssse3, sse4.1, sse4.2, popcnt, avx, avx2, aes, clmul, erms, 3dnowpref, lzcnt, tsc, tscinvbit, bmi1, bmi2, adx, fma

Memory: 4k page, system-wide physical 8084M (428M free)
TotalPageFile size 13988M (AvailPageFile size 1799M)
current process WorkingSet (physical memory assigned to process): 150M, peak: 175M
current process commit charge ("private bytes"): 254M, peak: 281M

vm_info: Java HotSpot(TM) 64-Bit Server VM (13+33) for windows-amd64 JRE (13+33), built on Sep 18 2019 21:38:00 by "mach5one" with unknown MS VC++:1916

END.
