#
# A fatal error has been detected by the Java Runtime Environment:
#
#  EXCEPTION_ACCESS_VIOLATION (0xc0000005) at pc=0x0000000180005b00, pid=11112, tid=15180
#
# JRE version: Java(TM) SE Runtime Environment (13.0+33) (build 13+33)
# Java VM: Java HotSpot(TM) 64-Bit Server VM (13+33, mixed mode, sharing, tiered, compressed oops, g1 gc, windows-amd64)
# Problematic frame:
# C  0x0000000180005b00
#
# No core dump will be written. Minidumps are not enabled by default on client versions of Windows
#
# If you would like to submit a bug report, please visit:
#   http://bugreport.java.com/bugreport/crash.jsp
# The crash happened outside the Java Virtual Machine in native code.
# See problematic frame for where to report the bug.
#

---------------  S U M M A R Y ------------

Command Line: -Didea.launcher.port=12669 -Didea.launcher.bin.path=D:\Program Files\JetBrains\IntelliJ IDEA 2019.1\bin -Dfile.encoding=UTF-8 com.intellij.rt.execution.application.AppMainV2 com.server.Main_window

Host: Intel(R) Core(TM) i5-7300HQ CPU @ 2.50GHz, 4 cores, 7G,  Windows 10 , 64 bit Build 17134 (10.0.17134.753)
Time: Sat Sep 21 22:18:59 2019 ?D1¨²¡À¨º¡Á?¨º¡À?? elapsed time: 92 seconds (0d 0h 1m 32s)

---------------  T H R E A D  ---------------

Current thread (0x0000020331e6a000):  JavaThread "Thread-3" [_thread_in_native, id=15180, stack(0x000000c814700000,0x000000c814800000)]

Stack: [0x000000c814700000,0x000000c814800000],  sp=0x000000c8147fe0e0,  free space=1016k
Native frames: (J=compiled Java code, j=interpreted, Vv=VM code, C=native code)
C  0x0000000180005b00

Java frames: (J=compiled Java code, j=interpreted, Vv=VM code)
j  gnu.io.RXTXPort.readArray([BII)I+0
j  gnu.io.RXTXPort$SerialInputStream.read([BII)I+212
j  gnu.io.RXTXPort$SerialInputStream.read([B)I+60
j  com.server.modules.serial_port.SerialPortManager.readFromPort(Lgnu/io/SerialPort;)[B+17
j  com.server.Main_window$1.dataAvailable()V+27
j  com.server.modules.serial_port.SerialPortManager$SerialPortListener.serialEvent(Lgnu/io/SerialPortEvent;)V+71
j  gnu.io.RXTXPort.sendEvent(IZ)Z+382
v  ~StubRoutines::call_stub
j  gnu.io.RXTXPort.eventLoop()V+0
j  gnu.io.RXTXPort$MonitorThread.run()V+12
v  ~StubRoutines::call_stub

siginfo: EXCEPTION_ACCESS_VIOLATION (0xc0000005), reading address 0x00000000147fecd8


Register to memory mapping:

RIP=0x0000000180005b00 points into unknown readable memory: 45 8b 74 24 08 41 89 5c
RAX=0x0000000000000001 is an unknown value
RBX=0x0 is NULL
RCX=0x000000018001d4d5 points into unknown readable memory: 64 00 00
RDX=0xfffffffffffff665 is an unknown value
RSP=0x000000c8147fe0e0 is pointing into the stack for thread: 0x0000020331e6a000
RBP=
[error occurred during error reporting (printing register info), id 0xc0000005, EXCEPTION_ACCESS_VIOLATION (0xc0000005) at pc=0x00007ff80d59872f]

Registers:
RAX=0x0000000000000001, RBX=0x0000000000000000, RCX=0x000000018001d4d5, RDX=0xfffffffffffff665
RSP=0x000000c8147fe0e0, RBP=0x00000000ffffffff, RSI=0x0000000000000000, RDI=0x0000020331e6a310
R8 =0x0000000000000002, R9 =0xfffffffffffff63c, R10=0x00007ff80d671cf0, R11=0x8101010101010100
R12=0x00000000147fecd0, R13=0x0000000000000001, R14=0x000000c8147fe2d0, R15=0x0000000000000000
RIP=0x0000000180005b00, EFLAGS=0x0000000000010202

Top of Stack: (sp=0x000000c8147fe0e0)
0x000000c8147fe0e0:   0000000000000000 00000000147fecd0
0x000000c8147fe0f0:   0000000000000000 0000020331e6a310
0x000000c8147fe100:   0000000000000000 000000c8147fe2d0
0x000000c8147fe110:   000002033cc85cc8 0000000000000001
0x000000c8147fe120:   0000020331e6a310 0000000000000001
0x000000c8147fe130:   ffffffffffffffff 0000000180006211
0x000000c8147fe140:   00000203319b7b60 ffffffffffffffff
0x000000c8147fe150:   0000000000000001 00000203319b7b60
0x000000c8147fe160:   0000020300000001 00007ff8ffffffff
0x000000c8147fe170:   000000c8147fe2d8 000000c8147fe2d8
0x000000c8147fe180:   0000020331e6a000 000000c8147fe2d8
0x000000c8147fe190:   000000c8147fe2a0 00007ff80d62af07
0x000000c8147fe1a0:   000000c8147fe1c0 0000020331e6a000
0x000000c8147fe1b0:   000000000014ab34 00007002141051b5
0x000000c8147fe1c0:   000002033cc85cd0 000002033cc85cc8
0x000000c8147fe1d0:   0000020331e6a000 000000c8147fe2d8 

Instructions: (pc=0x0000000180005b00)
0x0000000180005a00:   5d c3 cc cc cc cc cc cc cc cc cc cc cc cc cc cc
0x0000000180005a10:   48 89 5c 24 08 4c 89 4c 24 20 44 89 44 24 18 55
0x0000000180005a20:   56 57 41 54 41 55 41 56 41 57 48 83 ec 20 48 8b
0x0000000180005a30:   2a 48 8b 01 33 db 48 8b d5 48 8b f9 44 8b fb 8b
0x0000000180005a40:   f3 ff 90 f8 00 00 00 4c 8d 0d 9e 70 01 00 4c 8b
0x0000000180005a50:   e0 48 8b 07 4c 8d 05 b5 70 01 00 49 8b d4 48 8b
0x0000000180005a60:   cf ff 90 f0 02 00 00 48 8b cf 4c 8b c0 48 85 c0
0x0000000180005a70:   48 8b 07 75 28 ff 90 80 00 00 00 4c 8b 1f 48 8b
0x0000000180005a80:   cf 41 ff 93 88 00 00 00 4c 8b 1f 49 8b d4 48 8b
0x0000000180005a90:   cf 41 ff 93 b8 00 00 00 4c 8b e3 eb 54 48 8b d5
0x0000000180005aa0:   ff 90 20 03 00 00 49 8b d4 48 8b cf 48 63 e8 48
0x0000000180005ab0:   8b 07 ff 90 b8 00 00 00 48 8d 15 51 70 01 00 48
0x0000000180005ac0:   8d 0d 0e 7a 01 00 41 b8 02 00 00 00 e8 6f 62 00
0x0000000180005ad0:   00 85 c0 75 19 85 ed 75 15 e8 c2 5e 00 00 48 8d
0x0000000180005ae0:   15 23 7a 01 00 48 8d 48 60 e8 3a 5d 00 00 4c 8b
0x0000000180005af0:   e5 8b ac 24 88 00 00 00 44 8b ac 24 80 00 00 00
0x0000000180005b00:   45 8b 74 24 08 41 89 5c 24 08 41 8b fd 85 ed 78
0x0000000180005b10:   09 ff 15 e9 14 01 00 44 8b f8 45 85 ed 7e 4a 90
0x0000000180005b20:   8b c6 ff c6 83 f8 14 7d 40 85 ed 78 0d ff 15 cd
0x0000000180005b30:   14 01 00 41 2b c7 3b c5 7d 2f 8b 4c 24 70 48 63
0x0000000180005b40:   d3 44 8b c7 48 03 54 24 78 e8 a2 31 00 00 85 c0
0x0000000180005b50:   78 33 74 06 03 d8 2b f8 eb 0a b9 e8 03 00 00 e8
0x0000000180005b60:   1c 1c 00 00 41 3b dd 7c b7 8b c3 45 89 74 24 08
0x0000000180005b70:   48 8b 5c 24 60 48 83 c4 20 41 5f 41 5e 41 5d 41
0x0000000180005b80:   5c 5f 5e 5d c3 e8 1e 61 00 00 83 38 04 74 05 e8
0x0000000180005b90:   14 61 00 00 83 c8 ff eb d2 cc cc cc cc cc cc cc
0x0000000180005ba0:   40 53 55 56 57 41 54 41 55 48 81 ec b8 00 00 00
0x0000000180005bb0:   48 8b 05 71 85 01 00 48 33 c4 48 89 84 24 a0 00
0x0000000180005bc0:   00 00 48 8b 01 45 8b e9 41 8b f8 48 8b f2 48 8b
0x0000000180005bd0:   d9 ff 90 f8 00 00 00 4c 8b 13 4c 8d 0d 33 6f 01
0x0000000180005be0:   00 4c 8d 05 7c 6f 01 00 48 8b d0 48 8b cb 4c 8b
0x0000000180005bf0:   e0 41 ff 92 f0 02 00 00 33 ed 48 8b cb 4c 8b c0 


Stack slot to memory mapping:
stack at sp + 0 slots: 0x0 is NULL
stack at sp + 1 slots: 0x00000000147fecd0 is an unknown value
stack at sp + 2 slots: 0x0 is NULL
stack at sp + 3 slots: 0x0000020331e6a310 points into unknown readable memory: 50 e8 ca 0d f8 7f 00 00
stack at sp + 4 slots: 0x0 is NULL
stack at sp + 5 slots: 0x000000c8147fe2d0 is pointing into the stack for thread: 0x0000020331e6a000
stack at sp + 6 slots: 0x000002033cc85cc8 is pointing into metadata
stack at sp + 7 slots: 0x0000000000000001 is an unknown value


---------------  P R O C E S S  ---------------

Threads class SMR info:
_java_thread_list=0x0000020333800bd0, length=21, elements={
0x000002031195d800, 0x000002032fe6f800, 0x000002032fe73000, 0x000002032fe97800,
0x000002032fe99800, 0x000002032fe9a800, 0x000002032fe9d000, 0x000002032fea7000,
0x000002033083e800, 0x0000020330848000, 0x00000203308b8000, 0x0000020330951000,
0x0000020330bd0800, 0x0000020330c00800, 0x0000020330c08800, 0x0000020330cd5800,
0x0000020331b7a000, 0x00000203319d9800, 0x0000020333cfb800, 0x0000020331e67800,
0x0000020331e6a000
}

Java Threads: ( => current thread )
  0x000002031195d800 JavaThread "main" [_thread_blocked, id=7752, stack(0x000000c814b00000,0x000000c814c00000)]
  0x000002032fe6f800 JavaThread "Reference Handler" daemon [_thread_blocked, id=14924, stack(0x000000c815200000,0x000000c815300000)]
  0x000002032fe73000 JavaThread "Finalizer" daemon [_thread_blocked, id=9104, stack(0x000000c815300000,0x000000c815400000)]
  0x000002032fe97800 JavaThread "Signal Dispatcher" daemon [_thread_blocked, id=13244, stack(0x000000c815400000,0x000000c815500000)]
  0x000002032fe99800 JavaThread "Attach Listener" daemon [_thread_blocked, id=7040, stack(0x000000c815500000,0x000000c815600000)]
  0x000002032fe9a800 JavaThread "C2 CompilerThread0" daemon [_thread_blocked, id=16820, stack(0x000000c815600000,0x000000c815700000)]
  0x000002032fe9d000 JavaThread "C1 CompilerThread0" daemon [_thread_blocked, id=16316, stack(0x000000c815700000,0x000000c815800000)]
  0x000002032fea7000 JavaThread "Sweeper thread" daemon [_thread_blocked, id=10940, stack(0x000000c815800000,0x000000c815900000)]
  0x000002033083e800 JavaThread "Service Thread" daemon [_thread_blocked, id=10564, stack(0x000000c815900000,0x000000c815a00000)]
  0x0000020330848000 JavaThread "Common-Cleaner" daemon [_thread_blocked, id=15316, stack(0x000000c815b00000,0x000000c815c00000)]
  0x00000203308b8000 JavaThread "Monitor Ctrl-Break" daemon [_thread_in_native, id=1984, stack(0x000000c815c00000,0x000000c815d00000)]
  0x0000020330951000 JavaThread "JavaFX-Launcher" [_thread_blocked, id=13072, stack(0x000000c815d00000,0x000000c815e00000)]
  0x0000020330bd0800 JavaThread "QuantumRenderer-0" daemon [_thread_blocked, id=17640, stack(0x000000c815e00000,0x000000c815f00000)]
  0x0000020330c00800 JavaThread "InvokeLaterDispatcher" daemon [_thread_blocked, id=8424, stack(0x000000c815f00000,0x000000c816000000)]
  0x0000020330c08800 JavaThread "JavaFX Application Thread" [_thread_in_native, id=488, stack(0x000000c816000000,0x000000c816100000)]
  0x0000020330cd5800 JavaThread "Thread-2" daemon [_thread_in_native, id=4872, stack(0x000000c816100000,0x000000c816200000)]
  0x0000020331b7a000 JavaThread "Java2D Disposer" daemon [_thread_blocked, id=14980, stack(0x000000c816600000,0x000000c816700000)]
  0x00000203319d9800 JavaThread "AWT-Windows" daemon [_thread_in_native, id=8868, stack(0x000000c816800000,0x000000c816900000)]
  0x0000020333cfb800 JavaThread "Prism Font Disposer" daemon [_thread_blocked, id=18504, stack(0x000000c816b00000,0x000000c816c00000)]
  0x0000020331e67800 JavaThread "Cleaner-0" daemon [_thread_blocked, id=19176, stack(0x000000c816c00000,0x000000c816d00000)]
=>0x0000020331e6a000 JavaThread "Thread-3" [_thread_in_native, id=15180, stack(0x000000c814700000,0x000000c814800000)]

Other Threads:
  0x000002032fe6e800 VMThread "VM Thread" [stack: 0x000000c815100000,0x000000c815200000] [id=952]
  0x0000020330843000 WatcherThread [stack: 0x000000c815a00000,0x000000c815b00000] [id=8332]
  0x00000203119a2000 GCTaskThread "GC Thread#0" [stack: 0x000000c814c00000,0x000000c814d00000] [id=11796]
  0x0000020330f9b000 GCTaskThread "GC Thread#1" [stack: 0x000000c816200000,0x000000c816300000] [id=876]
  0x0000020330cc5800 GCTaskThread "GC Thread#2" [stack: 0x000000c816300000,0x000000c816400000] [id=17404]
  0x0000020330cc6000 GCTaskThread "GC Thread#3" [stack: 0x000000c816400000,0x000000c816500000] [id=9196]
  0x00000203119b3800 ConcurrentGCThread "G1 Main Marker" [stack: 0x000000c814d00000,0x000000c814e00000] [id=11064]
  0x00000203119b5800 ConcurrentGCThread "G1 Conc#0" [stack: 0x000000c814e00000,0x000000c814f00000] [id=8328]
  0x000002032fce6800 ConcurrentGCThread "G1 Refine#0" [stack: 0x000000c814f00000,0x000000c815000000] [id=11960]
  0x000002032fce8000 ConcurrentGCThread "G1 Young RemSet Sampling" [stack: 0x000000c815000000,0x000000c815100000] [id=11192]

Threads with active compile tasks:

VM state:not at safepoint (normal execution)

VM Mutex/Monitor currently owned by a thread: None

Heap address: 0x0000000081a00000, size: 2022 MB, Compressed Oops mode: 32-bit
Narrow klass base: 0x0000000800000000, Narrow klass shift: 3
Compressed class space size: 1073741824 Address: 0x0000000800b40000

Heap:
 garbage-first heap   total 131072K, used 52806K [0x0000000081a00000, 0x0000000100000000)
  region size 1024K, 47 young (48128K), 2 survivors (2048K)
 Metaspace       used 17471K, capacity 18247K, committed 18560K, reserved 1064960K
  class space    used 2318K, capacity 2625K, committed 2688K, reserved 1048576K
Heap Regions: E=young(eden), S=young(survivor), O=old, HS=humongous(starts), HC=humongous(continues), CS=collection set, F=free, A=archive, TAMS=top-at-mark-start (previous, next)
|   0|0x0000000081a00000, 0x0000000081a91800, 0x0000000081b00000| 56%| O|  |TAMS 0x0000000081a00000, 0x0000000081a00000| Untracked 
|   1|0x0000000081b00000, 0x0000000081c00000, 0x0000000081c00000|100%|HS|  |TAMS 0x0000000081b00000, 0x0000000081b00000| Complete 
|   2|0x0000000081c00000, 0x0000000081d00000, 0x0000000081d00000|100%|HC|  |TAMS 0x0000000081c00000, 0x0000000081c00000| Complete 
|   3|0x0000000081d00000, 0x0000000081e00000, 0x0000000081e00000|100%|HC|  |TAMS 0x0000000081d00000, 0x0000000081d00000| Complete 
|   4|0x0000000081e00000, 0x0000000081f00000, 0x0000000081f00000|100%|HC|  |TAMS 0x0000000081e00000, 0x0000000081e00000| Complete 
|   5|0x0000000081f00000, 0x0000000082000000, 0x0000000082000000|100%|HS|  |TAMS 0x0000000081f00000, 0x0000000081f00000| Complete 
|   6|0x0000000082000000, 0x0000000082000000, 0x0000000082100000|  0%| F|  |TAMS 0x0000000082000000, 0x0000000082000000| Untracked 
|   7|0x0000000082100000, 0x0000000082100000, 0x0000000082200000|  0%| F|  |TAMS 0x0000000082100000, 0x0000000082100000| Untracked 
|   8|0x0000000082200000, 0x0000000082200000, 0x0000000082300000|  0%| F|  |TAMS 0x0000000082200000, 0x0000000082200000| Untracked 
|   9|0x0000000082300000, 0x0000000082300000, 0x0000000082400000|  0%| F|  |TAMS 0x0000000082300000, 0x0000000082300000| Untracked 
|  10|0x0000000082400000, 0x0000000082400000, 0x0000000082500000|  0%| F|  |TAMS 0x0000000082400000, 0x0000000082400000| Untracked 
|  11|0x0000000082500000, 0x0000000082500000, 0x0000000082600000|  0%| F|  |TAMS 0x0000000082500000, 0x0000000082500000| Untracked 
|  12|0x0000000082600000, 0x0000000082600000, 0x0000000082700000|  0%| F|  |TAMS 0x0000000082600000, 0x0000000082600000| Untracked 
|  13|0x0000000082700000, 0x0000000082700000, 0x0000000082800000|  0%| F|  |TAMS 0x0000000082700000, 0x0000000082700000| Untracked 
|  14|0x0000000082800000, 0x0000000082800000, 0x0000000082900000|  0%| F|  |TAMS 0x0000000082800000, 0x0000000082800000| Untracked 
|  15|0x0000000082900000, 0x0000000082900000, 0x0000000082a00000|  0%| F|  |TAMS 0x0000000082900000, 0x0000000082900000| Untracked 
|  16|0x0000000082a00000, 0x0000000082a00000, 0x0000000082b00000|  0%| F|  |TAMS 0x0000000082a00000, 0x0000000082a00000| Untracked 
|  17|0x0000000082b00000, 0x0000000082b00000, 0x0000000082c00000|  0%| F|  |TAMS 0x0000000082b00000, 0x0000000082b00000| Untracked 
|  18|0x0000000082c00000, 0x0000000082c00000, 0x0000000082d00000|  0%| F|  |TAMS 0x0000000082c00000, 0x0000000082c00000| Untracked 
|  19|0x0000000082d00000, 0x0000000082d00000, 0x0000000082e00000|  0%| F|  |TAMS 0x0000000082d00000, 0x0000000082d00000| Untracked 
|  20|0x0000000082e00000, 0x0000000082e00000, 0x0000000082f00000|  0%| F|  |TAMS 0x0000000082e00000, 0x0000000082e00000| Untracked 
|  21|0x0000000082f00000, 0x0000000082f00000, 0x0000000083000000|  0%| F|  |TAMS 0x0000000082f00000, 0x0000000082f00000| Untracked 
|  22|0x0000000083000000, 0x0000000083000000, 0x0000000083100000|  0%| F|  |TAMS 0x0000000083000000, 0x0000000083000000| Untracked 
|  23|0x0000000083100000, 0x0000000083100000, 0x0000000083200000|  0%| F|  |TAMS 0x0000000083100000, 0x0000000083100000| Untracked 
|  24|0x0000000083200000, 0x0000000083200000, 0x0000000083300000|  0%| F|  |TAMS 0x0000000083200000, 0x0000000083200000| Untracked 
|  25|0x0000000083300000, 0x0000000083300000, 0x0000000083400000|  0%| F|  |TAMS 0x0000000083300000, 0x0000000083300000| Untracked 
|  26|0x0000000083400000, 0x0000000083400000, 0x0000000083500000|  0%| F|  |TAMS 0x0000000083400000, 0x0000000083400000| Untracked 
|  27|0x0000000083500000, 0x0000000083500000, 0x0000000083600000|  0%| F|  |TAMS 0x0000000083500000, 0x0000000083500000| Untracked 
|  28|0x0000000083600000, 0x0000000083600000, 0x0000000083700000|  0%| F|  |TAMS 0x0000000083600000, 0x0000000083600000| Untracked 
|  29|0x0000000083700000, 0x0000000083700000, 0x0000000083800000|  0%| F|  |TAMS 0x0000000083700000, 0x0000000083700000| Untracked 
|  30|0x0000000083800000, 0x0000000083800000, 0x0000000083900000|  0%| F|  |TAMS 0x0000000083800000, 0x0000000083800000| Untracked 
|  31|0x0000000083900000, 0x0000000083900000, 0x0000000083a00000|  0%| F|  |TAMS 0x0000000083900000, 0x0000000083900000| Untracked 
|  32|0x0000000083a00000, 0x0000000083a00000, 0x0000000083b00000|  0%| F|  |TAMS 0x0000000083a00000, 0x0000000083a00000| Untracked 
|  33|0x0000000083b00000, 0x0000000083b00000, 0x0000000083c00000|  0%| F|  |TAMS 0x0000000083b00000, 0x0000000083b00000| Untracked 
|  34|0x0000000083c00000, 0x0000000083c00000, 0x0000000083d00000|  0%| F|  |TAMS 0x0000000083c00000, 0x0000000083c00000| Untracked 
|  35|0x0000000083d00000, 0x0000000083d00000, 0x0000000083e00000|  0%| F|  |TAMS 0x0000000083d00000, 0x0000000083d00000| Untracked 
|  36|0x0000000083e00000, 0x0000000083e00000, 0x0000000083f00000|  0%| F|  |TAMS 0x0000000083e00000, 0x0000000083e00000| Untracked 
|  37|0x0000000083f00000, 0x0000000083f00000, 0x0000000084000000|  0%| F|  |TAMS 0x0000000083f00000, 0x0000000083f00000| Untracked 
|  38|0x0000000084000000, 0x0000000084000000, 0x0000000084100000|  0%| F|  |TAMS 0x0000000084000000, 0x0000000084000000| Untracked 
|  39|0x0000000084100000, 0x0000000084100000, 0x0000000084200000|  0%| F|  |TAMS 0x0000000084100000, 0x0000000084100000| Untracked 
|  40|0x0000000084200000, 0x0000000084200000, 0x0000000084300000|  0%| F|  |TAMS 0x0000000084200000, 0x0000000084200000| Untracked 
|  41|0x0000000084300000, 0x0000000084300000, 0x0000000084400000|  0%| F|  |TAMS 0x0000000084300000, 0x0000000084300000| Untracked 
|  42|0x0000000084400000, 0x0000000084400000, 0x0000000084500000|  0%| F|  |TAMS 0x0000000084400000, 0x0000000084400000| Untracked 
|  43|0x0000000084500000, 0x0000000084500000, 0x0000000084600000|  0%| F|  |TAMS 0x0000000084500000, 0x0000000084500000| Untracked 
|  44|0x0000000084600000, 0x0000000084600000, 0x0000000084700000|  0%| F|  |TAMS 0x0000000084600000, 0x0000000084600000| Untracked 
|  45|0x0000000084700000, 0x0000000084700000, 0x0000000084800000|  0%| F|  |TAMS 0x0000000084700000, 0x0000000084700000| Untracked 
|  46|0x0000000084800000, 0x0000000084800000, 0x0000000084900000|  0%| F|  |TAMS 0x0000000084800000, 0x0000000084800000| Untracked 
|  47|0x0000000084900000, 0x0000000084900000, 0x0000000084a00000|  0%| F|  |TAMS 0x0000000084900000, 0x0000000084900000| Untracked 
|  48|0x0000000084a00000, 0x0000000084a00000, 0x0000000084b00000|  0%| F|  |TAMS 0x0000000084a00000, 0x0000000084a00000| Untracked 
|  49|0x0000000084b00000, 0x0000000084b00000, 0x0000000084c00000|  0%| F|  |TAMS 0x0000000084b00000, 0x0000000084b00000| Untracked 
|  50|0x0000000084c00000, 0x0000000084c00000, 0x0000000084d00000|  0%| F|  |TAMS 0x0000000084c00000, 0x0000000084c00000| Untracked 
|  51|0x0000000084d00000, 0x0000000084d00000, 0x0000000084e00000|  0%| F|  |TAMS 0x0000000084d00000, 0x0000000084d00000| Untracked 
|  52|0x0000000084e00000, 0x0000000084e00000, 0x0000000084f00000|  0%| F|  |TAMS 0x0000000084e00000, 0x0000000084e00000| Untracked 
|  53|0x0000000084f00000, 0x0000000084f00000, 0x0000000085000000|  0%| F|  |TAMS 0x0000000084f00000, 0x0000000084f00000| Untracked 
|  54|0x0000000085000000, 0x0000000085000000, 0x0000000085100000|  0%| F|  |TAMS 0x0000000085000000, 0x0000000085000000| Untracked 
|  55|0x0000000085100000, 0x0000000085100000, 0x0000000085200000|  0%| F|  |TAMS 0x0000000085100000, 0x0000000085100000| Untracked 
|  56|0x0000000085200000, 0x0000000085200000, 0x0000000085300000|  0%| F|  |TAMS 0x0000000085200000, 0x0000000085200000| Untracked 
|  57|0x0000000085300000, 0x0000000085300000, 0x0000000085400000|  0%| F|  |TAMS 0x0000000085300000, 0x0000000085300000| Untracked 
|  58|0x0000000085400000, 0x0000000085400000, 0x0000000085500000|  0%| F|  |TAMS 0x0000000085400000, 0x0000000085400000| Untracked 
|  59|0x0000000085500000, 0x0000000085500000, 0x0000000085600000|  0%| F|  |TAMS 0x0000000085500000, 0x0000000085500000| Untracked 
|  60|0x0000000085600000, 0x0000000085600000, 0x0000000085700000|  0%| F|  |TAMS 0x0000000085600000, 0x0000000085600000| Untracked 
|  61|0x0000000085700000, 0x0000000085700000, 0x0000000085800000|  0%| F|  |TAMS 0x0000000085700000, 0x0000000085700000| Untracked 
|  62|0x0000000085800000, 0x0000000085800000, 0x0000000085900000|  0%| F|  |TAMS 0x0000000085800000, 0x0000000085800000| Untracked 
|  63|0x0000000085900000, 0x0000000085900000, 0x0000000085a00000|  0%| F|  |TAMS 0x0000000085900000, 0x0000000085900000| Untracked 
|  64|0x0000000085a00000, 0x0000000085a00000, 0x0000000085b00000|  0%| F|  |TAMS 0x0000000085a00000, 0x0000000085a00000| Untracked 
|  65|0x0000000085b00000, 0x0000000085b00000, 0x0000000085c00000|  0%| F|  |TAMS 0x0000000085b00000, 0x0000000085b00000| Untracked 
|  66|0x0000000085c00000, 0x0000000085c00000, 0x0000000085d00000|  0%| F|  |TAMS 0x0000000085c00000, 0x0000000085c00000| Untracked 
|  67|0x0000000085d00000, 0x0000000085d00000, 0x0000000085e00000|  0%| F|  |TAMS 0x0000000085d00000, 0x0000000085d00000| Untracked 
|  68|0x0000000085e00000, 0x0000000085e00000, 0x0000000085f00000|  0%| F|  |TAMS 0x0000000085e00000, 0x0000000085e00000| Untracked 
|  69|0x0000000085f00000, 0x0000000085f00000, 0x0000000086000000|  0%| F|  |TAMS 0x0000000085f00000, 0x0000000085f00000| Untracked 
|  70|0x0000000086000000, 0x0000000086000000, 0x0000000086100000|  0%| F|  |TAMS 0x0000000086000000, 0x0000000086000000| Untracked 
|  71|0x0000000086100000, 0x0000000086100000, 0x0000000086200000|  0%| F|  |TAMS 0x0000000086100000, 0x0000000086100000| Untracked 
|  72|0x0000000086200000, 0x0000000086200000, 0x0000000086300000|  0%| F|  |TAMS 0x0000000086200000, 0x0000000086200000| Untracked 
|  73|0x0000000086300000, 0x0000000086300000, 0x0000000086400000|  0%| F|  |TAMS 0x0000000086300000, 0x0000000086300000| Untracked 
|  74|0x0000000086400000, 0x0000000086400000, 0x0000000086500000|  0%| F|  |TAMS 0x0000000086400000, 0x0000000086400000| Untracked 
|  75|0x0000000086500000, 0x0000000086500000, 0x0000000086600000|  0%| F|  |TAMS 0x0000000086500000, 0x0000000086500000| Untracked 
|  76|0x0000000086600000, 0x0000000086600000, 0x0000000086700000|  0%| F|  |TAMS 0x0000000086600000, 0x0000000086600000| Untracked 
|  77|0x0000000086700000, 0x0000000086700000, 0x0000000086800000|  0%| F|  |TAMS 0x0000000086700000, 0x0000000086700000| Untracked 
|  78|0x0000000086800000, 0x0000000086800000, 0x0000000086900000|  0%| F|  |TAMS 0x0000000086800000, 0x0000000086800000| Untracked 
|  79|0x0000000086900000, 0x0000000086900000, 0x0000000086a00000|  0%| F|  |TAMS 0x0000000086900000, 0x0000000086900000| Untracked 
|  80|0x0000000086a00000, 0x0000000086a00000, 0x0000000086b00000|  0%| F|  |TAMS 0x0000000086a00000, 0x0000000086a00000| Untracked 
|  81|0x0000000086b00000, 0x0000000086bcc4c0, 0x0000000086c00000| 79%| E|  |TAMS 0x0000000086b00000, 0x0000000086b00000| Complete 
|  82|0x0000000086c00000, 0x0000000086d00000, 0x0000000086d00000|100%| E|CS|TAMS 0x0000000086c00000, 0x0000000086c00000| Complete 
|  83|0x0000000086d00000, 0x0000000086e00000, 0x0000000086e00000|100%| E|CS|TAMS 0x0000000086d00000, 0x0000000086d00000| Complete 
|  84|0x0000000086e00000, 0x0000000086f00000, 0x0000000086f00000|100%| E|CS|TAMS 0x0000000086e00000, 0x0000000086e00000| Complete 
|  85|0x0000000086f00000, 0x0000000087000000, 0x0000000087000000|100%| E|CS|TAMS 0x0000000086f00000, 0x0000000086f00000| Complete 
|  86|0x0000000087000000, 0x0000000087100000, 0x0000000087100000|100%| E|CS|TAMS 0x0000000087000000, 0x0000000087000000| Complete 
|  87|0x0000000087100000, 0x0000000087200000, 0x0000000087200000|100%| E|CS|TAMS 0x0000000087100000, 0x0000000087100000| Complete 
|  88|0x0000000087200000, 0x0000000087300000, 0x0000000087300000|100%| E|CS|TAMS 0x0000000087200000, 0x0000000087200000| Complete 
|  89|0x0000000087300000, 0x0000000087400000, 0x0000000087400000|100%| E|CS|TAMS 0x0000000087300000, 0x0000000087300000| Complete 
|  90|0x0000000087400000, 0x0000000087500000, 0x0000000087500000|100%| E|CS|TAMS 0x0000000087400000, 0x0000000087400000| Complete 
|  91|0x0000000087500000, 0x0000000087600000, 0x0000000087600000|100%| E|CS|TAMS 0x0000000087500000, 0x0000000087500000| Complete 
|  92|0x0000000087600000, 0x0000000087700000, 0x0000000087700000|100%| E|CS|TAMS 0x0000000087600000, 0x0000000087600000| Complete 
|  93|0x0000000087700000, 0x0000000087800000, 0x0000000087800000|100%| E|CS|TAMS 0x0000000087700000, 0x0000000087700000| Complete 
|  94|0x0000000087800000, 0x0000000087900000, 0x0000000087900000|100%| E|CS|TAMS 0x0000000087800000, 0x0000000087800000| Complete 
|  95|0x0000000087900000, 0x0000000087a00000, 0x0000000087a00000|100%| E|CS|TAMS 0x0000000087900000, 0x0000000087900000| Complete 
|  96|0x0000000087a00000, 0x0000000087b00000, 0x0000000087b00000|100%| E|CS|TAMS 0x0000000087a00000, 0x0000000087a00000| Complete 
|  97|0x0000000087b00000, 0x0000000087c00000, 0x0000000087c00000|100%| E|CS|TAMS 0x0000000087b00000, 0x0000000087b00000| Complete 
|  98|0x0000000087c00000, 0x0000000087d00000, 0x0000000087d00000|100%| E|CS|TAMS 0x0000000087c00000, 0x0000000087c00000| Complete 
|  99|0x0000000087d00000, 0x0000000087e00000, 0x0000000087e00000|100%| E|CS|TAMS 0x0000000087d00000, 0x0000000087d00000| Complete 
| 100|0x0000000087e00000, 0x0000000087f00000, 0x0000000087f00000|100%| E|CS|TAMS 0x0000000087e00000, 0x0000000087e00000| Complete 
| 101|0x0000000087f00000, 0x0000000088000000, 0x0000000088000000|100%| E|CS|TAMS 0x0000000087f00000, 0x0000000087f00000| Complete 
| 102|0x0000000088000000, 0x0000000088100000, 0x0000000088100000|100%| E|CS|TAMS 0x0000000088000000, 0x0000000088000000| Complete 
| 103|0x0000000088100000, 0x0000000088200000, 0x0000000088200000|100%| E|CS|TAMS 0x0000000088100000, 0x0000000088100000| Complete 
| 104|0x0000000088200000, 0x0000000088300000, 0x0000000088300000|100%| E|CS|TAMS 0x0000000088200000, 0x0000000088200000| Complete 
| 105|0x0000000088300000, 0x0000000088400000, 0x0000000088400000|100%| E|CS|TAMS 0x0000000088300000, 0x0000000088300000| Complete 
| 106|0x0000000088400000, 0x0000000088500000, 0x0000000088500000|100%| E|CS|TAMS 0x0000000088400000, 0x0000000088400000| Complete 
| 107|0x0000000088500000, 0x0000000088600000, 0x0000000088600000|100%| E|CS|TAMS 0x0000000088500000, 0x0000000088500000| Complete 
| 108|0x0000000088600000, 0x0000000088700000, 0x0000000088700000|100%| E|CS|TAMS 0x0000000088600000, 0x0000000088600000| Complete 
| 109|0x0000000088700000, 0x0000000088800000, 0x0000000088800000|100%| E|CS|TAMS 0x0000000088700000, 0x0000000088700000| Complete 
| 110|0x0000000088800000, 0x0000000088900000, 0x0000000088900000|100%| E|CS|TAMS 0x0000000088800000, 0x0000000088800000| Complete 
| 111|0x0000000088900000, 0x0000000088a00000, 0x0000000088a00000|100%| E|CS|TAMS 0x0000000088900000, 0x0000000088900000| Complete 
| 112|0x0000000088a00000, 0x0000000088b00000, 0x0000000088b00000|100%| S|CS|TAMS 0x0000000088a00000, 0x0000000088a00000| Complete 
| 113|0x0000000088b00000, 0x0000000088c00000, 0x0000000088c00000|100%| S|CS|TAMS 0x0000000088b00000, 0x0000000088b00000| Complete 
| 114|0x0000000088c00000, 0x0000000088d00000, 0x0000000088d00000|100%| E|CS|TAMS 0x0000000088c00000, 0x0000000088c00000| Complete 
| 115|0x0000000088d00000, 0x0000000088e00000, 0x0000000088e00000|100%| E|CS|TAMS 0x0000000088d00000, 0x0000000088d00000| Complete 
| 116|0x0000000088e00000, 0x0000000088f00000, 0x0000000088f00000|100%| E|CS|TAMS 0x0000000088e00000, 0x0000000088e00000| Complete 
| 117|0x0000000088f00000, 0x0000000089000000, 0x0000000089000000|100%| E|CS|TAMS 0x0000000088f00000, 0x0000000088f00000| Complete 
| 118|0x0000000089000000, 0x0000000089100000, 0x0000000089100000|100%| E|CS|TAMS 0x0000000089000000, 0x0000000089000000| Complete 
| 119|0x0000000089100000, 0x0000000089200000, 0x0000000089200000|100%| E|CS|TAMS 0x0000000089100000, 0x0000000089100000| Complete 
| 120|0x0000000089200000, 0x0000000089300000, 0x0000000089300000|100%| E|CS|TAMS 0x0000000089200000, 0x0000000089200000| Complete 
| 121|0x0000000089300000, 0x0000000089400000, 0x0000000089400000|100%| E|CS|TAMS 0x0000000089300000, 0x0000000089300000| Complete 
| 122|0x0000000089400000, 0x0000000089500000, 0x0000000089500000|100%| E|CS|TAMS 0x0000000089400000, 0x0000000089400000| Complete 
| 123|0x0000000089500000, 0x0000000089600000, 0x0000000089600000|100%| E|CS|TAMS 0x0000000089500000, 0x0000000089500000| Complete 
| 124|0x0000000089600000, 0x0000000089700000, 0x0000000089700000|100%| E|CS|TAMS 0x0000000089600000, 0x0000000089600000| Complete 
| 125|0x0000000089700000, 0x0000000089800000, 0x0000000089800000|100%| E|CS|TAMS 0x0000000089700000, 0x0000000089700000| Complete 
| 126|0x0000000089800000, 0x0000000089900000, 0x0000000089900000|100%| E|CS|TAMS 0x0000000089800000, 0x0000000089800000| Complete 
| 127|0x0000000089900000, 0x0000000089a00000, 0x0000000089a00000|100%| E|CS|TAMS 0x0000000089900000, 0x0000000089900000| Complete 

Card table byte_map: [0x0000020329260000,0x0000020329660000] _byte_map_base: 0x0000020328e53000

Marking Bits (Prev, Next): (CMBitMap*) 0x00000203119a2ff8, (CMBitMap*) 0x00000203119a3038
 Prev Bits: [0x0000020329a60000, 0x000002032b9f8000)
 Next Bits: [0x000002032ba00000, 0x000002032d998000)

Polling page: 0x000002030f8e0000

Metaspace:

Usage:
  Non-class:     15.26 MB capacity,    14.80 MB ( 97%) used,   384.66 KB (  2%) free+waste,    84.63 KB ( <1%) overhead. 
      Class:      2.56 MB capacity,     2.26 MB ( 88%) used,   261.67 KB ( 10%) free+waste,    44.69 KB (  2%) overhead. 
       Both:     17.82 MB capacity,    17.06 MB ( 96%) used,   646.34 KB (  4%) free+waste,   129.31 KB ( <1%) overhead. 

Virtual space:
  Non-class space:       16.00 MB reserved,      15.50 MB ( 97%) committed 
      Class space:        1.00 GB reserved,       2.63 MB ( <1%) committed 
             Both:        1.02 GB reserved,      18.13 MB (  2%) committed 

Chunk freelists:
   Non-Class:  58.00 KB
       Class:  1.00 KB
        Both:  59.00 KB

MaxMetaspaceSize: 17179869184.00 GB
CompressedClassSpaceSize: 1.00 GB

CodeHeap 'non-profiled nmethods': size=120064Kb used=1554Kb max_used=1554Kb free=118509Kb
 bounds [0x0000020321920000, 0x0000020321b90000, 0x0000020328e60000]
CodeHeap 'profiled nmethods': size=120000Kb used=7323Kb max_used=7323Kb free=112676Kb
 bounds [0x000002031a3f0000, 0x000002031ab20000, 0x0000020321920000]
CodeHeap 'non-nmethods': size=5696Kb used=1452Kb max_used=1492Kb free=4243Kb
 bounds [0x0000020319e60000, 0x000002031a0d0000, 0x000002031a3f0000]
 total_blobs=5002 nmethods=3264 adapters=678
 compilation: enabled
              stopped_count=0, restarted_count=0
 full_count=0

Compilation events (20 events):
Event: 90.510 Thread 0x000002032fe9d000 nmethod 3260 0x0000020321a95210 code [0x0000020321a953a0, 0x0000020321a954d8]
Event: 90.520 Thread 0x000002032fe9d000 3262       1       com.sun.prism.sw.SWResourceFactory::getContext (5 bytes)
Event: 90.520 Thread 0x000002032fe9d000 nmethod 3262 0x0000020321a95590 code [0x0000020321a95720, 0x0000020321a95858]
Event: 90.530 Thread 0x000002032fe9d000 3264       1       javafx.util.Pair::getKey (5 bytes)
Event: 90.530 Thread 0x000002032fe9d000 nmethod 3264 0x0000020321a95910 code [0x0000020321a95aa0, 0x0000020321a95bd8]
Event: 90.545 Thread 0x000002032fe9d000 3265       3       com.sun.prism.BasicStroke::set (136 bytes)
Event: 90.546 Thread 0x000002032fe9d000 nmethod 3265 0x000002031ab14490 code [0x000002031ab146e0, 0x000002031ab14f70]
Event: 90.547 Thread 0x000002032fe9d000 3266       3       com.sun.prism.sw.SWGraphics::setClipRect (114 bytes)
Event: 90.547 Thread 0x000002032fe9d000 nmethod 3266 0x000002031ab15190 code [0x000002031ab153a0, 0x000002031ab15a60]
Event: 90.547 Thread 0x000002032fe9d000 3267       3       com.sun.pisces.PiscesRenderer::setClip (64 bytes)
Event: 90.547 Thread 0x000002032fe9d000 nmethod 3267 0x000002031ab15d10 code [0x000002031ab15f00, 0x000002031ab163d0]
Event: 90.548 Thread 0x000002032fe9d000 3269       3       com.sun.javafx.geom.Rectangle::setBounds (10 bytes)
Event: 90.548 Thread 0x000002032fe9d000 nmethod 3269 0x000002031ab16590 code [0x000002031ab16740, 0x000002031ab16918]
Event: 90.548 Thread 0x000002032fe9d000 3270       3       com.sun.prism.sw.SWUtils::fastCeil (24 bytes)
Event: 90.548 Thread 0x000002032fe9d000 nmethod 3270 0x000002031ab16a10 code [0x000002031ab16bc0, 0x000002031ab16df8]
Event: 90.548 Thread 0x000002032fe9d000 3271       1       com.sun.glass.ui.Screen::getAdapterOrdinal (5 bytes)
Event: 90.548 Thread 0x000002032fe9d000 nmethod 3271 0x0000020321a96090 code [0x0000020321a96220, 0x0000020321a96358]
Event: 90.586 Thread 0x000002032fe9a800 nmethod 3256 0x0000020321a96410 code [0x0000020321a968e0, 0x0000020321a999b8]
Event: 90.586 Thread 0x000002032fe9a800 3261 %     4       com.sun.marlin.DRenderer::_endRendering @ 763 (2473 bytes)
Event: 90.705 Thread 0x000002032fe9a800 nmethod 3261% 0x0000020321a9b710 code [0x0000020321a9b980, 0x0000020321aa0c98]

GC Heap History (2 events):
Event: 0.702 GC heap before
{Heap before GC invocations=0 (full 0):
 garbage-first heap   total 131072K, used 13312K [0x0000000081a00000, 0x0000000100000000)
  region size 1024K, 14 young (14336K), 0 survivors (0K)
 Metaspace       used 5264K, capacity 8276K, committed 8448K, reserved 1056768K
  class space    used 618K, capacity 958K, committed 1024K, reserved 1048576K
}
Event: 0.708 GC heap after
{Heap after GC invocations=1 (full 0):
 garbage-first heap   total 131072K, used 2630K [0x0000000081a00000, 0x0000000100000000)
  region size 1024K, 2 young (2048K), 2 survivors (2048K)
 Metaspace       used 5264K, capacity 8276K, committed 8448K, reserved 1056768K
  class space    used 618K, capacity 958K, committed 1024K, reserved 1048576K
}

Deoptimization events (20 events):
Event: 89.507 Thread 0x0000020330bd0800 DEOPT PACKING pc=0x0000020321a241fc sp=0x000000c815efcf20
Event: 89.507 Thread 0x0000020330bd0800 DEOPT UNPACKING pc=0x0000020319ea912f sp=0x000000c815efcd68 mode 2
Event: 89.507 Thread 0x0000020330bd0800 Uncommon trap: trap_request=0xffffff45 fr.pc=0x0000020321a10af0 relative=0x0000000000002a70
Event: 89.507 Thread 0x0000020330bd0800 Uncommon trap: reason=unstable_if action=reinterpret pc=0x0000020321a10af0 method=com.sun.marlin.DRenderer._endRendering(IILcom/sun/marlin/MarlinAlphaConsumer;)V @ 1978 c2
Event: 89.507 Thread 0x0000020330bd0800 DEOPT PACKING pc=0x0000020321a10af0 sp=0x000000c815efce80
Event: 89.507 Thread 0x0000020330bd0800 DEOPT UNPACKING pc=0x0000020319ea912f sp=0x000000c815efcd68 mode 2
Event: 90.516 Thread 0x0000020330bd0800 DEOPT PACKING pc=0x000002031aaf8882 sp=0x000000c815efce50
Event: 90.516 Thread 0x0000020330bd0800 DEOPT UNPACKING pc=0x0000020319ea964e sp=0x000000c815efc268 mode 0
Event: 90.519 Thread 0x0000020330bd0800 DEOPT PACKING pc=0x000002031aaf8882 sp=0x000000c815efc620
Event: 90.519 Thread 0x0000020330bd0800 DEOPT UNPACKING pc=0x0000020319ea964e sp=0x000000c815efba38 mode 0
Event: 90.532 Thread 0x0000020330bd0800 DEOPT PACKING pc=0x000002031aaf8882 sp=0x000000c815efd2b0
Event: 90.532 Thread 0x0000020330bd0800 DEOPT UNPACKING pc=0x0000020319ea964e sp=0x000000c815efc6c8 mode 0
Event: 90.532 Thread 0x0000020330bd0800 DEOPT PACKING pc=0x000002031ab02b70 sp=0x000000c815efcf50
Event: 90.532 Thread 0x0000020330bd0800 DEOPT UNPACKING pc=0x0000020319ea964e sp=0x000000c815efc6c8 mode 0
Event: 90.538 Thread 0x0000020330bd0800 DEOPT PACKING pc=0x000002031aaf8882 sp=0x000000c815efccb0
Event: 90.538 Thread 0x0000020330bd0800 DEOPT UNPACKING pc=0x0000020319ea964e sp=0x000000c815efc0c8 mode 0
Event: 90.550 Thread 0x0000020330bd0800 DEOPT PACKING pc=0x000002031aaf8882 sp=0x000000c815efce50
Event: 90.550 Thread 0x0000020330bd0800 DEOPT UNPACKING pc=0x0000020319ea964e sp=0x000000c815efc268 mode 0
Event: 90.551 Thread 0x0000020330bd0800 DEOPT PACKING pc=0x000002031aaf8882 sp=0x000000c815efc620
Event: 90.551 Thread 0x0000020330bd0800 DEOPT UNPACKING pc=0x0000020319ea964e sp=0x000000c815efba38 mode 0

Classes unloaded (0 events):
No events

Classes redefined (0 events):
No events

Internal exceptions (20 events):
Event: 1.383 Thread 0x0000020330c08800 Implicit null exception at 0x000002032198f8af to 0x000002032198f92d
Event: 1.415 Thread 0x0000020330bd0800 Exception <a 'java/lang/NoSuchMethodError'{0x0000000088116738}: 'int java.lang.invoke.DirectMethodHandle$Holder.invokeStaticInit(java.lang.Object, java.lang.Object)'> (0x0000000088116738) 
thrown [t:/workspace/open/src/hotspot/share/interpreter/linkResolver.cpp, line 767]
Event: 2.419 Thread 0x0000020330c08800 Exception <a 'java/lang/NoSuchMethodError'{0x0000000087e25030}: 'long java.lang.invoke.DirectMethodHandle$Holder.invokeStatic(java.lang.Object, java.lang.Object, java.lang.Object)'> (0x0000000087e25030) 
thrown [t:/workspace/open/src/hotspot/share/interpreter/linkResolver.cpp, line 767]
Event: 2.420 Thread 0x0000020330c08800 Exception <a 'java/lang/NoSuchMethodError'{0x0000000087e27cd8}: 'long java.lang.invoke.DirectMethodHandle$Holder.invokeStaticInit(java.lang.Object, java.lang.Object, java.lang.Object)'> (0x0000000087e27cd8) 
thrown [t:/workspace/open/src/hotspot/share/interpreter/linkResolver.cpp, line 767]
Event: 2.421 Thread 0x0000020330c08800 Exception <a 'java/lang/NoSuchMethodError'{0x0000000087e3c058}: 'java.lang.Object java.lang.invoke.Invokers$Holder.linkToTargetMethod(java.lang.Object, long, java.lang.Object)'> (0x0000000087e3c058) 
thrown [t:/workspace/open/src/hotspot/share/interpreter/linkResolver.cpp, line 767]
Event: 5.999 Thread 0x0000020330c08800 Implicit null exception at 0x0000020321980084 to 0x0000020321980696
Event: 6.000 Thread 0x0000020330c08800 Exception <a 'java/io/FileNotFoundException'{0x0000000087e867d8}> (0x0000000087e867d8) 
thrown [t:/workspace/open/src/hotspot/share/prims/jni.cpp, line 598]
Event: 6.019 Thread 0x0000020330c08800 Exception <a 'java/io/FileNotFoundException'{0x0000000087e98768}> (0x0000000087e98768) 
thrown [t:/workspace/open/src/hotspot/share/prims/jni.cpp, line 598]
Event: 6.020 Thread 0x0000020330c08800 Exception <a 'java/io/FileNotFoundException'{0x0000000087ea7248}> (0x0000000087ea7248) 
thrown [t:/workspace/open/src/hotspot/share/prims/jni.cpp, line 598]
Event: 6.038 Thread 0x0000020330c08800 Exception <a 'java/io/FileNotFoundException'{0x0000000087eb8ce8}> (0x0000000087eb8ce8) 
thrown [t:/workspace/open/src/hotspot/share/prims/jni.cpp, line 598]
Event: 6.224 Thread 0x0000020330c08800 Exception <a 'java/lang/NoSuchMethodError'{0x0000000087518c70}: 'java.lang.Object java.lang.invoke.DirectMethodHandle$Holder.invokeStatic(java.lang.Object, java.lang.Object, int, int)'> (0x0000000087518c70) 
thrown [t:/workspace/open/src/hotspot/share/interpreter/linkResolver.cpp, line 767]
Event: 6.225 Thread 0x0000020330c08800 Exception <a 'java/lang/NoSuchMethodError'{0x000000008751ec98}: 'java.lang.Object java.lang.invoke.Invokers$Holder.linkToTargetMethod(java.lang.Object, int, int, java.lang.Object)'> (0x000000008751ec98) 
thrown [t:/workspace/open/src/hotspot/share/interpreter/linkResolver.cpp, line 767]
Event: 62.497 Thread 0x0000020330c08800 Implicit null exception at 0x00000203219e98cf to 0x00000203219ea24a
Event: 64.321 Thread 0x0000020330c08800 Exception <a 'java/lang/NoSuchMethodError'{0x0000000087210a90}: 'java.lang.Object java.lang.invoke.DirectMethodHandle$Holder.invokeStatic(java.lang.Object, java.lang.Object, int, int, int, int, int, java.lang.Object)'> (0x0000000087210a90) 
thrown [t:/workspace/open/src/hotspot/share/interpreter/linkResolver.cpp, line 767]
Event: 64.323 Thread 0x0000020330c08800 Exception <a 'java/lang/NoSuchMethodError'{0x0000000087220078}: 'java.lang.Object java.lang.invoke.DirectMethodHandle$Holder.invokeStatic(java.lang.Object, java.lang.Object, java.lang.Object, int, int, int, int, int)'> (0x0000000087220078) 
thrown [t:/workspace/open/src/hotspot/share/interpreter/linkResolver.cpp, line 767]
Event: 64.323 Thread 0x0000020330c08800 Exception <a 'java/lang/NoSuchMethodError'{0x0000000087225f08}: 'java.lang.Object java.lang.invoke.Invokers$Holder.linkToTargetMethod(java.lang.Object, java.lang.Object, int, int, int, int, int, java.lang.Object)'> (0x0000000087225f08) 
thrown [t:/workspace/open/src/hotspot/share/interpreter/linkResolver.cpp, line 767]
Event: 77.206 Thread 0x0000020330c08800 Implicit null exception at 0x0000020321a3bf89 to 0x0000020321a3c6b6
Event: 77.234 Thread 0x0000020330bd0800 Exception <a 'java/lang/NoSuchMethodError'{0x00000000873d4d68}: 'java.lang.Object java.lang.invoke.DirectMethodHandle$Holder.invokeStaticInit(java.lang.Object, int)'> (0x00000000873d4d68) 
thrown [t:/workspace/open/src/hotspot/share/interpreter/linkResolver.cpp, line 767]
Event: 77.971 Thread 0x0000020330c08800 Implicit null exception at 0x0000020321a4c78d to 0x0000020321a4ce46
Event: 79.971 Thread 0x0000020330c08800 Implicit null exception at 0x0000020321a3fbc1 to 0x0000020321a40c4a

Events (20 events):
Event: 89.394 loading class com/sun/javafx/text/CharArrayIterator
Event: 89.394 loading class com/sun/javafx/text/CharArrayIterator done
Event: 89.395 Executing VM operation: RevokeBias
Event: 89.396 Executing VM operation: RevokeBias done
Event: 89.396 Executing VM operation: RevokeBias
Event: 89.396 Executing VM operation: RevokeBias done
Event: 89.400 Thread 0x000002033335a000 Thread added: 0x000002033335a000
Event: 89.681 Thread 0x000002033335a000 Thread exited: 0x000002033335a000
Event: 89.939 loading class com/sun/prism/impl/shape/ShapeUtil
Event: 89.939 loading class com/sun/prism/impl/shape/ShapeUtil done
Event: 89.939 loading class com/sun/prism/impl/shape/ShapeRasterizer
Event: 89.939 loading class com/sun/prism/impl/shape/ShapeRasterizer done
Event: 89.939 loading class com/sun/prism/impl/shape/ShapeUtil$1
Event: 89.939 loading class com/sun/prism/impl/shape/ShapeUtil$1 done
Event: 89.939 loading class com/sun/prism/impl/shape/DMarlinRasterizer
Event: 89.939 loading class com/sun/prism/impl/shape/DMarlinRasterizer done
Event: 89.940 loading class com/sun/prism/impl/shape/MaskData
Event: 89.940 loading class com/sun/prism/impl/shape/MaskData done
Event: 92.308 loading class gnu/io/SerialPortEvent
Event: 92.308 loading class gnu/io/SerialPortEvent done


Dynamic libraries:
0x00007ff7e6ae0000 - 0x00007ff7e6aef000 	C:\Program Files\Java\jdk-13\bin\java.exe
0x00007ff868120000 - 0x00007ff868301000 	C:\WINDOWS\SYSTEM32\ntdll.dll
0x00007ff867f20000 - 0x00007ff867fd1000 	C:\WINDOWS\System32\KERNEL32.DLL
0x00007ff864e00000 - 0x00007ff865073000 	C:\WINDOWS\System32\KERNELBASE.dll
0x00007ff864260000 - 0x00007ff864358000 	C:\WINDOWS\System32\ucrtbase.dll
0x00007ff85cc40000 - 0x00007ff85cc58000 	C:\Program Files\Java\jdk-13\bin\jli.dll
0x00007ff85cc20000 - 0x00007ff85cc35000 	C:\Program Files\Java\jdk-13\bin\VCRUNTIME140.dll
0x00007ff865470000 - 0x00007ff865511000 	C:\WINDOWS\System32\ADVAPI32.dll
0x00007ff867cf0000 - 0x00007ff867d8e000 	C:\WINDOWS\System32\msvcrt.dll
0x00007ff867ad0000 - 0x00007ff867b2b000 	C:\WINDOWS\System32\sechost.dll
0x00007ff865cd0000 - 0x00007ff865df4000 	C:\WINDOWS\System32\RPCRT4.dll
0x00007ff867d90000 - 0x00007ff867f20000 	C:\WINDOWS\System32\USER32.dll
0x00007ff8641f0000 - 0x00007ff864210000 	C:\WINDOWS\System32\win32u.dll
0x00007ff8680c0000 - 0x00007ff8680e8000 	C:\WINDOWS\System32\GDI32.dll
0x00007ff864360000 - 0x00007ff8644f1000 	C:\WINDOWS\System32\gdi32full.dll
0x00007ff864650000 - 0x00007ff8646ef000 	C:\WINDOWS\System32\msvcp_win.dll
0x00007ff83dcc0000 - 0x00007ff83df29000 	C:\WINDOWS\WinSxS\amd64_microsoft.windows.common-controls_6595b64144ccf1df_6.0.17134.885_none_fb42a3473065565f\COMCTL32.dll
0x00007ff865800000 - 0x00007ff865b22000 	C:\WINDOWS\System32\combase.dll
0x00007ff865140000 - 0x00007ff8651b9000 	C:\WINDOWS\System32\bcryptPrimitives.dll
0x00007ff85ba70000 - 0x00007ff85ba7a000 	C:\WINDOWS\SYSTEM32\VERSION.dll
0x00007ff866360000 - 0x00007ff86638d000 	C:\WINDOWS\System32\IMM32.DLL
0x00007ff83d220000 - 0x00007ff83d2bb000 	C:\Program Files\Java\jdk-13\bin\msvcp140.dll
0x00007ff80d2b0000 - 0x00007ff80de16000 	C:\Program Files\Java\jdk-13\bin\server\jvm.dll
0x00007ff8645c0000 - 0x00007ff8645e3000 	C:\WINDOWS\System32\WINMM.dll
0x00007ff8641a0000 - 0x00007ff8641ca000 	C:\WINDOWS\System32\WINMMBASE.dll
0x00007ff864210000 - 0x00007ff864259000 	C:\WINDOWS\System32\cfgmgr32.dll
0x00007ff8655f0000 - 0x00007ff8655f8000 	C:\WINDOWS\System32\PSAPI.DLL
0x00007ff84e190000 - 0x00007ff84e199000 	C:\WINDOWS\SYSTEM32\WSOCK32.dll
0x00007ff865400000 - 0x00007ff86546c000 	C:\WINDOWS\System32\WS2_32.dll
0x00007ff864150000 - 0x00007ff864161000 	C:\WINDOWS\System32\kernel.appcore.dll
0x00007ff85e0c0000 - 0x00007ff85e0d0000 	C:\Program Files\Java\jdk-13\bin\verify.dll
0x00007ff861e60000 - 0x00007ff862029000 	C:\WINDOWS\SYSTEM32\DBGHELP.DLL
0x00007ff842930000 - 0x00007ff842959000 	C:\WINDOWS\SYSTEM32\dbgcore.DLL
0x00007ff842360000 - 0x00007ff842386000 	C:\Program Files\Java\jdk-13\bin\java.dll
0x00007ff85cc00000 - 0x00007ff85cc17000 	C:\Program Files\Java\jdk-13\bin\zip.dll
0x00007ff85cbe0000 - 0x00007ff85cbea000 	C:\Program Files\Java\jdk-13\bin\jimage.dll
0x00007ff866500000 - 0x00007ff867940000 	C:\WINDOWS\System32\SHELL32.dll
0x00007ff868010000 - 0x00007ff8680b9000 	C:\WINDOWS\System32\shcore.dll
0x00007ff8646f0000 - 0x00007ff864dfd000 	C:\WINDOWS\System32\windows.storage.dll
0x00007ff867c30000 - 0x00007ff867c81000 	C:\WINDOWS\System32\shlwapi.dll
0x00007ff864170000 - 0x00007ff86418f000 	C:\WINDOWS\System32\profapi.dll
0x00007ff8653b0000 - 0x00007ff8653fc000 	C:\WINDOWS\System32\powrprof.dll
0x00007ff864190000 - 0x00007ff86419a000 	C:\WINDOWS\System32\FLTLIB.DLL
0x00007ff85c010000 - 0x00007ff85c029000 	C:\Program Files\Java\jdk-13\bin\net.dll
0x00007ff85f7d0000 - 0x00007ff85f8ad000 	C:\WINDOWS\SYSTEM32\WINHTTP.dll
0x00007ff85a0a0000 - 0x00007ff85a269000 	C:\WINDOWS\SYSTEM32\urlmon.dll
0x00007ff857890000 - 0x00007ff857b36000 	C:\WINDOWS\SYSTEM32\iertutil.dll
0x00007ff863b20000 - 0x00007ff863b2b000 	C:\WINDOWS\SYSTEM32\CRYPTBASE.DLL
0x00007ff863950000 - 0x00007ff8639b6000 	C:\WINDOWS\system32\mswsock.dll
0x00007ff863940000 - 0x00007ff86394a000 	C:\WINDOWS\system32\wshqos.dll
0x00007ff863930000 - 0x00007ff863938000 	C:\WINDOWS\SYSTEM32\wshtcpip.DLL
0x00007ff863920000 - 0x00007ff863928000 	C:\WINDOWS\SYSTEM32\wship6.dll
0x00007ff85b7b0000 - 0x00007ff85b7c3000 	C:\Program Files\Java\jdk-13\bin\nio.dll
0x00007ff8593d0000 - 0x00007ff8593ea000 	D:\Program Files\JetBrains\IntelliJ IDEA 2019.1\bin\breakgen64.dll
0x0000020331330000 - 0x0000020331333000 	D:\javafx-sdk-13\bin\api-ms-win-core-console-l1-1-0.dll
0x0000020331340000 - 0x0000020331343000 	D:\javafx-sdk-13\bin\api-ms-win-core-datetime-l1-1-0.dll
0x0000020331350000 - 0x0000020331353000 	D:\javafx-sdk-13\bin\api-ms-win-core-debug-l1-1-0.dll
0x0000020331360000 - 0x0000020331363000 	D:\javafx-sdk-13\bin\api-ms-win-core-errorhandling-l1-1-0.dll
0x0000020331370000 - 0x0000020331374000 	D:\javafx-sdk-13\bin\api-ms-win-core-file-l1-1-0.dll
0x0000020331380000 - 0x0000020331383000 	D:\javafx-sdk-13\bin\api-ms-win-core-file-l1-2-0.dll
0x0000020331390000 - 0x0000020331393000 	D:\javafx-sdk-13\bin\api-ms-win-core-file-l2-1-0.dll
0x00000203313a0000 - 0x00000203313a3000 	D:\javafx-sdk-13\bin\api-ms-win-core-handle-l1-1-0.dll
0x00000203313b0000 - 0x00000203313b3000 	D:\javafx-sdk-13\bin\api-ms-win-core-heap-l1-1-0.dll
0x00000203313c0000 - 0x00000203313c3000 	D:\javafx-sdk-13\bin\api-ms-win-core-interlocked-l1-1-0.dll
0x00000203313d0000 - 0x00000203313d3000 	D:\javafx-sdk-13\bin\api-ms-win-core-libraryloader-l1-1-0.dll
0x00000203313e0000 - 0x00000203313e3000 	D:\javafx-sdk-13\bin\api-ms-win-core-localization-l1-2-0.dll
0x00000203313f0000 - 0x00000203313f3000 	D:\javafx-sdk-13\bin\api-ms-win-core-memory-l1-1-0.dll
0x0000020331400000 - 0x0000020331403000 	D:\javafx-sdk-13\bin\api-ms-win-core-namedpipe-l1-1-0.dll
0x0000020331410000 - 0x0000020331413000 	D:\javafx-sdk-13\bin\api-ms-win-core-processenvironment-l1-1-0.dll
0x0000020331420000 - 0x0000020331423000 	D:\javafx-sdk-13\bin\api-ms-win-core-processthreads-l1-1-0.dll
0x0000020331430000 - 0x0000020331433000 	D:\javafx-sdk-13\bin\api-ms-win-core-processthreads-l1-1-1.dll
0x0000020331440000 - 0x0000020331443000 	D:\javafx-sdk-13\bin\api-ms-win-core-profile-l1-1-0.dll
0x0000020331450000 - 0x0000020331453000 	D:\javafx-sdk-13\bin\api-ms-win-core-rtlsupport-l1-1-0.dll
0x0000020331460000 - 0x0000020331463000 	D:\javafx-sdk-13\bin\api-ms-win-core-string-l1-1-0.dll
0x0000020331470000 - 0x0000020331473000 	D:\javafx-sdk-13\bin\api-ms-win-core-synch-l1-1-0.dll
0x0000020331480000 - 0x0000020331483000 	D:\javafx-sdk-13\bin\api-ms-win-core-synch-l1-2-0.dll
0x0000020331490000 - 0x0000020331493000 	D:\javafx-sdk-13\bin\api-ms-win-core-sysinfo-l1-1-0.dll
0x00000203314a0000 - 0x00000203314a3000 	D:\javafx-sdk-13\bin\api-ms-win-core-timezone-l1-1-0.dll
0x00000203314b0000 - 0x00000203314b3000 	D:\javafx-sdk-13\bin\api-ms-win-core-util-l1-1-0.dll
0x00000203314c0000 - 0x00000203314c3000 	D:\javafx-sdk-13\bin\api-ms-win-crt-conio-l1-1-0.dll
0x00000203314d0000 - 0x00000203314d4000 	D:\javafx-sdk-13\bin\api-ms-win-crt-convert-l1-1-0.dll
0x00000203314e0000 - 0x00000203314e3000 	D:\javafx-sdk-13\bin\api-ms-win-crt-environment-l1-1-0.dll
0x00000203314f0000 - 0x00000203314f3000 	D:\javafx-sdk-13\bin\api-ms-win-crt-filesystem-l1-1-0.dll
0x0000020331500000 - 0x0000020331503000 	D:\javafx-sdk-13\bin\api-ms-win-crt-heap-l1-1-0.dll
0x0000020331510000 - 0x0000020331513000 	D:\javafx-sdk-13\bin\api-ms-win-crt-locale-l1-1-0.dll
0x0000020331520000 - 0x0000020331525000 	D:\javafx-sdk-13\bin\api-ms-win-crt-math-l1-1-0.dll
0x0000020331530000 - 0x0000020331535000 	D:\javafx-sdk-13\bin\api-ms-win-crt-multibyte-l1-1-0.dll
0x0000020331540000 - 0x0000020331550000 	D:\javafx-sdk-13\bin\api-ms-win-crt-private-l1-1-0.dll
0x0000020331550000 - 0x0000020331553000 	D:\javafx-sdk-13\bin\api-ms-win-crt-process-l1-1-0.dll
0x0000020331560000 - 0x0000020331564000 	D:\javafx-sdk-13\bin\api-ms-win-crt-runtime-l1-1-0.dll
0x0000020331570000 - 0x0000020331574000 	D:\javafx-sdk-13\bin\api-ms-win-crt-stdio-l1-1-0.dll
0x0000020331580000 - 0x0000020331584000 	D:\javafx-sdk-13\bin\api-ms-win-crt-string-l1-1-0.dll
0x0000020331590000 - 0x0000020331593000 	D:\javafx-sdk-13\bin\api-ms-win-crt-time-l1-1-0.dll
0x00000203315a0000 - 0x00000203315a3000 	D:\javafx-sdk-13\bin\api-ms-win-crt-utility-l1-1-0.dll
0x00007ff83cd40000 - 0x00007ff83ce3c000 	D:\javafx-sdk-13\bin\ucrtbase.dll
0x00007ff8552e0000 - 0x00007ff8552f5000 	D:\javafx-sdk-13\bin\vcruntime140.dll
0x00007ff83cca0000 - 0x00007ff83cd3b000 	D:\javafx-sdk-13\bin\msvcp140.dll
0x00007ff83d000000 - 0x00007ff83d051000 	D:\javafx-sdk-13\bin\concrt140.dll
0x00007ff83cf30000 - 0x00007ff83cf53000 	D:\javafx-sdk-13\bin\prism_d3d.dll
0x00007ff829e00000 - 0x00007ff829f97000 	C:\WINDOWS\system32\d3d9.dll
0x00007ff862700000 - 0x00007ff862729000 	C:\WINDOWS\SYSTEM32\dwmapi.dll
0x00007ff8625c0000 - 0x00007ff862658000 	C:\WINDOWS\system32\uxtheme.dll
0x00007ff851bf0000 - 0x00007ff851c0c000 	D:\javafx-sdk-13\bin\prism_sw.dll
0x00007ff83cc50000 - 0x00007ff83cc95000 	D:\javafx-sdk-13\bin\glass.dll
0x00007ff867940000 - 0x00007ff867a2d000 	C:\WINDOWS\System32\COMDLG32.dll
0x00007ff866390000 - 0x00007ff8664e1000 	C:\WINDOWS\System32\ole32.dll
0x00007ff865520000 - 0x00007ff8655e2000 	C:\WINDOWS\System32\OLEAUT32.dll
0x00007ff865b50000 - 0x00007ff865cc3000 	C:\WINDOWS\System32\MSCTF.dll
0x00007ff851ae0000 - 0x00007ff851af4000 	D:\javafx-sdk-13\bin\javafx_font.dll
0x00007ff82c660000 - 0x00007ff82c7f9000 	C:\Program Files\Java\jdk-13\bin\awt.dll
0x00007ff8612c0000 - 0x00007ff861887000 	C:\WINDOWS\SYSTEM32\d2d1.dll
0x00007ff862190000 - 0x00007ff86221b000 	C:\WINDOWS\SYSTEM32\apphelp.dll
0x00007ff83d700000 - 0x00007ff83d820000 	C:\WINDOWS\system32\opengl32.dll
0x00007ff850c70000 - 0x00007ff850c9c000 	C:\WINDOWS\SYSTEM32\GLU32.dll
0x00007ff843430000 - 0x00007ff84374a000 	C:\WINDOWS\SYSTEM32\dwrite.dll
0x00007ff867a30000 - 0x00007ff867ad0000 	C:\WINDOWS\System32\clbcatq.dll
0x00007ff858390000 - 0x00007ff85853e000 	C:\WINDOWS\SYSTEM32\WindowsCodecs.dll
0x00007ff840610000 - 0x00007ff840668000 	C:\WINDOWS\system32\dataexchange.dll
0x00007ff861890000 - 0x00007ff861a2c000 	C:\WINDOWS\system32\dcomp.dll
0x00007ff860f10000 - 0x00007ff86121b000 	C:\WINDOWS\system32\d3d11.dll
0x00007ff865080000 - 0x00007ff86513b000 	C:\WINDOWS\System32\dxgi.dll
0x00007ff862780000 - 0x00007ff862938000 	C:\WINDOWS\system32\twinapi.appcore.dll
0x00007ff8626a0000 - 0x00007ff8626c1000 	C:\WINDOWS\system32\RMCLIENT.dll
0x00007ff83cc10000 - 0x00007ff83cc44000 	C:\Program Files\Common Files\Microsoft Shared\Ink\rtscom.dll
0x00007ff858540000 - 0x00007ff8585d6000 	C:\WINDOWS\System32\TextInputFramework.dll
0x00007ff861d80000 - 0x00007ff861e5a000 	C:\WINDOWS\System32\CoreMessaging.dll
0x00007ff857e00000 - 0x00007ff85811e000 	C:\WINDOWS\System32\CoreUIComponents.dll
0x00007ff863200000 - 0x00007ff863231000 	C:\WINDOWS\SYSTEM32\ntmarta.dll

dbghelp: loaded successfully - version: 4.0.5 - missing functions: none
symbol engine: initialized successfully - sym options: 0x614 - pdb path: .;C:\Program Files\Java\jdk-13\bin;C:\WINDOWS\SYSTEM32;C:\WINDOWS\WinSxS\amd64_microsoft.windows.common-controls_6595b64144ccf1df_6.0.17134.885_none_fb42a3473065565f;C:\Program Files\Java\jdk-13\bin\server;D:\Program Files\JetBrains\IntelliJ IDEA 2019.1\bin;D:\javafx-sdk-13\bin;C:\WINDOWS\System32\DriverStore\FileRepository\nvlt.inf_amd64_d03cf07457eb2e04;C:\Program Files\Common Files\Microsoft Shared\Ink;C:\Program Files (x86)\SogouInput\9.4.0.3336;C:\Program Files (x86)\SogouInput\Components\PicFace\1.1.0.1867;C:\Program Files (x86)\SogouInput\Components\VoiceInput\1.0.0.163

VM Arguments:
jvm_args: -Didea.launcher.port=12669 -Didea.launcher.bin.path=D:\Program Files\JetBrains\IntelliJ IDEA 2019.1\bin -Dfile.encoding=UTF-8 
java_command: com.intellij.rt.execution.application.AppMainV2 com.server.Main_window
java_class_path (initial): D:\IntelliJProjects\2\out\production\2;C:\Users\10698\Desktop\RXTXcomm.jar;D:\javafx-sdk-13\lib\src.zip;D:\javafx-sdk-13\lib\javafx-swt.jar;D:\javafx-sdk-13\lib\javafx.web.jar;D:\javafx-sdk-13\lib\javafx.base.jar;D:\javafx-sdk-13\lib\javafx.fxml.jar;D:\javafx-sdk-13\lib\javafx.media.jar;D:\javafx-sdk-13\lib\javafx.swing.jar;D:\javafx-sdk-13\lib\javafx.controls.jar;D:\javafx-sdk-13\lib\javafx.graphics.jar;D:\Program Files\JetBrains\IntelliJ IDEA 2019.1\lib\idea_rt.jar
Launcher Type: SUN_STANDARD

[Global flags]
     intx CICompilerCount                          = 3                                         {product} {ergonomic}
     uint ConcGCThreads                            = 1                                         {product} {ergonomic}
     uint G1ConcRefinementThreads                  = 4                                         {product} {ergonomic}
   size_t G1HeapRegionSize                         = 1048576                                   {product} {ergonomic}
    uintx GCDrainStackTargetSize                   = 64                                        {product} {ergonomic}
   size_t InitialHeapSize                          = 134217728                                 {product} {ergonomic}
   size_t MarkStackSize                            = 4194304                                   {product} {ergonomic}
   size_t MaxHeapSize                              = 2120220672                                {product} {ergonomic}
   size_t MaxNewSize                               = 1271922688                                {product} {ergonomic}
   size_t MinHeapDeltaBytes                        = 1048576                                   {product} {ergonomic}
   size_t MinHeapSize                              = 8388608                                   {product} {ergonomic}
    uintx NonNMethodCodeHeapSize                   = 5830732                                {pd product} {ergonomic}
    uintx NonProfiledCodeHeapSize                  = 122913754                              {pd product} {ergonomic}
    uintx ProfiledCodeHeapSize                     = 122913754                              {pd product} {ergonomic}
    uintx ReservedCodeCacheSize                    = 251658240                              {pd product} {ergonomic}
     bool SegmentedCodeCache                       = true                                      {product} {ergonomic}
   size_t SoftMaxHeapSize                          = 2120220672                             {manageable} {ergonomic}
     bool UseCompressedClassPointers               = true                                 {lp64_product} {ergonomic}
     bool UseCompressedOops                        = true                                 {lp64_product} {ergonomic}
     bool UseG1GC                                  = true                                      {product} {ergonomic}
     bool UseLargePagesIndividualAllocation        = false                                  {pd product} {ergonomic}

Logging:
Log output configuration:
 #0: stdout all=warning uptime,level,tags
 #1: stderr all=off uptime,level,tags

Environment Variables:
JAVA_HOME=C:\Program Files\Java\jdk1.8.0_91\
CLASSPATH=C:\Program Files\Java\jdk1.8.0_91\\lib;C:\Program Files\Java\jdk1.8.0_91\\lib\tools.jar
PATH=D:\CTEX\CTeX;D:\CTEX\CTeX\Packages\ctex\bin;D:\CTEX\CTeX;D:\CTEX\CTeX\Packages\cct\bin;D:\CTEX\CTeX;D:\CTEX\CTeX\Packages\ty\bin;D:\CTEX\UserData\miktex\bin;D:\CTEX\MiKTeX\miktex\bin;D:\CTEX\CTeX;D:\CTEX\CTeX\Packages\ctex\bin;D:\CTEX\CTeX;D:\CTEX\CTeX\Packages\cct\bin;D:\CTEX\CTeX;D:\CTEX\CTeX\Packages\ty\bin;D:\CTEX\Ghostscript\gs9.18\bin;D:\CTEX\GSview\gsview;D:\CTEX\WinEdt;C:\Users\10698\AppData\Local\Programs\Python\Python37;C:\Users\10698\AppData\Local\Programs\Python\Python37\Scripts;D:\Program Files\MATLAB\R2018a\runtime\win64;D:\Program Files\MATLAB\R2018a\bin;C:\WINDOWS\system32;C:\WINDOWS;C:\WINDOWS\System32\Wbem;C:\Program Files\Java\jdk1.8.0_91\\bin;D:\Redis;D:\nwjs-v0.36.0-beta1-win-x64;D:\Program Files\nodejs\;C:\Program Files\Microsoft SQL Server\Client SDK\ODBC\130\Tools\Binn\;C:\Program Files (x86)\Microsoft SQL Server\140\Tools\Binn\;C:\Program Files\Microsoft SQL Server\140\Tools\Binn\;C:\Program Files\Microsoft SQL Server\140\DTS\Binn\;C:\Program Files (x86)\Microsoft SQL Server\Client SDK\ODBC\130\Tools\Binn\;C:\Program Files (x86)\Microsoft SQL Server\140\DTS\Binn\;C:\Program Files (x86)\Microsoft SQL Server\140\Tools\Binn\ManagementStudio\;C:\Program Files\Git\cmd;C:\Users\10698\Anaconda3;C:\Users\10698\Anaconda3\Library\mingw-w64\bin;C:\Users\10698\Anaconda3\Library\usr\bin;C:\Users\10698\Anaconda3\Library\bin;C:\Users\10698\Anaconda3\Scripts;C:\Users\10698\AppData\Local\Microsoft\WindowsApps;C:\Program Files\Intel\WiFi\bin\;C:\Program Files\Common Files\Intel\WirelessCommon\;C:\geckodriver;C:\Program Files\JetBrains\PyCharm Community Edition 2018.3\bin;;D:\MiKTeX 2.9\miktex\bin\x64\;D:\Program Files\JetBrains\PyCharm 2018.3.2\bin;;C:\Users\10698\AppData\Roaming\npm;D:\Program Files\JetBrains\IntelliJ IDEA 2019.1\bin;
USERNAME=10698
OS=Windows_NT
PROCESSOR_IDENTIFIER=Intel64 Family 6 Model 158 Stepping 9, GenuineIntel



---------------  S Y S T E M  ---------------

OS: Windows 10 , 64 bit Build 17134 (10.0.17134.753)

CPU:total 4 (initial active 4) (4 cores per cpu, 1 threads per core) family 6 model 158 stepping 9, cmov, cx8, fxsr, mmx, sse, sse2, sse3, ssse3, sse4.1, sse4.2, popcnt, avx, avx2, aes, clmul, erms, 3dnowpref, lzcnt, tsc, tscinvbit, bmi1, bmi2, adx, fma

Memory: 4k page, system-wide physical 8084M (631M free)
TotalPageFile size 13988M (AvailPageFile size 1925M)
current process WorkingSet (physical memory assigned to process): 148M, peak: 166M
current process commit charge ("private bytes"): 250M, peak: 281M

vm_info: Java HotSpot(TM) 64-Bit Server VM (13+33) for windows-amd64 JRE (13+33), built on Sep 18 2019 21:38:00 by "mach5one" with unknown MS VC++:1916

END.
