#
# A fatal error has been detected by the Java Runtime Environment:
#
#  EXCEPTION_ACCESS_VIOLATION (0xc0000005) at pc=0x0000000180005b00, pid=12324, tid=15032
#
# JRE version: Java(TM) SE Runtime Environment (13.0+33) (build 13+33)
# Java VM: Java HotSpot(TM) 64-Bit Server VM (13+33, mixed mode, sharing, tiered, compressed oops, g1 gc, windows-amd64)
# Problematic frame:
# C  [rxtxSerial.dll+0x5b00]
#
# No core dump will be written. Minidumps are not enabled by default on client versions of Windows
#
# If you would like to submit a bug report, please visit:
#   http://bugreport.java.com/bugreport/crash.jsp
# The crash happened outside the Java Virtual Machine in native code.
# See problematic frame for where to report the bug.
#

---------------  S U M M A R Y ------------

Command Line: -Didea.launcher.port=12687 -Didea.launcher.bin.path=D:\Program Files\JetBrains\IntelliJ IDEA 2019.1\bin -Dfile.encoding=UTF-8 com.intellij.rt.execution.application.AppMainV2 com.server.modules.serial_port.MainFrame

Host: Intel(R) Core(TM) i5-7300HQ CPU @ 2.50GHz, 4 cores, 7G,  Windows 10 , 64 bit Build 17134 (10.0.17134.753)
Time: Sat Sep 21 22:19:50 2019 ?D1¨²¡À¨º¡Á?¨º¡À?? elapsed time: 6 seconds (0d 0h 0m 6s)

---------------  T H R E A D  ---------------

Current thread (0x000001a3168b6000):  JavaThread "Thread-0" [_thread_in_native, id=15032, stack(0x000000704f700000,0x000000704f800000)]

Stack: [0x000000704f700000,0x000000704f800000],  sp=0x000000704f7fded0,  free space=1015k
Native frames: (J=compiled Java code, j=interpreted, Vv=VM code, C=native code)
C  [rxtxSerial.dll+0x5b00]

Java frames: (J=compiled Java code, j=interpreted, Vv=VM code)
j  gnu.io.RXTXPort.readArray([BII)I+0
j  gnu.io.RXTXPort$SerialInputStream.read([BII)I+212
j  gnu.io.RXTXPort$SerialInputStream.read([B)I+60
j  com.server.modules.serial_port.SerialPortManager.readFromPort(Lgnu/io/SerialPort;)[B+17
j  com.server.modules.serial_port.MainFrame$4.dataAvailable()V+27
j  com.server.modules.serial_port.SerialPortManager$SerialPortListener.serialEvent(Lgnu/io/SerialPortEvent;)V+71
j  gnu.io.RXTXPort.sendEvent(IZ)Z+382
v  ~StubRoutines::call_stub
j  gnu.io.RXTXPort.eventLoop()V+0
j  gnu.io.RXTXPort$MonitorThread.run()V+12
v  ~StubRoutines::call_stub

siginfo: EXCEPTION_ACCESS_VIOLATION (0xc0000005), reading address 0x000000004f7feb08


Register to memory mapping:

RIP=0x0000000180005b00 rxtxSerial.dll
RAX=0x0000000000000001 is an unknown value
RBX=0x0 is NULL
RCX=0x000000018001d4d5 rxtxSerial.dll
RDX=0xfffffffffffff665 is an unknown value
RSP=0x000000704f7fded0 is pointing into the stack for thread: 0x000001a3168b6000
RBP=
[error occurred during error reporting (printing register info), id 0xc0000005, EXCEPTION_ACCESS_VIOLATION (0xc0000005) at pc=0x00007ff80d59872f]

Registers:
RAX=0x0000000000000001, RBX=0x0000000000000000, RCX=0x000000018001d4d5, RDX=0xfffffffffffff665
RSP=0x000000704f7fded0, RBP=0x00000000ffffffff, RSI=0x0000000000000000, RDI=0x000001a3168b6310
R8 =0x0000000000000002, R9 =0xfffffffffffff63c, R10=0x00007ff80d671cf0, R11=0x8101010101010100
R12=0x000000004f7feb00, R13=0x0000000000000001, R14=0x000000704f7fe0c0, R15=0x0000000000000000
RIP=0x0000000180005b00, EFLAGS=0x0000000000010202

Top of Stack: (sp=0x000000704f7fded0)
0x000000704f7fded0:   0000000000000000 000000004f7feb00
0x000000704f7fdee0:   0000000000000000 000001a3168b6310
0x000000704f7fdef0:   0000000000000000 000000704f7fe0c0
0x000000704f7fdf00:   000001a3161a1560 0000000000000001
0x000000704f7fdf10:   000001a3168b6310 0000000000000001
0x000000704f7fdf20:   ffffffffffffffff 0000000180006211
0x000000704f7fdf30:   000001a316ff03d0 ffffffffffffffff
0x000000704f7fdf40:   0000000000000001 000001a316ff03d0
0x000000704f7fdf50:   000001a300000001 00007ff8ffffffff
0x000000704f7fdf60:   000000704f7fe0c8 000000704f7fe0c8
0x000000704f7fdf70:   000001a3168b6000 000000704f7fe0c8
0x000000704f7fdf80:   000000704f7fe090 00007ff80d62af07
0x000000704f7fdf90:   000000704f7fdfb0 000001a3168b6000
0x000000704f7fdfa0:   000000000014ab34 000070ba805e3be1
0x000000704f7fdfb0:   000001a3161a1568 000001a3161a1560
0x000000704f7fdfc0:   000001a3168b6000 000000704f7fe0c8 

Instructions: (pc=0x0000000180005b00)
0x0000000180005a00:   5d c3 cc cc cc cc cc cc cc cc cc cc cc cc cc cc
0x0000000180005a10:   48 89 5c 24 08 4c 89 4c 24 20 44 89 44 24 18 55
0x0000000180005a20:   56 57 41 54 41 55 41 56 41 57 48 83 ec 20 48 8b
0x0000000180005a30:   2a 48 8b 01 33 db 48 8b d5 48 8b f9 44 8b fb 8b
0x0000000180005a40:   f3 ff 90 f8 00 00 00 4c 8d 0d 9e 70 01 00 4c 8b
0x0000000180005a50:   e0 48 8b 07 4c 8d 05 b5 70 01 00 49 8b d4 48 8b
0x0000000180005a60:   cf ff 90 f0 02 00 00 48 8b cf 4c 8b c0 48 85 c0
0x0000000180005a70:   48 8b 07 75 28 ff 90 80 00 00 00 4c 8b 1f 48 8b
0x0000000180005a80:   cf 41 ff 93 88 00 00 00 4c 8b 1f 49 8b d4 48 8b
0x0000000180005a90:   cf 41 ff 93 b8 00 00 00 4c 8b e3 eb 54 48 8b d5
0x0000000180005aa0:   ff 90 20 03 00 00 49 8b d4 48 8b cf 48 63 e8 48
0x0000000180005ab0:   8b 07 ff 90 b8 00 00 00 48 8d 15 51 70 01 00 48
0x0000000180005ac0:   8d 0d 0e 7a 01 00 41 b8 02 00 00 00 e8 6f 62 00
0x0000000180005ad0:   00 85 c0 75 19 85 ed 75 15 e8 c2 5e 00 00 48 8d
0x0000000180005ae0:   15 23 7a 01 00 48 8d 48 60 e8 3a 5d 00 00 4c 8b
0x0000000180005af0:   e5 8b ac 24 88 00 00 00 44 8b ac 24 80 00 00 00
0x0000000180005b00:   45 8b 74 24 08 41 89 5c 24 08 41 8b fd 85 ed 78
0x0000000180005b10:   09 ff 15 e9 14 01 00 44 8b f8 45 85 ed 7e 4a 90
0x0000000180005b20:   8b c6 ff c6 83 f8 14 7d 40 85 ed 78 0d ff 15 cd
0x0000000180005b30:   14 01 00 41 2b c7 3b c5 7d 2f 8b 4c 24 70 48 63
0x0000000180005b40:   d3 44 8b c7 48 03 54 24 78 e8 a2 31 00 00 85 c0
0x0000000180005b50:   78 33 74 06 03 d8 2b f8 eb 0a b9 e8 03 00 00 e8
0x0000000180005b60:   1c 1c 00 00 41 3b dd 7c b7 8b c3 45 89 74 24 08
0x0000000180005b70:   48 8b 5c 24 60 48 83 c4 20 41 5f 41 5e 41 5d 41
0x0000000180005b80:   5c 5f 5e 5d c3 e8 1e 61 00 00 83 38 04 74 05 e8
0x0000000180005b90:   14 61 00 00 83 c8 ff eb d2 cc cc cc cc cc cc cc
0x0000000180005ba0:   40 53 55 56 57 41 54 41 55 48 81 ec b8 00 00 00
0x0000000180005bb0:   48 8b 05 71 85 01 00 48 33 c4 48 89 84 24 a0 00
0x0000000180005bc0:   00 00 48 8b 01 45 8b e9 41 8b f8 48 8b f2 48 8b
0x0000000180005bd0:   d9 ff 90 f8 00 00 00 4c 8b 13 4c 8d 0d 33 6f 01
0x0000000180005be0:   00 4c 8d 05 7c 6f 01 00 48 8b d0 48 8b cb 4c 8b
0x0000000180005bf0:   e0 41 ff 92 f0 02 00 00 33 ed 48 8b cb 4c 8b c0 


Stack slot to memory mapping:
stack at sp + 0 slots: 0x0 is NULL
stack at sp + 1 slots: 0x000000004f7feb00 is an unknown value
stack at sp + 2 slots: 0x0 is NULL
stack at sp + 3 slots: 0x000001a3168b6310 points into unknown readable memory: 50 e8 ca 0d f8 7f 00 00
stack at sp + 4 slots: 0x0 is NULL
stack at sp + 5 slots: 0x000000704f7fe0c0 is pointing into the stack for thread: 0x000001a3168b6000
stack at sp + 6 slots: 0x000001a3161a1560 is pointing into metadata
stack at sp + 7 slots: 0x0000000000000001 is an unknown value


---------------  P R O C E S S  ---------------

Threads class SMR info:
_java_thread_list=0x000001a316fdadc0, length=17, elements={
0x000001a315af8800, 0x000001a315afd000, 0x000001a315b26800, 0x000001a315b28800,
0x000001a315b2f000, 0x000001a315b32800, 0x000001a315b42000, 0x000001a315b27000,
0x000001a315b28000, 0x000001a315b29800, 0x000001a315b2a800, 0x000001a315b2b000,
0x000001a315b25800, 0x000001a315b2c000, 0x000001a3168b4800, 0x000001a3168af800,
0x000001a3168b6000
}

Java Threads: ( => current thread )
  0x000001a315af8800 JavaThread "Reference Handler" daemon [_thread_blocked, id=14288, stack(0x000000704e500000,0x000000704e600000)]
  0x000001a315afd000 JavaThread "Finalizer" daemon [_thread_blocked, id=15084, stack(0x000000704e600000,0x000000704e700000)]
  0x000001a315b26800 JavaThread "Signal Dispatcher" daemon [_thread_blocked, id=18448, stack(0x000000704e700000,0x000000704e800000)]
  0x000001a315b28800 JavaThread "Attach Listener" daemon [_thread_blocked, id=17616, stack(0x000000704e800000,0x000000704e900000)]
  0x000001a315b2f000 JavaThread "C2 CompilerThread0" daemon [_thread_blocked, id=9752, stack(0x000000704e900000,0x000000704ea00000)]
  0x000001a315b32800 JavaThread "C1 CompilerThread0" daemon [_thread_blocked, id=12056, stack(0x000000704ea00000,0x000000704eb00000)]
  0x000001a315b42000 JavaThread "Sweeper thread" daemon [_thread_blocked, id=11780, stack(0x000000704eb00000,0x000000704ec00000)]
  0x000001a315b27000 JavaThread "Service Thread" daemon [_thread_blocked, id=17524, stack(0x000000704ec00000,0x000000704ed00000)]
  0x000001a315b28000 JavaThread "Common-Cleaner" daemon [_thread_blocked, id=10724, stack(0x000000704ee00000,0x000000704ef00000)]
  0x000001a315b29800 JavaThread "Monitor Ctrl-Break" daemon [_thread_in_native, id=4548, stack(0x000000704ef00000,0x000000704f000000)]
  0x000001a315b2a800 JavaThread "Java2D Disposer" daemon [_thread_blocked, id=4556, stack(0x000000704f000000,0x000000704f100000)]
  0x000001a315b2b000 JavaThread "AWT-Shutdown" [_thread_blocked, id=11976, stack(0x000000704f100000,0x000000704f200000)]
  0x000001a315b25800 JavaThread "AWT-Windows" daemon [_thread_in_native, id=10508, stack(0x000000704f200000,0x000000704f300000)]
  0x000001a315b2c000 JavaThread "AWT-EventQueue-0" [_thread_blocked, id=19360, stack(0x000000704f300000,0x000000704f400000)]
  0x000001a3168b4800 JavaThread "DestroyJavaVM" [_thread_blocked, id=2408, stack(0x000000704de00000,0x000000704df00000)]
  0x000001a3168af800 JavaThread "TimerQueue" daemon [_thread_blocked, id=17988, stack(0x000000704f600000,0x000000704f700000)]
=>0x000001a3168b6000 JavaThread "Thread-0" [_thread_in_native, id=15032, stack(0x000000704f700000,0x000000704f800000)]

Other Threads:
  0x000001a315af6800 VMThread "VM Thread" [stack: 0x000000704e400000,0x000000704e500000] [id=8888]
  0x000001a3164b5000 WatcherThread [stack: 0x000000704ed00000,0x000000704ee00000] [id=3880]
  0x000001a3755c2000 GCTaskThread "GC Thread#0" [stack: 0x000000704df00000,0x000000704e000000] [id=15728]
  0x000001a3755d3800 ConcurrentGCThread "G1 Main Marker" [stack: 0x000000704e000000,0x000000704e100000] [id=13684]
  0x000001a3755d5000 ConcurrentGCThread "G1 Conc#0" [stack: 0x000000704e100000,0x000000704e200000] [id=8036]
  0x000001a37564d800 ConcurrentGCThread "G1 Refine#0" [stack: 0x000000704e200000,0x000000704e300000] [id=14820]
  0x000001a315973800 ConcurrentGCThread "G1 Young RemSet Sampling" [stack: 0x000000704e300000,0x000000704e400000] [id=17164]

Threads with active compile tasks:

VM state:not at safepoint (normal execution)

VM Mutex/Monitor currently owned by a thread: None

Heap address: 0x0000000081a00000, size: 2022 MB, Compressed Oops mode: 32-bit
Narrow klass base: 0x0000000800000000, Narrow klass shift: 3
Compressed class space size: 1073741824 Address: 0x0000000800b40000

Heap:
 garbage-first heap   total 131072K, used 13312K [0x0000000081a00000, 0x0000000100000000)
  region size 1024K, 10 young (10240K), 0 survivors (0K)
 Metaspace       used 10783K, capacity 11075K, committed 11136K, reserved 1058816K
  class space    used 1262K, capacity 1378K, committed 1408K, reserved 1048576K
Heap Regions: E=young(eden), S=young(survivor), O=old, HS=humongous(starts), HC=humongous(continues), CS=collection set, F=free, A=archive, TAMS=top-at-mark-start (previous, next)
|   0|0x0000000081a00000, 0x0000000081b00000, 0x0000000081b00000|100%|HS|  |TAMS 0x0000000081a00000, 0x0000000081a00000| Complete 
|   1|0x0000000081b00000, 0x0000000081c00000, 0x0000000081c00000|100%|HC|  |TAMS 0x0000000081b00000, 0x0000000081b00000| Complete 
|   2|0x0000000081c00000, 0x0000000081d00000, 0x0000000081d00000|100%|HS|  |TAMS 0x0000000081c00000, 0x0000000081c00000| Complete 
|   3|0x0000000081d00000, 0x0000000081e00000, 0x0000000081e00000|100%|HS|  |TAMS 0x0000000081d00000, 0x0000000081d00000| Complete 
|   4|0x0000000081e00000, 0x0000000081f00000, 0x0000000081f00000|100%|HS|  |TAMS 0x0000000081e00000, 0x0000000081e00000| Complete 
|   5|0x0000000081f00000, 0x0000000081f00000, 0x0000000082000000|  0%| F|  |TAMS 0x0000000081f00000, 0x0000000081f00000| Untracked 
|   6|0x0000000082000000, 0x0000000082000000, 0x0000000082100000|  0%| F|  |TAMS 0x0000000082000000, 0x0000000082000000| Untracked 
|   7|0x0000000082100000, 0x0000000082100000, 0x0000000082200000|  0%| F|  |TAMS 0x0000000082100000, 0x0000000082100000| Untracked 
|   8|0x0000000082200000, 0x0000000082200000, 0x0000000082300000|  0%| F|  |TAMS 0x0000000082200000, 0x0000000082200000| Untracked 
|   9|0x0000000082300000, 0x0000000082300000, 0x0000000082400000|  0%| F|  |TAMS 0x0000000082300000, 0x0000000082300000| Untracked 
|  10|0x0000000082400000, 0x0000000082400000, 0x0000000082500000|  0%| F|  |TAMS 0x0000000082400000, 0x0000000082400000| Untracked 
|  11|0x0000000082500000, 0x0000000082500000, 0x0000000082600000|  0%| F|  |TAMS 0x0000000082500000, 0x0000000082500000| Untracked 
|  12|0x0000000082600000, 0x0000000082600000, 0x0000000082700000|  0%| F|  |TAMS 0x0000000082600000, 0x0000000082600000| Untracked 
|  13|0x0000000082700000, 0x0000000082700000, 0x0000000082800000|  0%| F|  |TAMS 0x0000000082700000, 0x0000000082700000| Untracked 
|  14|0x0000000082800000, 0x0000000082800000, 0x0000000082900000|  0%| F|  |TAMS 0x0000000082800000, 0x0000000082800000| Untracked 
|  15|0x0000000082900000, 0x0000000082900000, 0x0000000082a00000|  0%| F|  |TAMS 0x0000000082900000, 0x0000000082900000| Untracked 
|  16|0x0000000082a00000, 0x0000000082a00000, 0x0000000082b00000|  0%| F|  |TAMS 0x0000000082a00000, 0x0000000082a00000| Untracked 
|  17|0x0000000082b00000, 0x0000000082b00000, 0x0000000082c00000|  0%| F|  |TAMS 0x0000000082b00000, 0x0000000082b00000| Untracked 
|  18|0x0000000082c00000, 0x0000000082c00000, 0x0000000082d00000|  0%| F|  |TAMS 0x0000000082c00000, 0x0000000082c00000| Untracked 
|  19|0x0000000082d00000, 0x0000000082d00000, 0x0000000082e00000|  0%| F|  |TAMS 0x0000000082d00000, 0x0000000082d00000| Untracked 
|  20|0x0000000082e00000, 0x0000000082e00000, 0x0000000082f00000|  0%| F|  |TAMS 0x0000000082e00000, 0x0000000082e00000| Untracked 
|  21|0x0000000082f00000, 0x0000000082f00000, 0x0000000083000000|  0%| F|  |TAMS 0x0000000082f00000, 0x0000000082f00000| Untracked 
|  22|0x0000000083000000, 0x0000000083000000, 0x0000000083100000|  0%| F|  |TAMS 0x0000000083000000, 0x0000000083000000| Untracked 
|  23|0x0000000083100000, 0x0000000083100000, 0x0000000083200000|  0%| F|  |TAMS 0x0000000083100000, 0x0000000083100000| Untracked 
|  24|0x0000000083200000, 0x0000000083200000, 0x0000000083300000|  0%| F|  |TAMS 0x0000000083200000, 0x0000000083200000| Untracked 
|  25|0x0000000083300000, 0x0000000083300000, 0x0000000083400000|  0%| F|  |TAMS 0x0000000083300000, 0x0000000083300000| Untracked 
|  26|0x0000000083400000, 0x0000000083400000, 0x0000000083500000|  0%| F|  |TAMS 0x0000000083400000, 0x0000000083400000| Untracked 
|  27|0x0000000083500000, 0x0000000083500000, 0x0000000083600000|  0%| F|  |TAMS 0x0000000083500000, 0x0000000083500000| Untracked 
|  28|0x0000000083600000, 0x0000000083600000, 0x0000000083700000|  0%| F|  |TAMS 0x0000000083600000, 0x0000000083600000| Untracked 
|  29|0x0000000083700000, 0x0000000083700000, 0x0000000083800000|  0%| F|  |TAMS 0x0000000083700000, 0x0000000083700000| Untracked 
|  30|0x0000000083800000, 0x0000000083800000, 0x0000000083900000|  0%| F|  |TAMS 0x0000000083800000, 0x0000000083800000| Untracked 
|  31|0x0000000083900000, 0x0000000083900000, 0x0000000083a00000|  0%| F|  |TAMS 0x0000000083900000, 0x0000000083900000| Untracked 
|  32|0x0000000083a00000, 0x0000000083a00000, 0x0000000083b00000|  0%| F|  |TAMS 0x0000000083a00000, 0x0000000083a00000| Untracked 
|  33|0x0000000083b00000, 0x0000000083b00000, 0x0000000083c00000|  0%| F|  |TAMS 0x0000000083b00000, 0x0000000083b00000| Untracked 
|  34|0x0000000083c00000, 0x0000000083c00000, 0x0000000083d00000|  0%| F|  |TAMS 0x0000000083c00000, 0x0000000083c00000| Untracked 
|  35|0x0000000083d00000, 0x0000000083d00000, 0x0000000083e00000|  0%| F|  |TAMS 0x0000000083d00000, 0x0000000083d00000| Untracked 
|  36|0x0000000083e00000, 0x0000000083e00000, 0x0000000083f00000|  0%| F|  |TAMS 0x0000000083e00000, 0x0000000083e00000| Untracked 
|  37|0x0000000083f00000, 0x0000000083f00000, 0x0000000084000000|  0%| F|  |TAMS 0x0000000083f00000, 0x0000000083f00000| Untracked 
|  38|0x0000000084000000, 0x0000000084000000, 0x0000000084100000|  0%| F|  |TAMS 0x0000000084000000, 0x0000000084000000| Untracked 
|  39|0x0000000084100000, 0x0000000084100000, 0x0000000084200000|  0%| F|  |TAMS 0x0000000084100000, 0x0000000084100000| Untracked 
|  40|0x0000000084200000, 0x0000000084200000, 0x0000000084300000|  0%| F|  |TAMS 0x0000000084200000, 0x0000000084200000| Untracked 
|  41|0x0000000084300000, 0x0000000084300000, 0x0000000084400000|  0%| F|  |TAMS 0x0000000084300000, 0x0000000084300000| Untracked 
|  42|0x0000000084400000, 0x0000000084400000, 0x0000000084500000|  0%| F|  |TAMS 0x0000000084400000, 0x0000000084400000| Untracked 
|  43|0x0000000084500000, 0x0000000084500000, 0x0000000084600000|  0%| F|  |TAMS 0x0000000084500000, 0x0000000084500000| Untracked 
|  44|0x0000000084600000, 0x0000000084600000, 0x0000000084700000|  0%| F|  |TAMS 0x0000000084600000, 0x0000000084600000| Untracked 
|  45|0x0000000084700000, 0x0000000084700000, 0x0000000084800000|  0%| F|  |TAMS 0x0000000084700000, 0x0000000084700000| Untracked 
|  46|0x0000000084800000, 0x0000000084800000, 0x0000000084900000|  0%| F|  |TAMS 0x0000000084800000, 0x0000000084800000| Untracked 
|  47|0x0000000084900000, 0x0000000084900000, 0x0000000084a00000|  0%| F|  |TAMS 0x0000000084900000, 0x0000000084900000| Untracked 
|  48|0x0000000084a00000, 0x0000000084a00000, 0x0000000084b00000|  0%| F|  |TAMS 0x0000000084a00000, 0x0000000084a00000| Untracked 
|  49|0x0000000084b00000, 0x0000000084b00000, 0x0000000084c00000|  0%| F|  |TAMS 0x0000000084b00000, 0x0000000084b00000| Untracked 
|  50|0x0000000084c00000, 0x0000000084c00000, 0x0000000084d00000|  0%| F|  |TAMS 0x0000000084c00000, 0x0000000084c00000| Untracked 
|  51|0x0000000084d00000, 0x0000000084d00000, 0x0000000084e00000|  0%| F|  |TAMS 0x0000000084d00000, 0x0000000084d00000| Untracked 
|  52|0x0000000084e00000, 0x0000000084e00000, 0x0000000084f00000|  0%| F|  |TAMS 0x0000000084e00000, 0x0000000084e00000| Untracked 
|  53|0x0000000084f00000, 0x0000000084f00000, 0x0000000085000000|  0%| F|  |TAMS 0x0000000084f00000, 0x0000000084f00000| Untracked 
|  54|0x0000000085000000, 0x0000000085000000, 0x0000000085100000|  0%| F|  |TAMS 0x0000000085000000, 0x0000000085000000| Untracked 
|  55|0x0000000085100000, 0x0000000085100000, 0x0000000085200000|  0%| F|  |TAMS 0x0000000085100000, 0x0000000085100000| Untracked 
|  56|0x0000000085200000, 0x0000000085200000, 0x0000000085300000|  0%| F|  |TAMS 0x0000000085200000, 0x0000000085200000| Untracked 
|  57|0x0000000085300000, 0x0000000085300000, 0x0000000085400000|  0%| F|  |TAMS 0x0000000085300000, 0x0000000085300000| Untracked 
|  58|0x0000000085400000, 0x0000000085400000, 0x0000000085500000|  0%| F|  |TAMS 0x0000000085400000, 0x0000000085400000| Untracked 
|  59|0x0000000085500000, 0x0000000085500000, 0x0000000085600000|  0%| F|  |TAMS 0x0000000085500000, 0x0000000085500000| Untracked 
|  60|0x0000000085600000, 0x0000000085600000, 0x0000000085700000|  0%| F|  |TAMS 0x0000000085600000, 0x0000000085600000| Untracked 
|  61|0x0000000085700000, 0x0000000085700000, 0x0000000085800000|  0%| F|  |TAMS 0x0000000085700000, 0x0000000085700000| Untracked 
|  62|0x0000000085800000, 0x0000000085800000, 0x0000000085900000|  0%| F|  |TAMS 0x0000000085800000, 0x0000000085800000| Untracked 
|  63|0x0000000085900000, 0x0000000085900000, 0x0000000085a00000|  0%| F|  |TAMS 0x0000000085900000, 0x0000000085900000| Untracked 
|  64|0x0000000085a00000, 0x0000000085a00000, 0x0000000085b00000|  0%| F|  |TAMS 0x0000000085a00000, 0x0000000085a00000| Untracked 
|  65|0x0000000085b00000, 0x0000000085b00000, 0x0000000085c00000|  0%| F|  |TAMS 0x0000000085b00000, 0x0000000085b00000| Untracked 
|  66|0x0000000085c00000, 0x0000000085c00000, 0x0000000085d00000|  0%| F|  |TAMS 0x0000000085c00000, 0x0000000085c00000| Untracked 
|  67|0x0000000085d00000, 0x0000000085d00000, 0x0000000085e00000|  0%| F|  |TAMS 0x0000000085d00000, 0x0000000085d00000| Untracked 
|  68|0x0000000085e00000, 0x0000000085e00000, 0x0000000085f00000|  0%| F|  |TAMS 0x0000000085e00000, 0x0000000085e00000| Untracked 
|  69|0x0000000085f00000, 0x0000000085f00000, 0x0000000086000000|  0%| F|  |TAMS 0x0000000085f00000, 0x0000000085f00000| Untracked 
|  70|0x0000000086000000, 0x0000000086000000, 0x0000000086100000|  0%| F|  |TAMS 0x0000000086000000, 0x0000000086000000| Untracked 
|  71|0x0000000086100000, 0x0000000086100000, 0x0000000086200000|  0%| F|  |TAMS 0x0000000086100000, 0x0000000086100000| Untracked 
|  72|0x0000000086200000, 0x0000000086200000, 0x0000000086300000|  0%| F|  |TAMS 0x0000000086200000, 0x0000000086200000| Untracked 
|  73|0x0000000086300000, 0x0000000086300000, 0x0000000086400000|  0%| F|  |TAMS 0x0000000086300000, 0x0000000086300000| Untracked 
|  74|0x0000000086400000, 0x0000000086400000, 0x0000000086500000|  0%| F|  |TAMS 0x0000000086400000, 0x0000000086400000| Untracked 
|  75|0x0000000086500000, 0x0000000086500000, 0x0000000086600000|  0%| F|  |TAMS 0x0000000086500000, 0x0000000086500000| Untracked 
|  76|0x0000000086600000, 0x0000000086600000, 0x0000000086700000|  0%| F|  |TAMS 0x0000000086600000, 0x0000000086600000| Untracked 
|  77|0x0000000086700000, 0x0000000086700000, 0x0000000086800000|  0%| F|  |TAMS 0x0000000086700000, 0x0000000086700000| Untracked 
|  78|0x0000000086800000, 0x0000000086800000, 0x0000000086900000|  0%| F|  |TAMS 0x0000000086800000, 0x0000000086800000| Untracked 
|  79|0x0000000086900000, 0x0000000086900000, 0x0000000086a00000|  0%| F|  |TAMS 0x0000000086900000, 0x0000000086900000| Untracked 
|  80|0x0000000086a00000, 0x0000000086a00000, 0x0000000086b00000|  0%| F|  |TAMS 0x0000000086a00000, 0x0000000086a00000| Untracked 
|  81|0x0000000086b00000, 0x0000000086b00000, 0x0000000086c00000|  0%| F|  |TAMS 0x0000000086b00000, 0x0000000086b00000| Untracked 
|  82|0x0000000086c00000, 0x0000000086c00000, 0x0000000086d00000|  0%| F|  |TAMS 0x0000000086c00000, 0x0000000086c00000| Untracked 
|  83|0x0000000086d00000, 0x0000000086d00000, 0x0000000086e00000|  0%| F|  |TAMS 0x0000000086d00000, 0x0000000086d00000| Untracked 
|  84|0x0000000086e00000, 0x0000000086e00000, 0x0000000086f00000|  0%| F|  |TAMS 0x0000000086e00000, 0x0000000086e00000| Untracked 
|  85|0x0000000086f00000, 0x0000000086f00000, 0x0000000087000000|  0%| F|  |TAMS 0x0000000086f00000, 0x0000000086f00000| Untracked 
|  86|0x0000000087000000, 0x0000000087000000, 0x0000000087100000|  0%| F|  |TAMS 0x0000000087000000, 0x0000000087000000| Untracked 
|  87|0x0000000087100000, 0x0000000087100000, 0x0000000087200000|  0%| F|  |TAMS 0x0000000087100000, 0x0000000087100000| Untracked 
|  88|0x0000000087200000, 0x0000000087200000, 0x0000000087300000|  0%| F|  |TAMS 0x0000000087200000, 0x0000000087200000| Untracked 
|  89|0x0000000087300000, 0x0000000087300000, 0x0000000087400000|  0%| F|  |TAMS 0x0000000087300000, 0x0000000087300000| Untracked 
|  90|0x0000000087400000, 0x0000000087400000, 0x0000000087500000|  0%| F|  |TAMS 0x0000000087400000, 0x0000000087400000| Untracked 
|  91|0x0000000087500000, 0x0000000087500000, 0x0000000087600000|  0%| F|  |TAMS 0x0000000087500000, 0x0000000087500000| Untracked 
|  92|0x0000000087600000, 0x0000000087600000, 0x0000000087700000|  0%| F|  |TAMS 0x0000000087600000, 0x0000000087600000| Untracked 
|  93|0x0000000087700000, 0x0000000087700000, 0x0000000087800000|  0%| F|  |TAMS 0x0000000087700000, 0x0000000087700000| Untracked 
|  94|0x0000000087800000, 0x0000000087800000, 0x0000000087900000|  0%| F|  |TAMS 0x0000000087800000, 0x0000000087800000| Untracked 
|  95|0x0000000087900000, 0x0000000087900000, 0x0000000087a00000|  0%| F|  |TAMS 0x0000000087900000, 0x0000000087900000| Untracked 
|  96|0x0000000087a00000, 0x0000000087a00000, 0x0000000087b00000|  0%| F|  |TAMS 0x0000000087a00000, 0x0000000087a00000| Untracked 
|  97|0x0000000087b00000, 0x0000000087b00000, 0x0000000087c00000|  0%| F|  |TAMS 0x0000000087b00000, 0x0000000087b00000| Untracked 
|  98|0x0000000087c00000, 0x0000000087c00000, 0x0000000087d00000|  0%| F|  |TAMS 0x0000000087c00000, 0x0000000087c00000| Untracked 
|  99|0x0000000087d00000, 0x0000000087d00000, 0x0000000087e00000|  0%| F|  |TAMS 0x0000000087d00000, 0x0000000087d00000| Untracked 
| 100|0x0000000087e00000, 0x0000000087e00000, 0x0000000087f00000|  0%| F|  |TAMS 0x0000000087e00000, 0x0000000087e00000| Untracked 
| 101|0x0000000087f00000, 0x0000000087f00000, 0x0000000088000000|  0%| F|  |TAMS 0x0000000087f00000, 0x0000000087f00000| Untracked 
| 102|0x0000000088000000, 0x0000000088000000, 0x0000000088100000|  0%| F|  |TAMS 0x0000000088000000, 0x0000000088000000| Untracked 
| 103|0x0000000088100000, 0x0000000088100000, 0x0000000088200000|  0%| F|  |TAMS 0x0000000088100000, 0x0000000088100000| Untracked 
| 104|0x0000000088200000, 0x0000000088200000, 0x0000000088300000|  0%| F|  |TAMS 0x0000000088200000, 0x0000000088200000| Untracked 
| 105|0x0000000088300000, 0x0000000088300000, 0x0000000088400000|  0%| F|  |TAMS 0x0000000088300000, 0x0000000088300000| Untracked 
| 106|0x0000000088400000, 0x0000000088400000, 0x0000000088500000|  0%| F|  |TAMS 0x0000000088400000, 0x0000000088400000| Untracked 
| 107|0x0000000088500000, 0x0000000088500000, 0x0000000088600000|  0%| F|  |TAMS 0x0000000088500000, 0x0000000088500000| Untracked 
| 108|0x0000000088600000, 0x0000000088600000, 0x0000000088700000|  0%| F|  |TAMS 0x0000000088600000, 0x0000000088600000| Untracked 
| 109|0x0000000088700000, 0x0000000088700000, 0x0000000088800000|  0%| F|  |TAMS 0x0000000088700000, 0x0000000088700000| Untracked 
| 110|0x0000000088800000, 0x0000000088800000, 0x0000000088900000|  0%| F|  |TAMS 0x0000000088800000, 0x0000000088800000| Untracked 
| 111|0x0000000088900000, 0x0000000088900000, 0x0000000088a00000|  0%| F|  |TAMS 0x0000000088900000, 0x0000000088900000| Untracked 
| 112|0x0000000088a00000, 0x0000000088a00000, 0x0000000088b00000|  0%| F|  |TAMS 0x0000000088a00000, 0x0000000088a00000| Untracked 
| 113|0x0000000088b00000, 0x0000000088b00000, 0x0000000088c00000|  0%| F|  |TAMS 0x0000000088b00000, 0x0000000088b00000| Untracked 
| 114|0x0000000088c00000, 0x0000000088c00000, 0x0000000088d00000|  0%| F|  |TAMS 0x0000000088c00000, 0x0000000088c00000| Untracked 
| 115|0x0000000088d00000, 0x0000000088d00000, 0x0000000088e00000|  0%| F|  |TAMS 0x0000000088d00000, 0x0000000088d00000| Untracked 
| 116|0x0000000088e00000, 0x0000000088e00000, 0x0000000088f00000|  0%| F|  |TAMS 0x0000000088e00000, 0x0000000088e00000| Untracked 
| 117|0x0000000088f00000, 0x0000000088f00000, 0x0000000089000000|  0%| F|  |TAMS 0x0000000088f00000, 0x0000000088f00000| Untracked 
| 118|0x0000000089000000, 0x0000000089090228, 0x0000000089100000| 56%| E|  |TAMS 0x0000000089000000, 0x0000000089000000| Complete 
| 119|0x0000000089100000, 0x0000000089200000, 0x0000000089200000|100%| E|CS|TAMS 0x0000000089100000, 0x0000000089100000| Complete 
| 120|0x0000000089200000, 0x0000000089300000, 0x0000000089300000|100%| E|CS|TAMS 0x0000000089200000, 0x0000000089200000| Complete 
| 121|0x0000000089300000, 0x0000000089400000, 0x0000000089400000|100%| E|CS|TAMS 0x0000000089300000, 0x0000000089300000| Complete 
| 122|0x0000000089400000, 0x0000000089500000, 0x0000000089500000|100%| E|CS|TAMS 0x0000000089400000, 0x0000000089400000| Complete 
| 123|0x0000000089500000, 0x0000000089600000, 0x0000000089600000|100%| E|CS|TAMS 0x0000000089500000, 0x0000000089500000| Complete 
| 124|0x0000000089600000, 0x0000000089700000, 0x0000000089700000|100%| E|CS|TAMS 0x0000000089600000, 0x0000000089600000| Complete 
| 125|0x0000000089700000, 0x0000000089800000, 0x0000000089800000|100%| E|CS|TAMS 0x0000000089700000, 0x0000000089700000| Complete 
| 126|0x0000000089800000, 0x0000000089900000, 0x0000000089900000|100%| E|  |TAMS 0x0000000089800000, 0x0000000089800000| Complete 
| 127|0x0000000089900000, 0x0000000089a00000, 0x0000000089a00000|100%| E|CS|TAMS 0x0000000089900000, 0x0000000089900000| Complete 

Card table byte_map: [0x000001a30f000000,0x000001a30f400000] _byte_map_base: 0x000001a30ebf3000

Marking Bits (Prev, Next): (CMBitMap*) 0x000001a3755c3058, (CMBitMap*) 0x000001a3755c3098
 Prev Bits: [0x000001a30f800000, 0x000001a311798000)
 Next Bits: [0x000001a3117a0000, 0x000001a313738000)

Polling page: 0x000001a375360000

Metaspace:

Usage:
  Non-class:      9.47 MB capacity,     9.30 MB ( 98%) used,   153.71 KB (  2%) free+waste,    22.00 KB ( <1%) overhead. 
      Class:      1.35 MB capacity,     1.23 MB ( 92%) used,   102.07 KB (  7%) free+waste,    13.38 KB ( <1%) overhead. 
       Both:     10.82 MB capacity,    10.53 MB ( 97%) used,   255.78 KB (  2%) free+waste,    35.38 KB ( <1%) overhead. 

Virtual space:
  Non-class space:       10.00 MB reserved,       9.50 MB ( 95%) committed 
      Class space:        1.00 GB reserved,       1.38 MB ( <1%) committed 
             Both:        1.01 GB reserved,      10.88 MB (  1%) committed 

Chunk freelists:
   Non-Class:  31.00 KB
       Class:  30.00 KB
        Both:  61.00 KB

MaxMetaspaceSize: 17179869184.00 GB
CompressedClassSpaceSize: 1.00 GB

CodeHeap 'non-profiled nmethods': size=120064Kb used=344Kb max_used=344Kb free=119719Kb
 bounds [0x000001a307ac0000, 0x000001a307d30000, 0x000001a30f000000]
CodeHeap 'profiled nmethods': size=120000Kb used=2177Kb max_used=2177Kb free=117822Kb
 bounds [0x000001a300590000, 0x000001a300800000, 0x000001a307ac0000]
CodeHeap 'non-nmethods': size=5696Kb used=1331Kb max_used=1346Kb free=4364Kb
 bounds [0x000001a300000000, 0x000001a300270000, 0x000001a300590000]
 total_blobs=2274 nmethods=1201 adapters=536
 compilation: enabled
              stopped_count=0, restarted_count=0
 full_count=0

Compilation events (20 events):
Event: 5.022 Thread 0x000001a315b32800 1191       3       java.util.concurrent.locks.AbstractQueuedSynchronizer::transferForSignal (45 bytes)
Event: 5.023 Thread 0x000001a315b32800 nmethod 1191 0x000001a3007a6510 code [0x000001a3007a6800, 0x000001a3007a77a0]
Event: 5.047 Thread 0x000001a315b32800 1192       3       sun.awt.im.InputMethodContext::dispatchEvent (62 bytes)
Event: 5.047 Thread 0x000001a315b32800 nmethod 1192 0x000001a3007a7d10 code [0x000001a3007a7f80, 0x000001a3007a8ce0]
Event: 5.047 Thread 0x000001a315b32800 1193       3       sun.awt.im.InputContext::dispatchEvent (173 bytes)
Event: 5.049 Thread 0x000001a315b32800 nmethod 1193 0x000001a3007a8f90 code [0x000001a3007a9320, 0x000001a3007ab850]
Event: 5.049 Thread 0x000001a315b32800 1194       3       sun.awt.windows.WToolkit::showOrHideTouchKeyboard (199 bytes)
Event: 5.050 Thread 0x000001a315b32800 nmethod 1194 0x000001a3007abe90 code [0x000001a3007ac260, 0x000001a3007ae540]
Event: 5.451 Thread 0x000001a315b32800 1195       3       java.util.WeakHashMap::indexFor (6 bytes)
Event: 5.451 Thread 0x000001a315b32800 nmethod 1195 0x000001a3007aec90 code [0x000001a3007aee20, 0x000001a3007aef58]
Event: 5.452 Thread 0x000001a315b32800 1196       3       java.lang.ref.Cleaner::register (25 bytes)
Event: 5.453 Thread 0x000001a315b32800 nmethod 1196 0x000001a3007af010 code [0x000001a3007af220, 0x000001a3007af810]
Event: 5.453 Thread 0x000001a315b32800 1197       3       jdk.internal.ref.CleanerImpl$PhantomCleanableRef::<init> (12 bytes)
Event: 5.453 Thread 0x000001a315b32800 nmethod 1197 0x000001a3007afa10 code [0x000001a3007afbc0, 0x000001a3007afdf0]
Event: 5.454 Thread 0x000001a315b32800 1198       3       javax.swing.JComponent::getX (5 bytes)
Event: 5.456 Thread 0x000001a315b32800 nmethod 1198 0x000001a3007afe90 code [0x000001a3007b0040, 0x000001a3007b01d8]
Event: 5.456 Thread 0x000001a315b32800 1199       3       javax.swing.JComponent::getY (5 bytes)
Event: 5.456 Thread 0x000001a315b32800 nmethod 1199 0x000001a3007b0290 code [0x000001a3007b0440, 0x000001a3007b05d8]
Event: 5.458 Thread 0x000001a315b32800 1200       1       sun.java2d.loops.RenderCache$Entry::getValue (5 bytes)
Event: 5.458 Thread 0x000001a315b32800 nmethod 1200 0x000001a307b15810 code [0x000001a307b159a0, 0x000001a307b15ad8]

GC Heap History (0 events):
No events

Deoptimization events (20 events):
Event: 0.213 Thread 0x000001a375580800 Uncommon trap: trap_request=0xffffff45 fr.pc=0x000001a307ac86ac relative=0x000000000000008c
Event: 0.213 Thread 0x000001a375580800 Uncommon trap: reason=unstable_if action=reinterpret pc=0x000001a307ac86ac method=java.lang.String.charAt(I)C @ 4 c2
Event: 0.213 Thread 0x000001a375580800 DEOPT PACKING pc=0x000001a307ac86ac sp=0x000000704defc480
Event: 0.213 Thread 0x000001a375580800 DEOPT UNPACKING pc=0x000001a30004912f sp=0x000000704defc420 mode 2
Event: 0.299 Thread 0x000001a315b2c000 Uncommon trap: trap_request=0xffffff45 fr.pc=0x000001a307adfd3c relative=0x000000000000021c
Event: 0.299 Thread 0x000001a315b2c000 Uncommon trap: reason=unstable_if action=reinterpret pc=0x000001a307adfd3c method=java.lang.String.hashCode()I @ 20 c2
Event: 0.299 Thread 0x000001a315b2c000 DEOPT PACKING pc=0x000001a307adfd3c sp=0x000000704f3fd470
Event: 0.299 Thread 0x000001a315b2c000 DEOPT UNPACKING pc=0x000001a30004912f sp=0x000000704f3fd400 mode 2
Event: 0.380 Thread 0x000001a315b2c000 Uncommon trap: trap_request=0xffffff45 fr.pc=0x000001a307ae42ac relative=0x000000000000018c
Event: 0.380 Thread 0x000001a315b2c000 Uncommon trap: reason=unstable_if action=reinterpret pc=0x000001a307ae42ac method=java.lang.String.equals(Ljava/lang/Object;)Z @ 33 c2
Event: 0.380 Thread 0x000001a315b2c000 DEOPT PACKING pc=0x000001a307ae42ac sp=0x000000704f3feef0
Event: 0.380 Thread 0x000001a315b2c000 DEOPT UNPACKING pc=0x000001a30004912f sp=0x000000704f3fee90 mode 2
Event: 2.111 Thread 0x000001a315b2c000 Uncommon trap: trap_request=0xffffffde fr.pc=0x000001a307aef3a8 relative=0x0000000000000188
Event: 2.111 Thread 0x000001a315b2c000 Uncommon trap: reason=class_check action=maybe_recompile pc=0x000001a307aef3a8 method=java.lang.String.equals(Ljava/lang/Object;)Z @ 8 c2
Event: 2.111 Thread 0x000001a315b2c000 DEOPT PACKING pc=0x000001a307aef3a8 sp=0x000000704f3fe3e0
Event: 2.111 Thread 0x000001a315b2c000 DEOPT UNPACKING pc=0x000001a30004912f sp=0x000000704f3fe368 mode 2
Event: 2.111 Thread 0x000001a315b2c000 Uncommon trap: trap_request=0xffffffde fr.pc=0x000001a307aef3a8 relative=0x0000000000000188
Event: 2.111 Thread 0x000001a315b2c000 Uncommon trap: reason=class_check action=maybe_recompile pc=0x000001a307aef3a8 method=java.lang.String.equals(Ljava/lang/Object;)Z @ 8 c2
Event: 2.111 Thread 0x000001a315b2c000 DEOPT PACKING pc=0x000001a307aef3a8 sp=0x000000704f3fe3e0
Event: 2.111 Thread 0x000001a315b2c000 DEOPT UNPACKING pc=0x000001a30004912f sp=0x000000704f3fe368 mode 2

Classes unloaded (0 events):
No events

Classes redefined (0 events):
No events

Internal exceptions (18 events):
Event: 0.188 Thread 0x000001a375580800 Exception <a 'java/lang/ClassNotFoundException'{0x00000000898fb528}: sun/awt/resources/spi/awtProvider> (0x00000000898fb528) 
thrown [t:/workspace/open/src/hotspot/share/classfile/systemDictionary.cpp, line 232]
Event: 0.215 Thread 0x000001a375580800 Exception <a 'java/io/FileNotFoundException'{0x00000000897d6bd0}> (0x00000000897d6bd0) 
thrown [t:/workspace/open/src/hotspot/share/prims/jni.cpp, line 598]
Event: 0.222 Thread 0x000001a375580800 Exception <a 'java/io/FileNotFoundException'{0x00000000897fd4c8}> (0x00000000897fd4c8) 
thrown [t:/workspace/open/src/hotspot/share/prims/jni.cpp, line 598]
Event: 0.267 Thread 0x000001a315b25800 Exception <a 'java/lang/NoSuchMethodError'{0x000000008964d298}: 'void java.lang.invoke.DirectMethodHandle$Holder.invokeSpecial(java.lang.Object, java.lang.Object)'> (0x000000008964d298) 
thrown [t:/workspace/open/src/hotspot/share/interpreter/linkResolver.cpp, line 767]
Event: 0.312 Thread 0x000001a315b2c000 Exception <a 'java/lang/NoSuchMethodError'{0x00000000895363d8}: 'java.lang.Object java.lang.invoke.DirectMethodHandle$Holder.invokeStatic(java.lang.Object, int, java.lang.Object, java.lang.Object, java.lang.Object, java.lang.Object)'> (0x00000000895363d8) 
thrown [t:/workspace/open/src/hotspot/share/interpreter/linkResolver.cpp, line 767]
Event: 0.313 Thread 0x000001a315b2c000 Exception <a 'java/lang/NoSuchMethodError'{0x000000008953cd38}: 'java.lang.Object java.lang.invoke.DirectMethodHandle$Holder.invokeStatic(java.lang.Object, int, java.lang.Object, java.lang.Object, java.lang.Object)'> (0x000000008953cd38) 
thrown [t:/workspace/open/src/hotspot/share/interpreter/linkResolver.cpp, line 767]
Event: 0.313 Thread 0x000001a315b2c000 Exception <a 'java/lang/NoSuchMethodError'{0x00000000895405a0}: 'java.lang.Object java.lang.invoke.DirectMethodHandle$Holder.invokeSpecial(java.lang.Object, java.lang.Object, int, java.lang.Object, java.lang.Object, java.lang.Object)'> (0x00000000895405a0) 
thrown [t:/workspace/open/src/hotspot/share/interpreter/linkResolver.cpp, line 767]
Event: 0.316 Thread 0x000001a315b2c000 Exception <a 'java/lang/NoSuchMethodError'{0x0000000089556b18}: 'java.lang.Object java.lang.invoke.DirectMethodHandle$Holder.invokeStatic(java.lang.Object, int, java.lang.Object)'> (0x0000000089556b18) 
thrown [t:/workspace/open/src/hotspot/share/interpreter/linkResolver.cpp, line 767]
Event: 0.337 Thread 0x000001a315b2c000 Exception <a 'java/lang/ClassNotFoundException'{0x00000000895fa040}: com/sun/swing/internal/plaf/metal/resources/spi/metalProvider> (0x00000000895fa040) 
thrown [t:/workspace/open/src/hotspot/share/classfile/systemDictionary.cpp, line 232]
Event: 0.339 Thread 0x000001a315b2c000 Exception <a 'java/lang/ClassNotFoundException'{0x00000000894002a8}: com/sun/swing/internal/plaf/basic/resources/spi/basicProvider> (0x00000000894002a8) 
thrown [t:/workspace/open/src/hotspot/share/classfile/systemDictionary.cpp, line 232]
Event: 0.436 Thread 0x000001a315b2c000 Exception <a 'java/io/FileNotFoundException'{0x00000000894b00e8}> (0x00000000894b00e8) 
thrown [t:/workspace/open/src/hotspot/share/prims/jni.cpp, line 598]
Event: 0.454 Thread 0x000001a315b2c000 Exception <a 'java/io/FileNotFoundException'{0x00000000894c1e40}> (0x00000000894c1e40) 
thrown [t:/workspace/open/src/hotspot/share/prims/jni.cpp, line 598]
Event: 0.457 Thread 0x000001a315b2c000 Exception <a 'java/io/FileNotFoundException'{0x00000000894d07a0}> (0x00000000894d07a0) 
thrown [t:/workspace/open/src/hotspot/share/prims/jni.cpp, line 598]
Event: 0.470 Thread 0x000001a315b2c000 Exception <a 'java/io/FileNotFoundException'{0x00000000894e21e8}> (0x00000000894e21e8) 
thrown [t:/workspace/open/src/hotspot/share/prims/jni.cpp, line 598]
Event: 0.553 Thread 0x000001a315b2c000 Exception <a 'java/lang/NoSuchMethodError'{0x000000008935ccd0}: 'void java.lang.invoke.DirectMethodHandle$Holder.invokeStaticInit(java.lang.Object)'> (0x000000008935ccd0) 
thrown [t:/workspace/open/src/hotspot/share/interpreter/linkResolver.cpp, line 767]
Event: 0.560 Thread 0x000001a315b2c000 Exception <a 'java/lang/NoSuchMethodError'{0x00000000893838c8}: 'java.lang.Object java.lang.invoke.Invokers$Holder.linkToTargetMethod(java.lang.Object, int, java.lang.Object)'> (0x00000000893838c8) 
thrown [t:/workspace/open/src/hotspot/share/interpreter/linkResolver.cpp, line 767]
Event: 2.095 Thread 0x000001a315b2c000 Exception <a 'java/io/FileNotFoundException'{0x00000000891185f0}> (0x00000000891185f0) 
thrown [t:/workspace/open/src/hotspot/share/prims/jni.cpp, line 598]
Event: 2.108 Thread 0x000001a315b2c000 Exception <a 'java/io/FileNotFoundException'{0x000000008912a090}> (0x000000008912a090) 
thrown [t:/workspace/open/src/hotspot/share/prims/jni.cpp, line 598]

Events (20 events):
Event: 4.274 loading class java/lang/IndexOutOfBoundsException done
Event: 4.275 loading class gnu/io/RXTXPort$MonitorThread
Event: 4.275 loading class gnu/io/RXTXPort$MonitorThread done
Event: 4.276 Thread 0x000001a3168b6000 Thread added: 0x000001a3168b6000
Event: 4.281 loading class javax/swing/text/AbstractDocument$ElementEdit
Event: 4.281 loading class javax/swing/text/AbstractDocument$ElementEdit done
Event: 4.283 Executing VM operation: RevokeBias
Event: 4.283 Executing VM operation: RevokeBias done
Event: 4.283 loading class com/server/modules/serial_port/MainFrame$4
Event: 4.283 loading class com/server/modules/serial_port/MainFrame$4 done
Event: 4.283 loading class com/server/modules/serial_port/SerialPortManager$SerialPortListener
Event: 4.283 loading class com/server/modules/serial_port/SerialPortManager$SerialPortListener done
Event: 5.038 loading class java/awt/LightweightDispatcher$2
Event: 5.038 loading class java/awt/LightweightDispatcher$2 done
Event: 6.487 Executing VM operation: RevokeBias
Event: 6.487 Executing VM operation: RevokeBias done
Event: 6.487 loading class gnu/io/SerialPortEvent
Event: 6.487 loading class gnu/io/SerialPortEvent done
Event: 6.488 Executing VM operation: RevokeBias
Event: 6.488 Executing VM operation: RevokeBias done


Dynamic libraries:
0x00007ff7e6ae0000 - 0x00007ff7e6aef000 	C:\Program Files\Java\jdk-13\bin\java.exe
0x00007ff868120000 - 0x00007ff868301000 	C:\WINDOWS\SYSTEM32\ntdll.dll
0x00007ff867f20000 - 0x00007ff867fd1000 	C:\WINDOWS\System32\KERNEL32.DLL
0x00007ff864e00000 - 0x00007ff865073000 	C:\WINDOWS\System32\KERNELBASE.dll
0x00007ff864260000 - 0x00007ff864358000 	C:\WINDOWS\System32\ucrtbase.dll
0x00007ff85cc40000 - 0x00007ff85cc58000 	C:\Program Files\Java\jdk-13\bin\jli.dll
0x00007ff85cc20000 - 0x00007ff85cc35000 	C:\Program Files\Java\jdk-13\bin\VCRUNTIME140.dll
0x00007ff865470000 - 0x00007ff865511000 	C:\WINDOWS\System32\ADVAPI32.dll
0x00007ff867cf0000 - 0x00007ff867d8e000 	C:\WINDOWS\System32\msvcrt.dll
0x00007ff867ad0000 - 0x00007ff867b2b000 	C:\WINDOWS\System32\sechost.dll
0x00007ff865cd0000 - 0x00007ff865df4000 	C:\WINDOWS\System32\RPCRT4.dll
0x00007ff867d90000 - 0x00007ff867f20000 	C:\WINDOWS\System32\USER32.dll
0x00007ff8641f0000 - 0x00007ff864210000 	C:\WINDOWS\System32\win32u.dll
0x00007ff8680c0000 - 0x00007ff8680e8000 	C:\WINDOWS\System32\GDI32.dll
0x00007ff864360000 - 0x00007ff8644f1000 	C:\WINDOWS\System32\gdi32full.dll
0x00007ff864650000 - 0x00007ff8646ef000 	C:\WINDOWS\System32\msvcp_win.dll
0x00007ff83dcc0000 - 0x00007ff83df29000 	C:\WINDOWS\WinSxS\amd64_microsoft.windows.common-controls_6595b64144ccf1df_6.0.17134.885_none_fb42a3473065565f\COMCTL32.dll
0x00007ff865800000 - 0x00007ff865b22000 	C:\WINDOWS\System32\combase.dll
0x00007ff865140000 - 0x00007ff8651b9000 	C:\WINDOWS\System32\bcryptPrimitives.dll
0x00007ff85ba70000 - 0x00007ff85ba7a000 	C:\WINDOWS\SYSTEM32\VERSION.dll
0x00007ff866360000 - 0x00007ff86638d000 	C:\WINDOWS\System32\IMM32.DLL
0x00007ff83d220000 - 0x00007ff83d2bb000 	C:\Program Files\Java\jdk-13\bin\msvcp140.dll
0x00007ff80d2b0000 - 0x00007ff80de16000 	C:\Program Files\Java\jdk-13\bin\server\jvm.dll
0x00007ff8645c0000 - 0x00007ff8645e3000 	C:\WINDOWS\System32\WINMM.dll
0x00007ff8641a0000 - 0x00007ff8641ca000 	C:\WINDOWS\System32\WINMMBASE.dll
0x00007ff864210000 - 0x00007ff864259000 	C:\WINDOWS\System32\cfgmgr32.dll
0x00007ff8655f0000 - 0x00007ff8655f8000 	C:\WINDOWS\System32\PSAPI.DLL
0x00007ff84e190000 - 0x00007ff84e199000 	C:\WINDOWS\SYSTEM32\WSOCK32.dll
0x00007ff865400000 - 0x00007ff86546c000 	C:\WINDOWS\System32\WS2_32.dll
0x00007ff864150000 - 0x00007ff864161000 	C:\WINDOWS\System32\kernel.appcore.dll
0x00007ff85e0c0000 - 0x00007ff85e0d0000 	C:\Program Files\Java\jdk-13\bin\verify.dll
0x00007ff861e60000 - 0x00007ff862029000 	C:\WINDOWS\SYSTEM32\DBGHELP.DLL
0x00007ff842930000 - 0x00007ff842959000 	C:\WINDOWS\SYSTEM32\dbgcore.DLL
0x00007ff842360000 - 0x00007ff842386000 	C:\Program Files\Java\jdk-13\bin\java.dll
0x00007ff85cc00000 - 0x00007ff85cc17000 	C:\Program Files\Java\jdk-13\bin\zip.dll
0x00007ff85cbe0000 - 0x00007ff85cbea000 	C:\Program Files\Java\jdk-13\bin\jimage.dll
0x00007ff866500000 - 0x00007ff867940000 	C:\WINDOWS\System32\SHELL32.dll
0x00007ff868010000 - 0x00007ff8680b9000 	C:\WINDOWS\System32\shcore.dll
0x00007ff8646f0000 - 0x00007ff864dfd000 	C:\WINDOWS\System32\windows.storage.dll
0x00007ff867c30000 - 0x00007ff867c81000 	C:\WINDOWS\System32\shlwapi.dll
0x00007ff864170000 - 0x00007ff86418f000 	C:\WINDOWS\System32\profapi.dll
0x00007ff8653b0000 - 0x00007ff8653fc000 	C:\WINDOWS\System32\powrprof.dll
0x00007ff864190000 - 0x00007ff86419a000 	C:\WINDOWS\System32\FLTLIB.DLL
0x00007ff85c010000 - 0x00007ff85c029000 	C:\Program Files\Java\jdk-13\bin\net.dll
0x00007ff85f7d0000 - 0x00007ff85f8ad000 	C:\WINDOWS\SYSTEM32\WINHTTP.dll
0x00007ff85a0a0000 - 0x00007ff85a269000 	C:\WINDOWS\SYSTEM32\urlmon.dll
0x00007ff857890000 - 0x00007ff857b36000 	C:\WINDOWS\SYSTEM32\iertutil.dll
0x00007ff863b20000 - 0x00007ff863b2b000 	C:\WINDOWS\SYSTEM32\CRYPTBASE.DLL
0x00007ff863950000 - 0x00007ff8639b6000 	C:\WINDOWS\system32\mswsock.dll
0x00007ff863940000 - 0x00007ff86394a000 	C:\WINDOWS\system32\wshqos.dll
0x00007ff863930000 - 0x00007ff863938000 	C:\WINDOWS\SYSTEM32\wshtcpip.DLL
0x00007ff863920000 - 0x00007ff863928000 	C:\WINDOWS\SYSTEM32\wship6.dll
0x00007ff85b7b0000 - 0x00007ff85b7c3000 	C:\Program Files\Java\jdk-13\bin\nio.dll
0x00007ff8593d0000 - 0x00007ff8593ea000 	D:\Program Files\JetBrains\IntelliJ IDEA 2019.1\bin\breakgen64.dll
0x00007ff83cca0000 - 0x00007ff83ce39000 	C:\Program Files\Java\jdk-13\bin\awt.dll
0x00007ff865520000 - 0x00007ff8655e2000 	C:\WINDOWS\System32\OLEAUT32.dll
0x00007ff8612c0000 - 0x00007ff861887000 	C:\WINDOWS\SYSTEM32\d2d1.dll
0x00007ff862190000 - 0x00007ff86221b000 	C:\WINDOWS\SYSTEM32\apphelp.dll
0x00007ff8625c0000 - 0x00007ff862658000 	C:\WINDOWS\system32\uxtheme.dll
0x00007ff865b50000 - 0x00007ff865cc3000 	C:\WINDOWS\System32\MSCTF.dll
0x00007ff862700000 - 0x00007ff862729000 	C:\WINDOWS\system32\dwmapi.dll
0x00007ff866390000 - 0x00007ff8664e1000 	C:\WINDOWS\System32\ole32.dll
0x00007ff83d700000 - 0x00007ff83d820000 	C:\WINDOWS\system32\opengl32.dll
0x00007ff850c70000 - 0x00007ff850c9c000 	C:\WINDOWS\SYSTEM32\GLU32.dll
0x0000000180000000 - 0x0000000180025000 	C:\Windows\System32\rxtxSerial.dll
0x00007ff83cc10000 - 0x00007ff83cc92000 	C:\Program Files\Java\jdk-13\bin\freetype.dll
0x00007ff82d2a0000 - 0x00007ff82d346000 	C:\Program Files\Java\jdk-13\bin\fontmanager.dll
0x00007ff867a30000 - 0x00007ff867ad0000 	C:\WINDOWS\System32\clbcatq.dll
0x00007ff858390000 - 0x00007ff85853e000 	C:\WINDOWS\SYSTEM32\WindowsCodecs.dll
0x00007ff840610000 - 0x00007ff840668000 	C:\WINDOWS\system32\dataexchange.dll
0x00007ff860f10000 - 0x00007ff86121b000 	C:\WINDOWS\system32\d3d11.dll
0x00007ff865080000 - 0x00007ff86513b000 	C:\WINDOWS\System32\dxgi.dll
0x00007ff861890000 - 0x00007ff861a2c000 	C:\WINDOWS\system32\dcomp.dll
0x00007ff862780000 - 0x00007ff862938000 	C:\WINDOWS\system32\twinapi.appcore.dll
0x00007ff8626a0000 - 0x00007ff8626c1000 	C:\WINDOWS\system32\RMCLIENT.dll
0x00007ff858540000 - 0x00007ff8585d6000 	C:\WINDOWS\System32\TextInputFramework.dll
0x00007ff861d80000 - 0x00007ff861e5a000 	C:\WINDOWS\System32\CoreMessaging.dll
0x00007ff857e00000 - 0x00007ff85811e000 	C:\WINDOWS\System32\CoreUIComponents.dll
0x00007ff863200000 - 0x00007ff863231000 	C:\WINDOWS\SYSTEM32\ntmarta.dll
0x00007ff860480000 - 0x00007ff8605cd000 	C:\WINDOWS\SYSTEM32\wintypes.dll
0x00007ff82f570000 - 0x00007ff82f759000 	C:\WINDOWS\system32\SogouTSF.ime
0x00007ff860020000 - 0x00007ff860027000 	C:\WINDOWS\system32\MSIMG32.dll
0x00007ff82ece0000 - 0x00007ff82f564000 	C:\WINDOWS\system32\SogouPy.ime
0x00007ff85f1a0000 - 0x00007ff85f20b000 	C:\WINDOWS\SYSTEM32\OLEACC.dll
0x0000000010000000 - 0x000000001013c000 	C:\Program Files (x86)\SogouInput\9.4.0.3336\Resource.dll
0x00007ff82dc00000 - 0x00007ff82de69000 	C:\Program Files (x86)\SogouInput\Components\PicFace\1.1.0.1867\PicFace64.dll
0x00007ff867940000 - 0x00007ff867a2d000 	C:\WINDOWS\System32\COMDLG32.dll
0x00007ff855300000 - 0x00007ff855318000 	C:\Program Files (x86)\SogouInput\Components\VoiceInput\1.0.0.163\VoiceInput64.dll

dbghelp: loaded successfully - version: 4.0.5 - missing functions: none
symbol engine: initialized successfully - sym options: 0x614 - pdb path: .;C:\Program Files\Java\jdk-13\bin;C:\WINDOWS\SYSTEM32;C:\WINDOWS\WinSxS\amd64_microsoft.windows.common-controls_6595b64144ccf1df_6.0.17134.885_none_fb42a3473065565f;C:\Program Files\Java\jdk-13\bin\server;D:\Program Files\JetBrains\IntelliJ IDEA 2019.1\bin;C:\Program Files (x86)\SogouInput\9.4.0.3336;C:\Program Files (x86)\SogouInput\Components\PicFace\1.1.0.1867;C:\Program Files (x86)\SogouInput\Components\VoiceInput\1.0.0.163

VM Arguments:
jvm_args: -Didea.launcher.port=12687 -Didea.launcher.bin.path=D:\Program Files\JetBrains\IntelliJ IDEA 2019.1\bin -Dfile.encoding=UTF-8 
java_command: com.intellij.rt.execution.application.AppMainV2 com.server.modules.serial_port.MainFrame
java_class_path (initial): D:\IntelliJProjects\2\out\production\2;C:\Users\10698\Desktop\RXTXcomm.jar;D:\javafx-sdk-13\lib\src.zip;D:\javafx-sdk-13\lib\javafx-swt.jar;D:\javafx-sdk-13\lib\javafx.web.jar;D:\javafx-sdk-13\lib\javafx.base.jar;D:\javafx-sdk-13\lib\javafx.fxml.jar;D:\javafx-sdk-13\lib\javafx.media.jar;D:\javafx-sdk-13\lib\javafx.swing.jar;D:\javafx-sdk-13\lib\javafx.controls.jar;D:\javafx-sdk-13\lib\javafx.graphics.jar;D:\Program Files\JetBrains\IntelliJ IDEA 2019.1\lib\idea_rt.jar
Launcher Type: SUN_STANDARD

[Global flags]
     intx CICompilerCount                          = 3                                         {product} {ergonomic}
     uint ConcGCThreads                            = 1                                         {product} {ergonomic}
     uint G1ConcRefinementThreads                  = 4                                         {product} {ergonomic}
   size_t G1HeapRegionSize                         = 1048576                                   {product} {ergonomic}
    uintx GCDrainStackTargetSize                   = 64                                        {product} {ergonomic}
   size_t InitialHeapSize                          = 134217728                                 {product} {ergonomic}
   size_t MarkStackSize                            = 4194304                                   {product} {ergonomic}
   size_t MaxHeapSize                              = 2120220672                                {product} {ergonomic}
   size_t MaxNewSize                               = 1271922688                                {product} {ergonomic}
   size_t MinHeapDeltaBytes                        = 1048576                                   {product} {ergonomic}
   size_t MinHeapSize                              = 8388608                                   {product} {ergonomic}
    uintx NonNMethodCodeHeapSize                   = 5830732                                {pd product} {ergonomic}
    uintx NonProfiledCodeHeapSize                  = 122913754                              {pd product} {ergonomic}
    uintx ProfiledCodeHeapSize                     = 122913754                              {pd product} {ergonomic}
    uintx ReservedCodeCacheSize                    = 251658240                              {pd product} {ergonomic}
     bool SegmentedCodeCache                       = true                                      {product} {ergonomic}
   size_t SoftMaxHeapSize                          = 2120220672                             {manageable} {ergonomic}
     bool UseCompressedClassPointers               = true                                 {lp64_product} {ergonomic}
     bool UseCompressedOops                        = true                                 {lp64_product} {ergonomic}
     bool UseG1GC                                  = true                                      {product} {ergonomic}
     bool UseLargePagesIndividualAllocation        = false                                  {pd product} {ergonomic}

Logging:
Log output configuration:
 #0: stdout all=warning uptime,level,tags
 #1: stderr all=off uptime,level,tags

Environment Variables:
JAVA_HOME=C:\Program Files\Java\jdk1.8.0_91\
CLASSPATH=C:\Program Files\Java\jdk1.8.0_91\\lib;C:\Program Files\Java\jdk1.8.0_91\\lib\tools.jar
PATH=D:\CTEX\CTeX;D:\CTEX\CTeX\Packages\ctex\bin;D:\CTEX\CTeX;D:\CTEX\CTeX\Packages\cct\bin;D:\CTEX\CTeX;D:\CTEX\CTeX\Packages\ty\bin;D:\CTEX\UserData\miktex\bin;D:\CTEX\MiKTeX\miktex\bin;D:\CTEX\CTeX;D:\CTEX\CTeX\Packages\ctex\bin;D:\CTEX\CTeX;D:\CTEX\CTeX\Packages\cct\bin;D:\CTEX\CTeX;D:\CTEX\CTeX\Packages\ty\bin;D:\CTEX\Ghostscript\gs9.18\bin;D:\CTEX\GSview\gsview;D:\CTEX\WinEdt;C:\Users\10698\AppData\Local\Programs\Python\Python37;C:\Users\10698\AppData\Local\Programs\Python\Python37\Scripts;D:\Program Files\MATLAB\R2018a\runtime\win64;D:\Program Files\MATLAB\R2018a\bin;C:\WINDOWS\system32;C:\WINDOWS;C:\WINDOWS\System32\Wbem;C:\Program Files\Java\jdk1.8.0_91\\bin;D:\Redis;D:\nwjs-v0.36.0-beta1-win-x64;D:\Program Files\nodejs\;C:\Program Files\Microsoft SQL Server\Client SDK\ODBC\130\Tools\Binn\;C:\Program Files (x86)\Microsoft SQL Server\140\Tools\Binn\;C:\Program Files\Microsoft SQL Server\140\Tools\Binn\;C:\Program Files\Microsoft SQL Server\140\DTS\Binn\;C:\Program Files (x86)\Microsoft SQL Server\Client SDK\ODBC\130\Tools\Binn\;C:\Program Files (x86)\Microsoft SQL Server\140\DTS\Binn\;C:\Program Files (x86)\Microsoft SQL Server\140\Tools\Binn\ManagementStudio\;C:\Program Files\Git\cmd;C:\Users\10698\Anaconda3;C:\Users\10698\Anaconda3\Library\mingw-w64\bin;C:\Users\10698\Anaconda3\Library\usr\bin;C:\Users\10698\Anaconda3\Library\bin;C:\Users\10698\Anaconda3\Scripts;C:\Users\10698\AppData\Local\Microsoft\WindowsApps;C:\Program Files\Intel\WiFi\bin\;C:\Program Files\Common Files\Intel\WirelessCommon\;C:\geckodriver;C:\Program Files\JetBrains\PyCharm Community Edition 2018.3\bin;;D:\MiKTeX 2.9\miktex\bin\x64\;D:\Program Files\JetBrains\PyCharm 2018.3.2\bin;;C:\Users\10698\AppData\Roaming\npm;D:\Program Files\JetBrains\IntelliJ IDEA 2019.1\bin;
USERNAME=10698
OS=Windows_NT
PROCESSOR_IDENTIFIER=Intel64 Family 6 Model 158 Stepping 9, GenuineIntel



---------------  S Y S T E M  ---------------

OS: Windows 10 , 64 bit Build 17134 (10.0.17134.753)

CPU:total 4 (initial active 4) (4 cores per cpu, 1 threads per core) family 6 model 158 stepping 9, cmov, cx8, fxsr, mmx, sse, sse2, sse3, ssse3, sse4.1, sse4.2, popcnt, avx, avx2, aes, clmul, erms, 3dnowpref, lzcnt, tsc, tscinvbit, bmi1, bmi2, adx, fma

Memory: 4k page, system-wide physical 8084M (642M free)
TotalPageFile size 13988M (AvailPageFile size 1919M)
current process WorkingSet (physical memory assigned to process): 86M, peak: 90M
current process commit charge ("private bytes"): 229M, peak: 233M

vm_info: Java HotSpot(TM) 64-Bit Server VM (13+33) for windows-amd64 JRE (13+33), built on Sep 18 2019 21:38:00 by "mach5one" with unknown MS VC++:1916

END.
