#
# A fatal error has been detected by the Java Runtime Environment:
#
#  EXCEPTION_ACCESS_VIOLATION (0xc0000005) at pc=0x0000000180004465, pid=14960, tid=1380
#
# JRE version: Java(TM) SE Runtime Environment (13.0+33) (build 13+33)
# Java VM: Java HotSpot(TM) 64-Bit Server VM (13+33, mixed mode, sharing, tiered, compressed oops, g1 gc, windows-amd64)
# Problematic frame:
# C  [rxtxSerial.dll+0x4465]
#
# No core dump will be written. Minidumps are not enabled by default on client versions of Windows
#
# If you would like to submit a bug report, please visit:
#   http://bugreport.java.com/bugreport/crash.jsp
# The crash happened outside the Java Virtual Machine in native code.
# See problematic frame for where to report the bug.
#

---------------  S U M M A R Y ------------

Command Line: -Didea.launcher.port=13450 -Didea.launcher.bin.path=D:\Program Files\JetBrains\IntelliJ IDEA 2019.1\bin -Dfile.encoding=UTF-8 com.intellij.rt.execution.application.AppMainV2 com.server.modules.serial_port.MainFrame

Host: Intel(R) Core(TM) i5-7300HQ CPU @ 2.50GHz, 4 cores, 7G,  Windows 10 , 64 bit Build 17134 (10.0.17134.753)
Time: Sun Sep 22 08:20:58 2019 ?D1¨²¡À¨º¡Á?¨º¡À?? elapsed time: 32 seconds (0d 0h 0m 32s)

---------------  T H R E A D  ---------------

Current thread (0x000002b7ef614000):  JavaThread "AWT-EventQueue-0" [_thread_in_native, id=1380, stack(0x000000da7a500000,0x000000da7a600000)]

Stack: [0x000000da7a500000,0x000000da7a600000],  sp=0x000000da7a5fd5c0,  free space=1013k
Native frames: (J=compiled Java code, j=interpreted, Vv=VM code, C=native code)
C  [rxtxSerial.dll+0x4465]

Java frames: (J=compiled Java code, j=interpreted, Vv=VM code)
j  gnu.io.RXTXPort.nativeDrain(Z)Z+0
j  gnu.io.RXTXPort$SerialOutputStream.flush()V+92
j  com.server.modules.serial_port.SerialPortManager.sendToPort(Lgnu/io/SerialPort;[B)V+13
j  com.server.modules.serial_port.MainFrame.sendData(Ljava/awt/event/ActionEvent;)V+85
j  com.server.modules.serial_port.MainFrame.access$600(Lcom/server/modules/serial_port/MainFrame;Ljava/awt/event/ActionEvent;)V+2
j  com.server.modules.serial_port.MainFrame$3.actionPerformed(Ljava/awt/event/ActionEvent;)V+5
j  javax.swing.AbstractButton.fireActionPerformed(Ljava/awt/event/ActionEvent;)V+84 java.desktop@13
j  javax.swing.AbstractButton$Handler.actionPerformed(Ljava/awt/event/ActionEvent;)V+5 java.desktop@13
j  javax.swing.DefaultButtonModel.fireActionPerformed(Ljava/awt/event/ActionEvent;)V+34 java.desktop@13
j  javax.swing.DefaultButtonModel.setPressed(Z)V+117 java.desktop@13
j  javax.swing.plaf.basic.BasicButtonListener.mouseReleased(Ljava/awt/event/MouseEvent;)V+35 java.desktop@13
j  java.awt.Component.processMouseEvent(Ljava/awt/event/MouseEvent;)V+64 java.desktop@13
j  javax.swing.JComponent.processMouseEvent(Ljava/awt/event/MouseEvent;)V+23 java.desktop@13
J 1270 c1 java.awt.Component.processEvent(Ljava/awt/AWTEvent;)V java.desktop@13 (220 bytes) @ 0x000002b7d9078e94 [0x000002b7d9078800+0x0000000000000694]
J 1269 c1 java.awt.Container.processEvent(Ljava/awt/AWTEvent;)V java.desktop@13 (22 bytes) @ 0x000002b7d90782f4 [0x000002b7d9077f60+0x0000000000000394]
J 1273 c1 java.awt.Component.dispatchEventImpl(Ljava/awt/AWTEvent;)V java.desktop@13 (777 bytes) @ 0x000002b7d90814a4 [0x000002b7d907d9a0+0x0000000000003b04]
J 1122 c1 java.awt.Container.dispatchEventImpl(Ljava/awt/AWTEvent;)V java.desktop@13 (129 bytes) @ 0x000002b7d900423c [0x000002b7d90040e0+0x000000000000015c]
J 1288 c1 java.awt.LightweightDispatcher.retargetMouseEvent(Ljava/awt/Component;ILjava/awt/event/MouseEvent;)V java.desktop@13 (372 bytes) @ 0x000002b7d90a90bc [0x000002b7d90a6780+0x000000000000293c]
J 1351 c1 java.awt.LightweightDispatcher.processMouseEvent(Ljava/awt/event/MouseEvent;)Z java.desktop@13 (265 bytes) @ 0x000002b7d90c7044 [0x000002b7d90c5fc0+0x0000000000001084]
J 1274 c1 java.awt.LightweightDispatcher.dispatchEvent(Ljava/awt/AWTEvent;)Z java.desktop@13 (73 bytes) @ 0x000002b7d9085aa4 [0x000002b7d9085600+0x00000000000004a4]
J 1122 c1 java.awt.Container.dispatchEventImpl(Ljava/awt/AWTEvent;)V java.desktop@13 (129 bytes) @ 0x000002b7d90041dc [0x000002b7d90040e0+0x00000000000000fc]
J 1175 c1 java.awt.Window.dispatchEventImpl(Ljava/awt/AWTEvent;)V java.desktop@13 (23 bytes) @ 0x000002b7d904328c [0x000002b7d9042c20+0x000000000000066c]
J 1078 c1 java.awt.EventQueue.dispatchEventImpl(Ljava/awt/AWTEvent;Ljava/lang/Object;)V java.desktop@13 (136 bytes) @ 0x000002b7d8fee144 [0x000002b7d8fedc20+0x0000000000000524]
J 1079 c1 java.awt.EventQueue$4.run()Ljava/lang/Void; java.desktop@13 (60 bytes) @ 0x000002b7d8ff044c [0x000002b7d8ff0300+0x000000000000014c]
J 1015 c1 java.awt.EventQueue$4.run()Ljava/lang/Object; java.desktop@13 (5 bytes) @ 0x000002b7d8fc8b64 [0x000002b7d8fc8ac0+0x00000000000000a4]
J 967 c1 java.security.ProtectionDomain$JavaSecurityAccessImpl.doIntersectionPrivilege(Ljava/security/PrivilegedAction;Ljava/security/AccessControlContext;Ljava/security/AccessControlContext;)Ljava/lang/Object; java.base@13 (22 bytes) @ 0x000002b7d8fb499c [0x000002b7d8fb4480+0x000000000000051c]
J 1013 c1 java.awt.EventQueue.dispatchEvent(Ljava/awt/AWTEvent;)V java.desktop@13 (80 bytes) @ 0x000002b7d8fc71f4 [0x000002b7d8fc6200+0x0000000000000ff4]
J 1080 c1 java.awt.EventDispatchThread.pumpOneEventForFilters(I)V java.desktop@13 (113 bytes) @ 0x000002b7d8ff21ac [0x000002b7d8ff1a20+0x000000000000078c]
j  java.awt.EventDispatchThread.pumpEventsForFilter(ILjava/awt/Conditional;Ljava/awt/EventFilter;)V+35 java.desktop@13
j  java.awt.EventDispatchThread.pumpEventsForHierarchy(ILjava/awt/Conditional;Ljava/awt/Component;)V+11 java.desktop@13
j  java.awt.EventDispatchThread.pumpEvents(ILjava/awt/Conditional;)V+4 java.desktop@13
j  java.awt.EventDispatchThread.pumpEvents(Ljava/awt/Conditional;)V+3 java.desktop@13
j  java.awt.EventDispatchThread.run()V+9 java.desktop@13
v  ~StubRoutines::call_stub

siginfo: EXCEPTION_ACCESS_VIOLATION (0xc0000005), reading address 0x000000007a9fefec


Register to memory mapping:

RIP=0x0000000180004465 rxtxSerial.dll
RAX=0x000000000000001c is an unknown value
RBX=0x000002b7ef614310 points into unknown readable memory: 50 e8 ca 0d f8 7f 00 00
RCX=0x000000da7a5fdcdc is pointing into the stack for thread: 0x000002b7ef614000
RDX=0x0 is NULL
RSP=0x000000da7a5fd5c0 is pointing into the stack for thread: 0x000002b7ef614000
RBP=0x0000000000000001 is an unknown value
RSI=0x0 is NULL
RDI=0x0000000000000001 is an unknown value
R8 =0x000000da7a5fd280 is pointing into the stack for thread: 0x000002b7ef614000
R9 =0x0000000180000000 rxtxSerial.dll
R10=0x0 is NULL
R11=0x0000000000000200 is an unknown value
R12=0x000000007a9fefe0 is an unknown value
R13=0x0 is NULL
R14=0x000000da7a5fddf0 is pointing into the stack for thread: 0x000002b7ef614000
R15=0x000002b7ef614000 is a thread


Registers:
RAX=0x000000000000001c, RBX=0x000002b7ef614310, RCX=0x000000da7a5fdcdc, RDX=0x0000000000000000
RSP=0x000000da7a5fd5c0, RBP=0x0000000000000001, RSI=0x0000000000000000, RDI=0x0000000000000001
R8 =0x000000da7a5fd280, R9 =0x0000000180000000, R10=0x0000000000000000, R11=0x0000000000000200
R12=0x000000007a9fefe0, R13=0x0000000000000000, R14=0x000000da7a5fddf0, R15=0x000002b7ef614000
RIP=0x0000000180004465, EFLAGS=0x0000000000010202

Top of Stack: (sp=0x000000da7a5fd5c0)
0x000000da7a5fd5c0:   000002b7ef614310 000000018001c4c0
0x000000da7a5fd5d0:   0000000000000000 0000000000000001
0x000000da7a5fd5e0:   000002b7ef614000 00007ff80d57f762
0x000000da7a5fd5f0:   000000da7a5fddf0 000002b7ef071370
0x000000da7a5fd600:   000002b7ef614000 0000000000000000
0x000000da7a5fd610:   0000000000000000 0000000800321ed0
0x000000da7a5fd620:   000000da7a5fd9c0 00007ff80d5f5d8a
0x000000da7a5fd630:   000000da7a5fd870 0000000000000000
0x000000da7a5fd640:   0000000000000000 0000000000000000
0x000000da7a5fd650:   0000000000000000 0000000000000000
0x000000da7a5fd660:   0000000000000000 0000000000000000
0x000000da7a5fd670:   0000000000000000 0000000000000000
0x000000da7a5fd680:   0000000000000000 0000000000000000
0x000000da7a5fd690:   0000000000000000 0000000000000000
0x000000da7a5fd6a0:   0000000000000000 0000000000000000
0x000000da7a5fd6b0:   0000000000000000 bfc999999999999a 

Instructions: (pc=0x0000000180004465)
0x0000000180004365:   02 00 00 00 e8 d2 79 00 00 85 c0 75 19 85 f6 75
0x0000000180004375:   15 e8 25 76 00 00 48 8d 15 86 91 01 00 48 8d 48
0x0000000180004385:   60 e8 9d 74 00 00 4c 8b e6 66 90 8b cd e8 49 57
0x0000000180004395:   00 00 ff c7 8b f0 85 c0 74 0f e8 04 79 00 00 83
0x00000001800043a5:   38 04 75 05 83 ff 03 7c e2 48 8d 15 0b 81 01 00
0x00000001800043b5:   48 8d 8c 24 00 07 00 00 44 8b c6 e8 c7 73 00 00
0x00000001800043c5:   85 f6 0f 84 86 00 00 00 e8 d6 78 00 00 8b 08 e8
0x00000001800043d5:   eb 77 00 00 4c 8b 03 48 8d 15 0d 81 01 00 48 8b
0x00000001800043e5:   cb 48 8b f0 41 ff 50 30 48 8b f8 48 85 c0 75 1b
0x00000001800043f5:   48 8b 03 48 8b cb ff 90 80 00 00 00 4c 8b 1b 48
0x0000000180004405:   8b cb 41 ff 93 88 00 00 00 eb 43 4c 8d 0d c9 80
0x0000000180004415:   01 00 48 8d 15 12 91 01 00 48 8d 8c 24 c0 06 00
0x0000000180004425:   00 4c 8b c6 e8 5e 73 00 00 4c 8b 1b 4c 8d 84 24
0x0000000180004435:   c0 06 00 00 48 8b d7 48 8b cb 41 ff 53 70 4c 8b
0x0000000180004445:   1b 48 8b d7 48 8b cb 41 ff 93 b8 00 00 00 45 84
0x0000000180004455:   ed 0f 85 97 00 00 00 4d 85 e4 0f 84 8e 00 00 00
0x0000000180004465:   41 83 7c 24 0c 00 0f 84 82 00 00 00 4c 8d 44 24
0x0000000180004475:   30 48 8d 4c 24 38 4d 8b cc 48 8b d3 e8 8a f4 ff
0x0000000180004485:   ff 48 8d 8c 24 80 03 00 00 41 b8 40 03 00 00 48
0x0000000180004495:   8b d0 e8 74 79 00 00 83 bc 24 18 04 00 00 01 7f
0x00000001800044a5:   4d 48 83 bc 24 30 04 00 00 00 74 42 48 8b 9c 24
0x00000001800044b5:   20 04 00 00 48 8b cb 48 8b 03 ff 90 88 00 00 00
0x00000001800044c5:   48 8b 94 24 28 04 00 00 4c 8b 1b 48 8b 12 4c 8b
0x00000001800044d5:   84 24 38 04 00 00 41 b9 02 00 00 00 48 8b cb c7
0x00000001800044e5:   44 24 20 01 00 00 00 41 ff 93 28 01 00 00 32 c0
0x00000001800044f5:   48 8b 8c 24 50 07 00 00 48 33 cc e8 db 70 00 00
0x0000000180004505:   48 8b 9c 24 a0 07 00 00 48 81 c4 60 07 00 00 41
0x0000000180004515:   5d 41 5c 5f 5e 5d c3 cc cc cc cc cc cc cc cc cc
0x0000000180004525:   cc cc cc cc cc cc cc cc cc cc cc 48 89 5c 24 08
0x0000000180004535:   48 89 6c 24 10 48 89 74 24 18 57 48 83 ec 20 48
0x0000000180004545:   8b 01 41 8b e8 48 8b fa 48 8b d9 ff 90 f8 00 00
0x0000000180004555:   00 4c 8b 13 4c 8d 0d 3c 7f 01 00 4c 8d 05 85 7f 


Stack slot to memory mapping:
stack at sp + 0 slots: 0x000002b7ef614310 points into unknown readable memory: 50 e8 ca 0d f8 7f 00 00
stack at sp + 1 slots: 0x000000018001c4c0 rxtxSerial.dll
stack at sp + 2 slots: 0x0 is NULL
stack at sp + 3 slots: 0x0000000000000001 is an unknown value
stack at sp + 4 slots: 0x000002b7ef614000 is a thread
stack at sp + 5 slots: 0x00007ff80d57f762 jvm.dll
stack at sp + 6 slots: 0x000000da7a5fddf0 is pointing into the stack for thread: 0x000002b7ef614000
stack at sp + 7 slots: {method} {0x000002b7ef071378} 'nativeDrain' '(Z)Z' in 'gnu/io/RXTXPort'


---------------  P R O C E S S  ---------------

Threads class SMR info:
_java_thread_list=0x000002b7f5571300, length=17, elements={
0x000002b7ee9bf800, 0x000002b7ee9c5000, 0x000002b7ee9e2800, 0x000002b7ee9e4800,
0x000002b7ee9e5800, 0x000002b7ee9e7800, 0x000002b7ef276000, 0x000002b7ef326000,
0x000002b7ef32b800, 0x000002b7ef39f000, 0x000002b7ef5da000, 0x000002b7ef603800,
0x000002b7ef606800, 0x000002b7ef614000, 0x000002b7ce29c800, 0x000002b7f55f2800,
0x000002b7ef8ec800
}

Java Threads: ( => current thread )
  0x000002b7ee9bf800 JavaThread "Reference Handler" daemon [_thread_blocked, id=6632, stack(0x000000da79700000,0x000000da79800000)]
  0x000002b7ee9c5000 JavaThread "Finalizer" daemon [_thread_blocked, id=18820, stack(0x000000da79800000,0x000000da79900000)]
  0x000002b7ee9e2800 JavaThread "Signal Dispatcher" daemon [_thread_blocked, id=11404, stack(0x000000da79900000,0x000000da79a00000)]
  0x000002b7ee9e4800 JavaThread "Attach Listener" daemon [_thread_blocked, id=7216, stack(0x000000da79a00000,0x000000da79b00000)]
  0x000002b7ee9e5800 JavaThread "C2 CompilerThread0" daemon [_thread_blocked, id=17628, stack(0x000000da79b00000,0x000000da79c00000)]
  0x000002b7ee9e7800 JavaThread "C1 CompilerThread0" daemon [_thread_blocked, id=11944, stack(0x000000da79c00000,0x000000da79d00000)]
  0x000002b7ef276000 JavaThread "Sweeper thread" daemon [_thread_blocked, id=18336, stack(0x000000da79d00000,0x000000da79e00000)]
  0x000002b7ef326000 JavaThread "Service Thread" daemon [_thread_blocked, id=19360, stack(0x000000da79e00000,0x000000da79f00000)]
  0x000002b7ef32b800 JavaThread "Common-Cleaner" daemon [_thread_blocked, id=15316, stack(0x000000da7a000000,0x000000da7a100000)]
  0x000002b7ef39f000 JavaThread "Monitor Ctrl-Break" daemon [_thread_in_native, id=18460, stack(0x000000da7a100000,0x000000da7a200000)]
  0x000002b7ef5da000 JavaThread "Java2D Disposer" daemon [_thread_blocked, id=7656, stack(0x000000da7a200000,0x000000da7a300000)]
  0x000002b7ef603800 JavaThread "AWT-Shutdown" [_thread_blocked, id=17732, stack(0x000000da7a300000,0x000000da7a400000)]
  0x000002b7ef606800 JavaThread "AWT-Windows" daemon [_thread_in_native, id=16568, stack(0x000000da7a400000,0x000000da7a500000)]
=>0x000002b7ef614000 JavaThread "AWT-EventQueue-0" [_thread_in_native, id=1380, stack(0x000000da7a500000,0x000000da7a600000)]
  0x000002b7ce29c800 JavaThread "DestroyJavaVM" [_thread_blocked, id=16156, stack(0x000000da79000000,0x000000da79100000)]
  0x000002b7f55f2800 JavaThread "TimerQueue" daemon [_thread_blocked, id=14060, stack(0x000000da7a800000,0x000000da7a900000)]
  0x000002b7ef8ec800 JavaThread "Thread-0" [_thread_in_native, id=1528, stack(0x000000da7a900000,0x000000da7aa00000)]

Other Threads:
  0x000002b7ee9bd000 VMThread "VM Thread" [stack: 0x000000da79600000,0x000000da79700000] [id=13084]
  0x000002b7ef327000 WatcherThread [stack: 0x000000da79f00000,0x000000da7a000000] [id=18552]
  0x000002b7d03e1000 GCTaskThread "GC Thread#0" [stack: 0x000000da79100000,0x000000da79200000] [id=19240]
  0x000002b7d03f3800 ConcurrentGCThread "G1 Main Marker" [stack: 0x000000da79200000,0x000000da79300000] [id=3176]
  0x000002b7d03f5800 ConcurrentGCThread "G1 Conc#0" [stack: 0x000000da79300000,0x000000da79400000] [id=5320]
  0x000002b7ee842800 ConcurrentGCThread "G1 Refine#0" [stack: 0x000000da79400000,0x000000da79500000] [id=3884]
  0x000002b7d046a800 ConcurrentGCThread "G1 Young RemSet Sampling" [stack: 0x000000da79500000,0x000000da79600000] [id=1436]

Threads with active compile tasks:

VM state:not at safepoint (normal execution)

VM Mutex/Monitor currently owned by a thread: None

Heap address: 0x0000000081a00000, size: 2022 MB, Compressed Oops mode: 32-bit
Narrow klass base: 0x0000000800000000, Narrow klass shift: 3
Compressed class space size: 1073741824 Address: 0x0000000800b40000

Heap:
 garbage-first heap   total 131072K, used 14336K [0x0000000081a00000, 0x0000000100000000)
  region size 1024K, 11 young (11264K), 0 survivors (0K)
 Metaspace       used 11066K, capacity 11343K, committed 11392K, reserved 1058816K
  class space    used 1276K, capacity 1378K, committed 1408K, reserved 1048576K
Heap Regions: E=young(eden), S=young(survivor), O=old, HS=humongous(starts), HC=humongous(continues), CS=collection set, F=free, A=archive, TAMS=top-at-mark-start (previous, next)
|   0|0x0000000081a00000, 0x0000000081b00000, 0x0000000081b00000|100%|HS|  |TAMS 0x0000000081a00000, 0x0000000081a00000| Complete 
|   1|0x0000000081b00000, 0x0000000081c00000, 0x0000000081c00000|100%|HC|  |TAMS 0x0000000081b00000, 0x0000000081b00000| Complete 
|   2|0x0000000081c00000, 0x0000000081d00000, 0x0000000081d00000|100%|HS|  |TAMS 0x0000000081c00000, 0x0000000081c00000| Complete 
|   3|0x0000000081d00000, 0x0000000081e00000, 0x0000000081e00000|100%|HS|  |TAMS 0x0000000081d00000, 0x0000000081d00000| Complete 
|   4|0x0000000081e00000, 0x0000000081f00000, 0x0000000081f00000|100%|HS|  |TAMS 0x0000000081e00000, 0x0000000081e00000| Complete 
|   5|0x0000000081f00000, 0x0000000081f00000, 0x0000000082000000|  0%| F|  |TAMS 0x0000000081f00000, 0x0000000081f00000| Untracked 
|   6|0x0000000082000000, 0x0000000082000000, 0x0000000082100000|  0%| F|  |TAMS 0x0000000082000000, 0x0000000082000000| Untracked 
|   7|0x0000000082100000, 0x0000000082100000, 0x0000000082200000|  0%| F|  |TAMS 0x0000000082100000, 0x0000000082100000| Untracked 
|   8|0x0000000082200000, 0x0000000082200000, 0x0000000082300000|  0%| F|  |TAMS 0x0000000082200000, 0x0000000082200000| Untracked 
|   9|0x0000000082300000, 0x0000000082300000, 0x0000000082400000|  0%| F|  |TAMS 0x0000000082300000, 0x0000000082300000| Untracked 
|  10|0x0000000082400000, 0x0000000082400000, 0x0000000082500000|  0%| F|  |TAMS 0x0000000082400000, 0x0000000082400000| Untracked 
|  11|0x0000000082500000, 0x0000000082500000, 0x0000000082600000|  0%| F|  |TAMS 0x0000000082500000, 0x0000000082500000| Untracked 
|  12|0x0000000082600000, 0x0000000082600000, 0x0000000082700000|  0%| F|  |TAMS 0x0000000082600000, 0x0000000082600000| Untracked 
|  13|0x0000000082700000, 0x0000000082700000, 0x0000000082800000|  0%| F|  |TAMS 0x0000000082700000, 0x0000000082700000| Untracked 
|  14|0x0000000082800000, 0x0000000082800000, 0x0000000082900000|  0%| F|  |TAMS 0x0000000082800000, 0x0000000082800000| Untracked 
|  15|0x0000000082900000, 0x0000000082900000, 0x0000000082a00000|  0%| F|  |TAMS 0x0000000082900000, 0x0000000082900000| Untracked 
|  16|0x0000000082a00000, 0x0000000082a00000, 0x0000000082b00000|  0%| F|  |TAMS 0x0000000082a00000, 0x0000000082a00000| Untracked 
|  17|0x0000000082b00000, 0x0000000082b00000, 0x0000000082c00000|  0%| F|  |TAMS 0x0000000082b00000, 0x0000000082b00000| Untracked 
|  18|0x0000000082c00000, 0x0000000082c00000, 0x0000000082d00000|  0%| F|  |TAMS 0x0000000082c00000, 0x0000000082c00000| Untracked 
|  19|0x0000000082d00000, 0x0000000082d00000, 0x0000000082e00000|  0%| F|  |TAMS 0x0000000082d00000, 0x0000000082d00000| Untracked 
|  20|0x0000000082e00000, 0x0000000082e00000, 0x0000000082f00000|  0%| F|  |TAMS 0x0000000082e00000, 0x0000000082e00000| Untracked 
|  21|0x0000000082f00000, 0x0000000082f00000, 0x0000000083000000|  0%| F|  |TAMS 0x0000000082f00000, 0x0000000082f00000| Untracked 
|  22|0x0000000083000000, 0x0000000083000000, 0x0000000083100000|  0%| F|  |TAMS 0x0000000083000000, 0x0000000083000000| Untracked 
|  23|0x0000000083100000, 0x0000000083100000, 0x0000000083200000|  0%| F|  |TAMS 0x0000000083100000, 0x0000000083100000| Untracked 
|  24|0x0000000083200000, 0x0000000083200000, 0x0000000083300000|  0%| F|  |TAMS 0x0000000083200000, 0x0000000083200000| Untracked 
|  25|0x0000000083300000, 0x0000000083300000, 0x0000000083400000|  0%| F|  |TAMS 0x0000000083300000, 0x0000000083300000| Untracked 
|  26|0x0000000083400000, 0x0000000083400000, 0x0000000083500000|  0%| F|  |TAMS 0x0000000083400000, 0x0000000083400000| Untracked 
|  27|0x0000000083500000, 0x0000000083500000, 0x0000000083600000|  0%| F|  |TAMS 0x0000000083500000, 0x0000000083500000| Untracked 
|  28|0x0000000083600000, 0x0000000083600000, 0x0000000083700000|  0%| F|  |TAMS 0x0000000083600000, 0x0000000083600000| Untracked 
|  29|0x0000000083700000, 0x0000000083700000, 0x0000000083800000|  0%| F|  |TAMS 0x0000000083700000, 0x0000000083700000| Untracked 
|  30|0x0000000083800000, 0x0000000083800000, 0x0000000083900000|  0%| F|  |TAMS 0x0000000083800000, 0x0000000083800000| Untracked 
|  31|0x0000000083900000, 0x0000000083900000, 0x0000000083a00000|  0%| F|  |TAMS 0x0000000083900000, 0x0000000083900000| Untracked 
|  32|0x0000000083a00000, 0x0000000083a00000, 0x0000000083b00000|  0%| F|  |TAMS 0x0000000083a00000, 0x0000000083a00000| Untracked 
|  33|0x0000000083b00000, 0x0000000083b00000, 0x0000000083c00000|  0%| F|  |TAMS 0x0000000083b00000, 0x0000000083b00000| Untracked 
|  34|0x0000000083c00000, 0x0000000083c00000, 0x0000000083d00000|  0%| F|  |TAMS 0x0000000083c00000, 0x0000000083c00000| Untracked 
|  35|0x0000000083d00000, 0x0000000083d00000, 0x0000000083e00000|  0%| F|  |TAMS 0x0000000083d00000, 0x0000000083d00000| Untracked 
|  36|0x0000000083e00000, 0x0000000083e00000, 0x0000000083f00000|  0%| F|  |TAMS 0x0000000083e00000, 0x0000000083e00000| Untracked 
|  37|0x0000000083f00000, 0x0000000083f00000, 0x0000000084000000|  0%| F|  |TAMS 0x0000000083f00000, 0x0000000083f00000| Untracked 
|  38|0x0000000084000000, 0x0000000084000000, 0x0000000084100000|  0%| F|  |TAMS 0x0000000084000000, 0x0000000084000000| Untracked 
|  39|0x0000000084100000, 0x0000000084100000, 0x0000000084200000|  0%| F|  |TAMS 0x0000000084100000, 0x0000000084100000| Untracked 
|  40|0x0000000084200000, 0x0000000084200000, 0x0000000084300000|  0%| F|  |TAMS 0x0000000084200000, 0x0000000084200000| Untracked 
|  41|0x0000000084300000, 0x0000000084300000, 0x0000000084400000|  0%| F|  |TAMS 0x0000000084300000, 0x0000000084300000| Untracked 
|  42|0x0000000084400000, 0x0000000084400000, 0x0000000084500000|  0%| F|  |TAMS 0x0000000084400000, 0x0000000084400000| Untracked 
|  43|0x0000000084500000, 0x0000000084500000, 0x0000000084600000|  0%| F|  |TAMS 0x0000000084500000, 0x0000000084500000| Untracked 
|  44|0x0000000084600000, 0x0000000084600000, 0x0000000084700000|  0%| F|  |TAMS 0x0000000084600000, 0x0000000084600000| Untracked 
|  45|0x0000000084700000, 0x0000000084700000, 0x0000000084800000|  0%| F|  |TAMS 0x0000000084700000, 0x0000000084700000| Untracked 
|  46|0x0000000084800000, 0x0000000084800000, 0x0000000084900000|  0%| F|  |TAMS 0x0000000084800000, 0x0000000084800000| Untracked 
|  47|0x0000000084900000, 0x0000000084900000, 0x0000000084a00000|  0%| F|  |TAMS 0x0000000084900000, 0x0000000084900000| Untracked 
|  48|0x0000000084a00000, 0x0000000084a00000, 0x0000000084b00000|  0%| F|  |TAMS 0x0000000084a00000, 0x0000000084a00000| Untracked 
|  49|0x0000000084b00000, 0x0000000084b00000, 0x0000000084c00000|  0%| F|  |TAMS 0x0000000084b00000, 0x0000000084b00000| Untracked 
|  50|0x0000000084c00000, 0x0000000084c00000, 0x0000000084d00000|  0%| F|  |TAMS 0x0000000084c00000, 0x0000000084c00000| Untracked 
|  51|0x0000000084d00000, 0x0000000084d00000, 0x0000000084e00000|  0%| F|  |TAMS 0x0000000084d00000, 0x0000000084d00000| Untracked 
|  52|0x0000000084e00000, 0x0000000084e00000, 0x0000000084f00000|  0%| F|  |TAMS 0x0000000084e00000, 0x0000000084e00000| Untracked 
|  53|0x0000000084f00000, 0x0000000084f00000, 0x0000000085000000|  0%| F|  |TAMS 0x0000000084f00000, 0x0000000084f00000| Untracked 
|  54|0x0000000085000000, 0x0000000085000000, 0x0000000085100000|  0%| F|  |TAMS 0x0000000085000000, 0x0000000085000000| Untracked 
|  55|0x0000000085100000, 0x0000000085100000, 0x0000000085200000|  0%| F|  |TAMS 0x0000000085100000, 0x0000000085100000| Untracked 
|  56|0x0000000085200000, 0x0000000085200000, 0x0000000085300000|  0%| F|  |TAMS 0x0000000085200000, 0x0000000085200000| Untracked 
|  57|0x0000000085300000, 0x0000000085300000, 0x0000000085400000|  0%| F|  |TAMS 0x0000000085300000, 0x0000000085300000| Untracked 
|  58|0x0000000085400000, 0x0000000085400000, 0x0000000085500000|  0%| F|  |TAMS 0x0000000085400000, 0x0000000085400000| Untracked 
|  59|0x0000000085500000, 0x0000000085500000, 0x0000000085600000|  0%| F|  |TAMS 0x0000000085500000, 0x0000000085500000| Untracked 
|  60|0x0000000085600000, 0x0000000085600000, 0x0000000085700000|  0%| F|  |TAMS 0x0000000085600000, 0x0000000085600000| Untracked 
|  61|0x0000000085700000, 0x0000000085700000, 0x0000000085800000|  0%| F|  |TAMS 0x0000000085700000, 0x0000000085700000| Untracked 
|  62|0x0000000085800000, 0x0000000085800000, 0x0000000085900000|  0%| F|  |TAMS 0x0000000085800000, 0x0000000085800000| Untracked 
|  63|0x0000000085900000, 0x0000000085900000, 0x0000000085a00000|  0%| F|  |TAMS 0x0000000085900000, 0x0000000085900000| Untracked 
|  64|0x0000000085a00000, 0x0000000085a00000, 0x0000000085b00000|  0%| F|  |TAMS 0x0000000085a00000, 0x0000000085a00000| Untracked 
|  65|0x0000000085b00000, 0x0000000085b00000, 0x0000000085c00000|  0%| F|  |TAMS 0x0000000085b00000, 0x0000000085b00000| Untracked 
|  66|0x0000000085c00000, 0x0000000085c00000, 0x0000000085d00000|  0%| F|  |TAMS 0x0000000085c00000, 0x0000000085c00000| Untracked 
|  67|0x0000000085d00000, 0x0000000085d00000, 0x0000000085e00000|  0%| F|  |TAMS 0x0000000085d00000, 0x0000000085d00000| Untracked 
|  68|0x0000000085e00000, 0x0000000085e00000, 0x0000000085f00000|  0%| F|  |TAMS 0x0000000085e00000, 0x0000000085e00000| Untracked 
|  69|0x0000000085f00000, 0x0000000085f00000, 0x0000000086000000|  0%| F|  |TAMS 0x0000000085f00000, 0x0000000085f00000| Untracked 
|  70|0x0000000086000000, 0x0000000086000000, 0x0000000086100000|  0%| F|  |TAMS 0x0000000086000000, 0x0000000086000000| Untracked 
|  71|0x0000000086100000, 0x0000000086100000, 0x0000000086200000|  0%| F|  |TAMS 0x0000000086100000, 0x0000000086100000| Untracked 
|  72|0x0000000086200000, 0x0000000086200000, 0x0000000086300000|  0%| F|  |TAMS 0x0000000086200000, 0x0000000086200000| Untracked 
|  73|0x0000000086300000, 0x0000000086300000, 0x0000000086400000|  0%| F|  |TAMS 0x0000000086300000, 0x0000000086300000| Untracked 
|  74|0x0000000086400000, 0x0000000086400000, 0x0000000086500000|  0%| F|  |TAMS 0x0000000086400000, 0x0000000086400000| Untracked 
|  75|0x0000000086500000, 0x0000000086500000, 0x0000000086600000|  0%| F|  |TAMS 0x0000000086500000, 0x0000000086500000| Untracked 
|  76|0x0000000086600000, 0x0000000086600000, 0x0000000086700000|  0%| F|  |TAMS 0x0000000086600000, 0x0000000086600000| Untracked 
|  77|0x0000000086700000, 0x0000000086700000, 0x0000000086800000|  0%| F|  |TAMS 0x0000000086700000, 0x0000000086700000| Untracked 
|  78|0x0000000086800000, 0x0000000086800000, 0x0000000086900000|  0%| F|  |TAMS 0x0000000086800000, 0x0000000086800000| Untracked 
|  79|0x0000000086900000, 0x0000000086900000, 0x0000000086a00000|  0%| F|  |TAMS 0x0000000086900000, 0x0000000086900000| Untracked 
|  80|0x0000000086a00000, 0x0000000086a00000, 0x0000000086b00000|  0%| F|  |TAMS 0x0000000086a00000, 0x0000000086a00000| Untracked 
|  81|0x0000000086b00000, 0x0000000086b00000, 0x0000000086c00000|  0%| F|  |TAMS 0x0000000086b00000, 0x0000000086b00000| Untracked 
|  82|0x0000000086c00000, 0x0000000086c00000, 0x0000000086d00000|  0%| F|  |TAMS 0x0000000086c00000, 0x0000000086c00000| Untracked 
|  83|0x0000000086d00000, 0x0000000086d00000, 0x0000000086e00000|  0%| F|  |TAMS 0x0000000086d00000, 0x0000000086d00000| Untracked 
|  84|0x0000000086e00000, 0x0000000086e00000, 0x0000000086f00000|  0%| F|  |TAMS 0x0000000086e00000, 0x0000000086e00000| Untracked 
|  85|0x0000000086f00000, 0x0000000086f00000, 0x0000000087000000|  0%| F|  |TAMS 0x0000000086f00000, 0x0000000086f00000| Untracked 
|  86|0x0000000087000000, 0x0000000087000000, 0x0000000087100000|  0%| F|  |TAMS 0x0000000087000000, 0x0000000087000000| Untracked 
|  87|0x0000000087100000, 0x0000000087100000, 0x0000000087200000|  0%| F|  |TAMS 0x0000000087100000, 0x0000000087100000| Untracked 
|  88|0x0000000087200000, 0x0000000087200000, 0x0000000087300000|  0%| F|  |TAMS 0x0000000087200000, 0x0000000087200000| Untracked 
|  89|0x0000000087300000, 0x0000000087300000, 0x0000000087400000|  0%| F|  |TAMS 0x0000000087300000, 0x0000000087300000| Untracked 
|  90|0x0000000087400000, 0x0000000087400000, 0x0000000087500000|  0%| F|  |TAMS 0x0000000087400000, 0x0000000087400000| Untracked 
|  91|0x0000000087500000, 0x0000000087500000, 0x0000000087600000|  0%| F|  |TAMS 0x0000000087500000, 0x0000000087500000| Untracked 
|  92|0x0000000087600000, 0x0000000087600000, 0x0000000087700000|  0%| F|  |TAMS 0x0000000087600000, 0x0000000087600000| Untracked 
|  93|0x0000000087700000, 0x0000000087700000, 0x0000000087800000|  0%| F|  |TAMS 0x0000000087700000, 0x0000000087700000| Untracked 
|  94|0x0000000087800000, 0x0000000087800000, 0x0000000087900000|  0%| F|  |TAMS 0x0000000087800000, 0x0000000087800000| Untracked 
|  95|0x0000000087900000, 0x0000000087900000, 0x0000000087a00000|  0%| F|  |TAMS 0x0000000087900000, 0x0000000087900000| Untracked 
|  96|0x0000000087a00000, 0x0000000087a00000, 0x0000000087b00000|  0%| F|  |TAMS 0x0000000087a00000, 0x0000000087a00000| Untracked 
|  97|0x0000000087b00000, 0x0000000087b00000, 0x0000000087c00000|  0%| F|  |TAMS 0x0000000087b00000, 0x0000000087b00000| Untracked 
|  98|0x0000000087c00000, 0x0000000087c00000, 0x0000000087d00000|  0%| F|  |TAMS 0x0000000087c00000, 0x0000000087c00000| Untracked 
|  99|0x0000000087d00000, 0x0000000087d00000, 0x0000000087e00000|  0%| F|  |TAMS 0x0000000087d00000, 0x0000000087d00000| Untracked 
| 100|0x0000000087e00000, 0x0000000087e00000, 0x0000000087f00000|  0%| F|  |TAMS 0x0000000087e00000, 0x0000000087e00000| Untracked 
| 101|0x0000000087f00000, 0x0000000087f00000, 0x0000000088000000|  0%| F|  |TAMS 0x0000000087f00000, 0x0000000087f00000| Untracked 
| 102|0x0000000088000000, 0x0000000088000000, 0x0000000088100000|  0%| F|  |TAMS 0x0000000088000000, 0x0000000088000000| Untracked 
| 103|0x0000000088100000, 0x0000000088100000, 0x0000000088200000|  0%| F|  |TAMS 0x0000000088100000, 0x0000000088100000| Untracked 
| 104|0x0000000088200000, 0x0000000088200000, 0x0000000088300000|  0%| F|  |TAMS 0x0000000088200000, 0x0000000088200000| Untracked 
| 105|0x0000000088300000, 0x0000000088300000, 0x0000000088400000|  0%| F|  |TAMS 0x0000000088300000, 0x0000000088300000| Untracked 
| 106|0x0000000088400000, 0x0000000088400000, 0x0000000088500000|  0%| F|  |TAMS 0x0000000088400000, 0x0000000088400000| Untracked 
| 107|0x0000000088500000, 0x0000000088500000, 0x0000000088600000|  0%| F|  |TAMS 0x0000000088500000, 0x0000000088500000| Untracked 
| 108|0x0000000088600000, 0x0000000088600000, 0x0000000088700000|  0%| F|  |TAMS 0x0000000088600000, 0x0000000088600000| Untracked 
| 109|0x0000000088700000, 0x0000000088700000, 0x0000000088800000|  0%| F|  |TAMS 0x0000000088700000, 0x0000000088700000| Untracked 
| 110|0x0000000088800000, 0x0000000088800000, 0x0000000088900000|  0%| F|  |TAMS 0x0000000088800000, 0x0000000088800000| Untracked 
| 111|0x0000000088900000, 0x0000000088900000, 0x0000000088a00000|  0%| F|  |TAMS 0x0000000088900000, 0x0000000088900000| Untracked 
| 112|0x0000000088a00000, 0x0000000088a00000, 0x0000000088b00000|  0%| F|  |TAMS 0x0000000088a00000, 0x0000000088a00000| Untracked 
| 113|0x0000000088b00000, 0x0000000088b00000, 0x0000000088c00000|  0%| F|  |TAMS 0x0000000088b00000, 0x0000000088b00000| Untracked 
| 114|0x0000000088c00000, 0x0000000088c00000, 0x0000000088d00000|  0%| F|  |TAMS 0x0000000088c00000, 0x0000000088c00000| Untracked 
| 115|0x0000000088d00000, 0x0000000088d00000, 0x0000000088e00000|  0%| F|  |TAMS 0x0000000088d00000, 0x0000000088d00000| Untracked 
| 116|0x0000000088e00000, 0x0000000088e00000, 0x0000000088f00000|  0%| F|  |TAMS 0x0000000088e00000, 0x0000000088e00000| Untracked 
| 117|0x0000000088f00000, 0x0000000088f901e8, 0x0000000089000000| 56%| E|  |TAMS 0x0000000088f00000, 0x0000000088f00000| Complete 
| 118|0x0000000089000000, 0x0000000089100000, 0x0000000089100000|100%| E|CS|TAMS 0x0000000089000000, 0x0000000089000000| Complete 
| 119|0x0000000089100000, 0x0000000089200000, 0x0000000089200000|100%| E|CS|TAMS 0x0000000089100000, 0x0000000089100000| Complete 
| 120|0x0000000089200000, 0x0000000089300000, 0x0000000089300000|100%| E|CS|TAMS 0x0000000089200000, 0x0000000089200000| Complete 
| 121|0x0000000089300000, 0x0000000089400000, 0x0000000089400000|100%| E|CS|TAMS 0x0000000089300000, 0x0000000089300000| Complete 
| 122|0x0000000089400000, 0x0000000089500000, 0x0000000089500000|100%| E|CS|TAMS 0x0000000089400000, 0x0000000089400000| Complete 
| 123|0x0000000089500000, 0x0000000089600000, 0x0000000089600000|100%| E|CS|TAMS 0x0000000089500000, 0x0000000089500000| Complete 
| 124|0x0000000089600000, 0x0000000089700000, 0x0000000089700000|100%| E|CS|TAMS 0x0000000089600000, 0x0000000089600000| Complete 
| 125|0x0000000089700000, 0x0000000089800000, 0x0000000089800000|100%| E|CS|TAMS 0x0000000089700000, 0x0000000089700000| Complete 
| 126|0x0000000089800000, 0x0000000089900000, 0x0000000089900000|100%| E|  |TAMS 0x0000000089800000, 0x0000000089800000| Complete 
| 127|0x0000000089900000, 0x0000000089a00000, 0x0000000089a00000|100%| E|CS|TAMS 0x0000000089900000, 0x0000000089900000| Complete 

Card table byte_map: [0x000002b7e7ca0000,0x000002b7e80a0000] _byte_map_base: 0x000002b7e7893000

Marking Bits (Prev, Next): (CMBitMap*) 0x000002b7d03e3118, (CMBitMap*) 0x000002b7d03e3158
 Prev Bits: [0x000002b7e84a0000, 0x000002b7ea438000)
 Next Bits: [0x000002b7ea440000, 0x000002b7ec3d8000)

Polling page: 0x000002b7cfb70000

Metaspace:

Usage:
  Non-class:      9.73 MB capacity,     9.56 MB ( 98%) used,   152.88 KB (  2%) free+waste,    22.44 KB ( <1%) overhead. 
      Class:      1.35 MB capacity,     1.25 MB ( 93%) used,    87.66 KB (  6%) free+waste,    13.38 KB ( <1%) overhead. 
       Both:     11.08 MB capacity,    10.81 MB ( 98%) used,   240.54 KB (  2%) free+waste,    35.81 KB ( <1%) overhead. 

Virtual space:
  Non-class space:       10.00 MB reserved,       9.75 MB ( 98%) committed 
      Class space:        1.00 GB reserved,       1.38 MB ( <1%) committed 
             Both:        1.01 GB reserved,      11.13 MB (  1%) committed 

Chunk freelists:
   Non-Class:  19.00 KB
       Class:  30.00 KB
        Both:  49.00 KB

MaxMetaspaceSize: 17179869184.00 GB
CompressedClassSpaceSize: 1.00 GB

CodeHeap 'non-profiled nmethods': size=120064Kb used=382Kb max_used=382Kb free=119681Kb
 bounds [0x000002b7e0360000, 0x000002b7e05d0000, 0x000002b7e78a0000]
CodeHeap 'profiled nmethods': size=120000Kb used=2726Kb max_used=2726Kb free=117273Kb
 bounds [0x000002b7d8e30000, 0x000002b7d90e0000, 0x000002b7e0360000]
CodeHeap 'non-nmethods': size=5696Kb used=1337Kb max_used=1352Kb free=4358Kb
 bounds [0x000002b7d88a0000, 0x000002b7d8b10000, 0x000002b7d8e30000]
 total_blobs=2471 nmethods=1379 adapters=541
 compilation: enabled
              stopped_count=0, restarted_count=0
 full_count=0

Compilation events (20 events):
Event: 31.887 Thread 0x000002b7ee9e7800 1369       1       java.awt.image.DataBuffer::getOffset (5 bytes)
Event: 31.887 Thread 0x000002b7ee9e7800 nmethod 1369 0x000002b7e03bea90 code [0x000002b7e03bec20, 0x000002b7e03bed58]
Event: 31.887 Thread 0x000002b7ee9e7800 1370       1       java.awt.image.SampleModel::getNumBands (5 bytes)
Event: 31.887 Thread 0x000002b7ee9e7800 nmethod 1370 0x000002b7e03bee10 code [0x000002b7e03befa0, 0x000002b7e03bf0d8]
Event: 31.887 Thread 0x000002b7ee9e7800 1372       1       sun.awt.image.IntegerInterleavedRaster::getPixelStride (5 bytes)
Event: 31.887 Thread 0x000002b7ee9e7800 nmethod 1372 0x000002b7e03bf190 code [0x000002b7e03bf320, 0x000002b7e03bf458]
Event: 31.887 Thread 0x000002b7ee9e7800 1373       3       java.awt.geom.AffineTransform::createInverse (543 bytes)
Event: 31.888 Thread 0x000002b7ee9e7800 nmethod 1373 0x000002b7d90d2c10 code [0x000002b7d90d3060, 0x000002b7d90d4600]
Event: 31.888 Thread 0x000002b7ee9e7800 1374       3       sun.awt.SunHints$Key::getIndex (5 bytes)
Event: 31.889 Thread 0x000002b7ee9e7800 nmethod 1374 0x000002b7d90d4b10 code [0x000002b7d90d4cc0, 0x000002b7d90d4e58]
Event: 31.889 Thread 0x000002b7ee9e7800 1375       3       java.util.Locale::hashCode (41 bytes)
Event: 31.889 Thread 0x000002b7ee9e7800 nmethod 1375 0x000002b7d90d4f10 code [0x000002b7d90d50e0, 0x000002b7d90d5360]
Event: 31.889 Thread 0x000002b7ee9e7800 1376       3       sun.awt.image.BufImgSurfaceData::getRenderLoops (26 bytes)
Event: 31.889 Thread 0x000002b7ee9e7800 nmethod 1376 0x000002b7d90d5490 code [0x000002b7d90d5640, 0x000002b7d90d5890]
Event: 32.079 Thread 0x000002b7ee9e7800 1377       3       sun.java2d.pipe.Region::getIntersection (37 bytes)
Event: 32.079 Thread 0x000002b7ee9e7800 nmethod 1377 0x000002b7d90d5990 code [0x000002b7d90d5c00, 0x000002b7d90d6c00]
Event: 32.079 Thread 0x000002b7ee9e7800 1378       3       sun.font.CompositeStrike::getStrikeForGlyph (9 bytes)
Event: 32.080 Thread 0x000002b7ee9e7800 nmethod 1378 0x000002b7d90d6f90 code [0x000002b7d90d7140, 0x000002b7d90d72f0]
Event: 32.080 Thread 0x000002b7ee9e7800 1379       3       sun.font.FileFontStrike::getGlyphImagePtr (98 bytes)
Event: 32.081 Thread 0x000002b7ee9e7800 nmethod 1379 0x000002b7d90d7390 code [0x000002b7d90d7720, 0x000002b7d90d92c0]

GC Heap History (0 events):
No events

Deoptimization events (20 events):
Event: 0.352 Thread 0x000002b7ef614000 DEOPT PACKING pc=0x000002b7e038432c sp=0x000000da7a5fe6f0
Event: 0.352 Thread 0x000002b7ef614000 DEOPT UNPACKING pc=0x000002b7d88e912f sp=0x000000da7a5fe690 mode 2
Event: 12.947 Thread 0x000002b7ef614000 Uncommon trap: trap_request=0xffffffde fr.pc=0x000002b7e038f328 relative=0x0000000000000188
Event: 12.947 Thread 0x000002b7ef614000 Uncommon trap: reason=class_check action=maybe_recompile pc=0x000002b7e038f328 method=java.lang.String.equals(Ljava/lang/Object;)Z @ 8 c2
Event: 12.947 Thread 0x000002b7ef614000 DEOPT PACKING pc=0x000002b7e038f328 sp=0x000000da7a5fdcd0
Event: 12.947 Thread 0x000002b7ef614000 DEOPT UNPACKING pc=0x000002b7d88e912f sp=0x000000da7a5fdc68 mode 2
Event: 12.947 Thread 0x000002b7ef614000 Uncommon trap: trap_request=0xffffffde fr.pc=0x000002b7e038f328 relative=0x0000000000000188
Event: 12.947 Thread 0x000002b7ef614000 Uncommon trap: reason=class_check action=maybe_recompile pc=0x000002b7e038f328 method=java.lang.String.equals(Ljava/lang/Object;)Z @ 8 c2
Event: 12.947 Thread 0x000002b7ef614000 DEOPT PACKING pc=0x000002b7e038f328 sp=0x000000da7a5fdcd0
Event: 12.947 Thread 0x000002b7ef614000 DEOPT UNPACKING pc=0x000002b7d88e912f sp=0x000000da7a5fdc68 mode 2
Event: 14.208 Thread 0x000002b7ef614000 Uncommon trap: trap_request=0xffffffde fr.pc=0x000002b7e038f328 relative=0x0000000000000188
Event: 14.208 Thread 0x000002b7ef614000 Uncommon trap: reason=class_check action=maybe_recompile pc=0x000002b7e038f328 method=java.lang.String.equals(Ljava/lang/Object;)Z @ 8 c2
Event: 14.208 Thread 0x000002b7ef614000 DEOPT PACKING pc=0x000002b7e038f328 sp=0x000000da7a5fdcb0
Event: 14.208 Thread 0x000002b7ef614000 DEOPT UNPACKING pc=0x000002b7d88e912f sp=0x000000da7a5fdc48 mode 2
Event: 14.208 Thread 0x000002b7ef614000 Uncommon trap: trap_request=0xffffffde fr.pc=0x000002b7e038f328 relative=0x0000000000000188
Event: 14.208 Thread 0x000002b7ef614000 Uncommon trap: reason=class_check action=maybe_recompile pc=0x000002b7e038f328 method=java.lang.String.equals(Ljava/lang/Object;)Z @ 8 c2
Event: 14.208 Thread 0x000002b7ef614000 DEOPT PACKING pc=0x000002b7e038f328 sp=0x000000da7a5fdcb0
Event: 14.208 Thread 0x000002b7ef614000 DEOPT UNPACKING pc=0x000002b7d88e912f sp=0x000000da7a5fdc48 mode 2
Event: 17.512 Thread 0x000002b7ef614000 DEOPT PACKING pc=0x000002b7d8fb8ca9 sp=0x000000da7a5fccf0
Event: 17.512 Thread 0x000002b7ef614000 DEOPT UNPACKING pc=0x000002b7d88e964e sp=0x000000da7a5fc130 mode 0

Classes unloaded (0 events):
No events

Classes redefined (0 events):
No events

Internal exceptions (18 events):
Event: 0.161 Thread 0x000002b7ce29c800 Exception <a 'java/lang/ClassNotFoundException'{0x00000000897717c0}: sun/awt/resources/spi/awtProvider> (0x00000000897717c0) 
thrown [t:/workspace/open/src/hotspot/share/classfile/systemDictionary.cpp, line 232]
Event: 0.190 Thread 0x000002b7ce29c800 Exception <a 'java/io/FileNotFoundException'{0x0000000089604128}> (0x0000000089604128) 
thrown [t:/workspace/open/src/hotspot/share/prims/jni.cpp, line 598]
Event: 0.196 Thread 0x000002b7ce29c800 Exception <a 'java/io/FileNotFoundException'{0x000000008962a7c0}> (0x000000008962a7c0) 
thrown [t:/workspace/open/src/hotspot/share/prims/jni.cpp, line 598]
Event: 0.244 Thread 0x000002b7ef606800 Exception <a 'java/lang/NoSuchMethodError'{0x00000000896954c8}: 'void java.lang.invoke.DirectMethodHandle$Holder.invokeSpecial(java.lang.Object, java.lang.Object)'> (0x00000000896954c8) 
thrown [t:/workspace/open/src/hotspot/share/interpreter/linkResolver.cpp, line 767]
Event: 0.289 Thread 0x000002b7ef614000 Exception <a 'java/lang/NoSuchMethodError'{0x000000008957df10}: 'java.lang.Object java.lang.invoke.DirectMethodHandle$Holder.invokeStatic(java.lang.Object, int, java.lang.Object, java.lang.Object, java.lang.Object, java.lang.Object)'> (0x000000008957df10) 
thrown [t:/workspace/open/src/hotspot/share/interpreter/linkResolver.cpp, line 767]
Event: 0.289 Thread 0x000002b7ef614000 Exception <a 'java/lang/NoSuchMethodError'{0x0000000089584870}: 'java.lang.Object java.lang.invoke.DirectMethodHandle$Holder.invokeStatic(java.lang.Object, int, java.lang.Object, java.lang.Object, java.lang.Object)'> (0x0000000089584870) 
thrown [t:/workspace/open/src/hotspot/share/interpreter/linkResolver.cpp, line 767]
Event: 0.290 Thread 0x000002b7ef614000 Exception <a 'java/lang/NoSuchMethodError'{0x00000000895880d8}: 'java.lang.Object java.lang.invoke.DirectMethodHandle$Holder.invokeSpecial(java.lang.Object, java.lang.Object, int, java.lang.Object, java.lang.Object, java.lang.Object)'> (0x00000000895880d8) 
thrown [t:/workspace/open/src/hotspot/share/interpreter/linkResolver.cpp, line 767]
Event: 0.293 Thread 0x000002b7ef614000 Exception <a 'java/lang/NoSuchMethodError'{0x000000008959e640}: 'java.lang.Object java.lang.invoke.DirectMethodHandle$Holder.invokeStatic(java.lang.Object, int, java.lang.Object)'> (0x000000008959e640) 
thrown [t:/workspace/open/src/hotspot/share/interpreter/linkResolver.cpp, line 767]
Event: 0.311 Thread 0x000002b7ef614000 Exception <a 'java/lang/ClassNotFoundException'{0x0000000089441f98}: com/sun/swing/internal/plaf/metal/resources/spi/metalProvider> (0x0000000089441f98) 
thrown [t:/workspace/open/src/hotspot/share/classfile/systemDictionary.cpp, line 232]
Event: 0.313 Thread 0x000002b7ef614000 Exception <a 'java/lang/ClassNotFoundException'{0x0000000089447fb0}: com/sun/swing/internal/plaf/basic/resources/spi/basicProvider> (0x0000000089447fb0) 
thrown [t:/workspace/open/src/hotspot/share/classfile/systemDictionary.cpp, line 232]
Event: 0.431 Thread 0x000002b7ef614000 Exception <a 'java/io/FileNotFoundException'{0x00000000894f7730}> (0x00000000894f7730) 
thrown [t:/workspace/open/src/hotspot/share/prims/jni.cpp, line 598]
Event: 0.622 Thread 0x000002b7ef614000 Exception <a 'java/io/FileNotFoundException'{0x0000000089309978}> (0x0000000089309978) 
thrown [t:/workspace/open/src/hotspot/share/prims/jni.cpp, line 598]
Event: 0.625 Thread 0x000002b7ef614000 Exception <a 'java/io/FileNotFoundException'{0x0000000089317ec0}> (0x0000000089317ec0) 
thrown [t:/workspace/open/src/hotspot/share/prims/jni.cpp, line 598]
Event: 0.816 Thread 0x000002b7ef614000 Exception <a 'java/io/FileNotFoundException'{0x0000000089329718}> (0x0000000089329718) 
thrown [t:/workspace/open/src/hotspot/share/prims/jni.cpp, line 598]
Event: 0.888 Thread 0x000002b7ef614000 Exception <a 'java/lang/NoSuchMethodError'{0x000000008925c448}: 'void java.lang.invoke.DirectMethodHandle$Holder.invokeStaticInit(java.lang.Object)'> (0x000000008925c448) 
thrown [t:/workspace/open/src/hotspot/share/interpreter/linkResolver.cpp, line 767]
Event: 0.895 Thread 0x000002b7ef614000 Exception <a 'java/lang/NoSuchMethodError'{0x0000000089286040}: 'java.lang.Object java.lang.invoke.Invokers$Holder.linkToTargetMethod(java.lang.Object, int, java.lang.Object)'> (0x0000000089286040) 
thrown [t:/workspace/open/src/hotspot/share/interpreter/linkResolver.cpp, line 767]
Event: 14.015 Thread 0x000002b7ef614000 Exception <a 'java/io/FileNotFoundException'{0x00000000890243c8}> (0x00000000890243c8) 
thrown [t:/workspace/open/src/hotspot/share/prims/jni.cpp, line 598]
Event: 14.207 Thread 0x000002b7ef614000 Exception <a 'java/io/FileNotFoundException'{0x0000000089035ec8}> (0x0000000089035ec8) 
thrown [t:/workspace/open/src/hotspot/share/prims/jni.cpp, line 598]

Events (20 events):
Event: 18.109 loading class com/server/modules/serial_port/MainFrame$4
Event: 18.109 loading class com/server/modules/serial_port/MainFrame$4 done
Event: 18.110 loading class com/server/modules/serial_port/SerialPortManager$SerialPortListener
Event: 18.110 loading class com/server/modules/serial_port/SerialPortManager$SerialPortListener done
Event: 30.329 loading class sun/awt/windows/WInputMethod$1
Event: 30.329 loading class sun/awt/windows/WInputMethod$1 done
Event: 30.330 loading class java/awt/font/TextHitInfo
Event: 30.363 loading class java/awt/font/TextHitInfo done
Event: 31.810 loading class sun/awt/DebugSettings
Event: 31.831 loading class sun/awt/DebugSettings done
Event: 31.831 loading class javax/swing/JComponent$KeyboardState
Event: 31.844 loading class javax/swing/JComponent$KeyboardState done
Event: 31.844 loading class javax/swing/JComponent$IntVector
Event: 31.850 loading class javax/swing/JComponent$IntVector done
Event: 31.850 loading class javax/swing/KeyboardManager
Event: 31.884 loading class javax/swing/KeyboardManager done
Event: 31.884 loading class javax/swing/JComponent$ActionStandin
Event: 31.884 loading class javax/swing/JComponent$ActionStandin done
Event: 32.167 loading class com/server/modules/serial_port/ByteUtils
Event: 32.167 loading class com/server/modules/serial_port/ByteUtils done


Dynamic libraries:
0x00007ff7e6ae0000 - 0x00007ff7e6aef000 	C:\Program Files\Java\jdk-13\bin\java.exe
0x00007ff868120000 - 0x00007ff868301000 	C:\WINDOWS\SYSTEM32\ntdll.dll
0x00007ff867f20000 - 0x00007ff867fd1000 	C:\WINDOWS\System32\KERNEL32.DLL
0x00007ff864e00000 - 0x00007ff865073000 	C:\WINDOWS\System32\KERNELBASE.dll
0x00007ff864260000 - 0x00007ff864358000 	C:\WINDOWS\System32\ucrtbase.dll
0x00007ff85cc40000 - 0x00007ff85cc58000 	C:\Program Files\Java\jdk-13\bin\jli.dll
0x00007ff865470000 - 0x00007ff865511000 	C:\WINDOWS\System32\ADVAPI32.dll
0x00007ff867cf0000 - 0x00007ff867d8e000 	C:\WINDOWS\System32\msvcrt.dll
0x00007ff867ad0000 - 0x00007ff867b2b000 	C:\WINDOWS\System32\sechost.dll
0x00007ff865cd0000 - 0x00007ff865df4000 	C:\WINDOWS\System32\RPCRT4.dll
0x00007ff867d90000 - 0x00007ff867f20000 	C:\WINDOWS\System32\USER32.dll
0x00007ff8641f0000 - 0x00007ff864210000 	C:\WINDOWS\System32\win32u.dll
0x00007ff8680c0000 - 0x00007ff8680e8000 	C:\WINDOWS\System32\GDI32.dll
0x00007ff864360000 - 0x00007ff8644f1000 	C:\WINDOWS\System32\gdi32full.dll
0x00007ff864650000 - 0x00007ff8646ef000 	C:\WINDOWS\System32\msvcp_win.dll
0x00007ff85cc20000 - 0x00007ff85cc35000 	C:\Program Files\Java\jdk-13\bin\VCRUNTIME140.dll
0x00007ff85ba70000 - 0x00007ff85ba7a000 	C:\WINDOWS\SYSTEM32\VERSION.dll
0x00007ff83dcc0000 - 0x00007ff83df29000 	C:\WINDOWS\WinSxS\amd64_microsoft.windows.common-controls_6595b64144ccf1df_6.0.17134.885_none_fb42a3473065565f\COMCTL32.dll
0x00007ff865800000 - 0x00007ff865b22000 	C:\WINDOWS\System32\combase.dll
0x00007ff865140000 - 0x00007ff8651b9000 	C:\WINDOWS\System32\bcryptPrimitives.dll
0x00007ff866360000 - 0x00007ff86638d000 	C:\WINDOWS\System32\IMM32.DLL
0x00007ff83d220000 - 0x00007ff83d2bb000 	C:\Program Files\Java\jdk-13\bin\msvcp140.dll
0x00007ff80d2b0000 - 0x00007ff80de16000 	C:\Program Files\Java\jdk-13\bin\server\jvm.dll
0x00007ff8645c0000 - 0x00007ff8645e3000 	C:\WINDOWS\System32\WINMM.dll
0x00007ff8641a0000 - 0x00007ff8641ca000 	C:\WINDOWS\System32\WINMMBASE.dll
0x00007ff864210000 - 0x00007ff864259000 	C:\WINDOWS\System32\cfgmgr32.dll
0x00007ff8655f0000 - 0x00007ff8655f8000 	C:\WINDOWS\System32\PSAPI.DLL
0x00007ff84e190000 - 0x00007ff84e199000 	C:\WINDOWS\SYSTEM32\WSOCK32.dll
0x00007ff865400000 - 0x00007ff86546c000 	C:\WINDOWS\System32\WS2_32.dll
0x00007ff864150000 - 0x00007ff864161000 	C:\WINDOWS\System32\kernel.appcore.dll
0x00007ff85e0c0000 - 0x00007ff85e0d0000 	C:\Program Files\Java\jdk-13\bin\verify.dll
0x00007ff861e60000 - 0x00007ff862029000 	C:\WINDOWS\SYSTEM32\DBGHELP.DLL
0x00007ff842930000 - 0x00007ff842959000 	C:\WINDOWS\SYSTEM32\dbgcore.DLL
0x00007ff842360000 - 0x00007ff842386000 	C:\Program Files\Java\jdk-13\bin\java.dll
0x00007ff85cc00000 - 0x00007ff85cc17000 	C:\Program Files\Java\jdk-13\bin\zip.dll
0x00007ff85cbe0000 - 0x00007ff85cbea000 	C:\Program Files\Java\jdk-13\bin\jimage.dll
0x00007ff866500000 - 0x00007ff867940000 	C:\WINDOWS\System32\SHELL32.dll
0x00007ff868010000 - 0x00007ff8680b9000 	C:\WINDOWS\System32\shcore.dll
0x00007ff8646f0000 - 0x00007ff864dfd000 	C:\WINDOWS\System32\windows.storage.dll
0x00007ff867c30000 - 0x00007ff867c81000 	C:\WINDOWS\System32\shlwapi.dll
0x00007ff864170000 - 0x00007ff86418f000 	C:\WINDOWS\System32\profapi.dll
0x00007ff8653b0000 - 0x00007ff8653fc000 	C:\WINDOWS\System32\powrprof.dll
0x00007ff864190000 - 0x00007ff86419a000 	C:\WINDOWS\System32\FLTLIB.DLL
0x00007ff85c010000 - 0x00007ff85c029000 	C:\Program Files\Java\jdk-13\bin\net.dll
0x00007ff85f7d0000 - 0x00007ff85f8ad000 	C:\WINDOWS\SYSTEM32\WINHTTP.dll
0x00007ff85a0a0000 - 0x00007ff85a269000 	C:\WINDOWS\SYSTEM32\urlmon.dll
0x00007ff857890000 - 0x00007ff857b36000 	C:\WINDOWS\SYSTEM32\iertutil.dll
0x00007ff863b20000 - 0x00007ff863b2b000 	C:\WINDOWS\SYSTEM32\CRYPTBASE.DLL
0x00007ff863950000 - 0x00007ff8639b6000 	C:\WINDOWS\system32\mswsock.dll
0x00007ff863940000 - 0x00007ff86394a000 	C:\WINDOWS\system32\wshqos.dll
0x00007ff863930000 - 0x00007ff863938000 	C:\WINDOWS\SYSTEM32\wshtcpip.DLL
0x00007ff863920000 - 0x00007ff863928000 	C:\WINDOWS\SYSTEM32\wship6.dll
0x00007ff85b7b0000 - 0x00007ff85b7c3000 	C:\Program Files\Java\jdk-13\bin\nio.dll
0x00007ff855fa0000 - 0x00007ff855fba000 	D:\Program Files\JetBrains\IntelliJ IDEA 2019.1\bin\breakgen64.dll
0x00007ff8369c0000 - 0x00007ff836b59000 	C:\Program Files\Java\jdk-13\bin\awt.dll
0x00007ff865520000 - 0x00007ff8655e2000 	C:\WINDOWS\System32\OLEAUT32.dll
0x00007ff8612c0000 - 0x00007ff861887000 	C:\WINDOWS\SYSTEM32\d2d1.dll
0x00007ff862190000 - 0x00007ff86221b000 	C:\WINDOWS\SYSTEM32\apphelp.dll
0x00007ff8625c0000 - 0x00007ff862658000 	C:\WINDOWS\system32\uxtheme.dll
0x00007ff865b50000 - 0x00007ff865cc3000 	C:\WINDOWS\System32\MSCTF.dll
0x00007ff862700000 - 0x00007ff862729000 	C:\WINDOWS\system32\dwmapi.dll
0x00007ff866390000 - 0x00007ff8664e1000 	C:\WINDOWS\System32\ole32.dll
0x00007ff83d700000 - 0x00007ff83d820000 	C:\WINDOWS\system32\opengl32.dll
0x00007ff850c70000 - 0x00007ff850c9c000 	C:\WINDOWS\SYSTEM32\GLU32.dll
0x0000000180000000 - 0x0000000180025000 	C:\Program Files\Java\jdk-13\bin\rxtxSerial.dll
0x00007ff83d2c0000 - 0x00007ff83d342000 	C:\Program Files\Java\jdk-13\bin\freetype.dll
0x00007ff83cbe0000 - 0x00007ff83cc86000 	C:\Program Files\Java\jdk-13\bin\fontmanager.dll
0x00007ff867a30000 - 0x00007ff867ad0000 	C:\WINDOWS\System32\clbcatq.dll
0x00007ff858390000 - 0x00007ff85853e000 	C:\WINDOWS\SYSTEM32\WindowsCodecs.dll
0x00007ff840610000 - 0x00007ff840668000 	C:\WINDOWS\system32\dataexchange.dll
0x00007ff860f10000 - 0x00007ff86121b000 	C:\WINDOWS\system32\d3d11.dll
0x00007ff861890000 - 0x00007ff861a2c000 	C:\WINDOWS\system32\dcomp.dll
0x00007ff865080000 - 0x00007ff86513b000 	C:\WINDOWS\System32\dxgi.dll
0x00007ff862780000 - 0x00007ff862938000 	C:\WINDOWS\system32\twinapi.appcore.dll
0x00007ff8626a0000 - 0x00007ff8626c1000 	C:\WINDOWS\system32\RMCLIENT.dll
0x00007ff858540000 - 0x00007ff8585d6000 	C:\WINDOWS\System32\TextInputFramework.dll
0x00007ff857e00000 - 0x00007ff85811e000 	C:\WINDOWS\System32\CoreUIComponents.dll
0x00007ff861d80000 - 0x00007ff861e5a000 	C:\WINDOWS\System32\CoreMessaging.dll
0x00007ff863200000 - 0x00007ff863231000 	C:\WINDOWS\SYSTEM32\ntmarta.dll
0x00007ff860480000 - 0x00007ff8605cd000 	C:\WINDOWS\SYSTEM32\wintypes.dll
0x00007ff82f570000 - 0x00007ff82f759000 	C:\WINDOWS\system32\SogouTSF.ime
0x00007ff860020000 - 0x00007ff860027000 	C:\WINDOWS\system32\MSIMG32.dll
0x00007ff82ece0000 - 0x00007ff82f564000 	C:\WINDOWS\system32\SogouPy.ime
0x00007ff85f1a0000 - 0x00007ff85f20b000 	C:\WINDOWS\SYSTEM32\OLEACC.dll
0x0000000010000000 - 0x000000001013c000 	C:\Program Files (x86)\SogouInput\9.4.0.3336\Resource.dll
0x00007ff82dc00000 - 0x00007ff82de69000 	C:\Program Files (x86)\SogouInput\Components\PicFace\1.1.0.1867\PicFace64.dll
0x00007ff867940000 - 0x00007ff867a2d000 	C:\WINDOWS\System32\COMDLG32.dll
0x00007ff855300000 - 0x00007ff855318000 	C:\Program Files (x86)\SogouInput\Components\VoiceInput\1.0.0.163\VoiceInput64.dll

dbghelp: loaded successfully - version: 4.0.5 - missing functions: none
symbol engine: initialized successfully - sym options: 0x614 - pdb path: .;C:\Program Files\Java\jdk-13\bin;C:\WINDOWS\SYSTEM32;C:\WINDOWS\WinSxS\amd64_microsoft.windows.common-controls_6595b64144ccf1df_6.0.17134.885_none_fb42a3473065565f;C:\Program Files\Java\jdk-13\bin\server;D:\Program Files\JetBrains\IntelliJ IDEA 2019.1\bin;C:\Program Files (x86)\SogouInput\9.4.0.3336;C:\Program Files (x86)\SogouInput\Components\PicFace\1.1.0.1867;C:\Program Files (x86)\SogouInput\Components\VoiceInput\1.0.0.163

VM Arguments:
jvm_args: -Didea.launcher.port=13450 -Didea.launcher.bin.path=D:\Program Files\JetBrains\IntelliJ IDEA 2019.1\bin -Dfile.encoding=UTF-8 
java_command: com.intellij.rt.execution.application.AppMainV2 com.server.modules.serial_port.MainFrame
java_class_path (initial): D:\IntelliJProjects\2\out\production\2;C:\Users\10698\Desktop\RXTXcomm.jar;D:\javafx-sdk-13\lib\src.zip;D:\javafx-sdk-13\lib\javafx-swt.jar;D:\javafx-sdk-13\lib\javafx.web.jar;D:\javafx-sdk-13\lib\javafx.base.jar;D:\javafx-sdk-13\lib\javafx.fxml.jar;D:\javafx-sdk-13\lib\javafx.media.jar;D:\javafx-sdk-13\lib\javafx.swing.jar;D:\javafx-sdk-13\lib\javafx.controls.jar;D:\javafx-sdk-13\lib\javafx.graphics.jar;D:\Program Files\JetBrains\IntelliJ IDEA 2019.1\lib\idea_rt.jar
Launcher Type: SUN_STANDARD

[Global flags]
     intx CICompilerCount                          = 3                                         {product} {ergonomic}
     uint ConcGCThreads                            = 1                                         {product} {ergonomic}
     uint G1ConcRefinementThreads                  = 4                                         {product} {ergonomic}
   size_t G1HeapRegionSize                         = 1048576                                   {product} {ergonomic}
    uintx GCDrainStackTargetSize                   = 64                                        {product} {ergonomic}
   size_t InitialHeapSize                          = 134217728                                 {product} {ergonomic}
   size_t MarkStackSize                            = 4194304                                   {product} {ergonomic}
   size_t MaxHeapSize                              = 2120220672                                {product} {ergonomic}
   size_t MaxNewSize                               = 1271922688                                {product} {ergonomic}
   size_t MinHeapDeltaBytes                        = 1048576                                   {product} {ergonomic}
   size_t MinHeapSize                              = 8388608                                   {product} {ergonomic}
    uintx NonNMethodCodeHeapSize                   = 5830732                                {pd product} {ergonomic}
    uintx NonProfiledCodeHeapSize                  = 122913754                              {pd product} {ergonomic}
    uintx ProfiledCodeHeapSize                     = 122913754                              {pd product} {ergonomic}
    uintx ReservedCodeCacheSize                    = 251658240                              {pd product} {ergonomic}
     bool SegmentedCodeCache                       = true                                      {product} {ergonomic}
   size_t SoftMaxHeapSize                          = 2120220672                             {manageable} {ergonomic}
     bool UseCompressedClassPointers               = true                                 {lp64_product} {ergonomic}
     bool UseCompressedOops                        = true                                 {lp64_product} {ergonomic}
     bool UseG1GC                                  = true                                      {product} {ergonomic}
     bool UseLargePagesIndividualAllocation        = false                                  {pd product} {ergonomic}

Logging:
Log output configuration:
 #0: stdout all=warning uptime,level,tags
 #1: stderr all=off uptime,level,tags

Environment Variables:
JAVA_HOME=C:\Program Files\Java\jdk1.8.0_91\
CLASSPATH=C:\Program Files\Java\jdk1.8.0_91\\lib;C:\Program Files\Java\jdk1.8.0_91\\lib\tools.jar
PATH=D:\CTEX\CTeX;D:\CTEX\CTeX\Packages\ctex\bin;D:\CTEX\CTeX;D:\CTEX\CTeX\Packages\cct\bin;D:\CTEX\CTeX;D:\CTEX\CTeX\Packages\ty\bin;D:\CTEX\UserData\miktex\bin;D:\CTEX\MiKTeX\miktex\bin;D:\CTEX\CTeX;D:\CTEX\CTeX\Packages\ctex\bin;D:\CTEX\CTeX;D:\CTEX\CTeX\Packages\cct\bin;D:\CTEX\CTeX;D:\CTEX\CTeX\Packages\ty\bin;D:\CTEX\Ghostscript\gs9.18\bin;D:\CTEX\GSview\gsview;D:\CTEX\WinEdt;C:\Users\10698\AppData\Local\Programs\Python\Python37;C:\Users\10698\AppData\Local\Programs\Python\Python37\Scripts;D:\Program Files\MATLAB\R2018a\runtime\win64;D:\Program Files\MATLAB\R2018a\bin;C:\WINDOWS\system32;C:\WINDOWS;C:\WINDOWS\System32\Wbem;C:\Program Files\Java\jdk1.8.0_91\\bin;D:\Redis;D:\nwjs-v0.36.0-beta1-win-x64;D:\Program Files\nodejs\;C:\Program Files\Microsoft SQL Server\Client SDK\ODBC\130\Tools\Binn\;C:\Program Files (x86)\Microsoft SQL Server\140\Tools\Binn\;C:\Program Files\Microsoft SQL Server\140\Tools\Binn\;C:\Program Files\Microsoft SQL Server\140\DTS\Binn\;C:\Program Files (x86)\Microsoft SQL Server\Client SDK\ODBC\130\Tools\Binn\;C:\Program Files (x86)\Microsoft SQL Server\140\DTS\Binn\;C:\Program Files (x86)\Microsoft SQL Server\140\Tools\Binn\ManagementStudio\;C:\Program Files\Git\cmd;C:\Users\10698\Anaconda3;C:\Users\10698\Anaconda3\Library\mingw-w64\bin;C:\Users\10698\Anaconda3\Library\usr\bin;C:\Users\10698\Anaconda3\Library\bin;C:\Users\10698\Anaconda3\Scripts;C:\Users\10698\AppData\Local\Microsoft\WindowsApps;C:\Program Files\Intel\WiFi\bin\;C:\Program Files\Common Files\Intel\WirelessCommon\;C:\geckodriver;C:\Program Files\JetBrains\PyCharm Community Edition 2018.3\bin;;D:\MiKTeX 2.9\miktex\bin\x64\;D:\Program Files\JetBrains\PyCharm 2018.3.2\bin;;C:\Users\10698\AppData\Roaming\npm;D:\Program Files\JetBrains\IntelliJ IDEA 2019.1\bin;
USERNAME=10698
OS=Windows_NT
PROCESSOR_IDENTIFIER=Intel64 Family 6 Model 158 Stepping 9, GenuineIntel



---------------  S Y S T E M  ---------------

OS: Windows 10 , 64 bit Build 17134 (10.0.17134.753)

CPU:total 4 (initial active 4) (4 cores per cpu, 1 threads per core) family 6 model 158 stepping 9, cmov, cx8, fxsr, mmx, sse, sse2, sse3, ssse3, sse4.1, sse4.2, popcnt, avx, avx2, aes, clmul, erms, 3dnowpref, lzcnt, tsc, tscinvbit, bmi1, bmi2, adx, fma

Memory: 4k page, system-wide physical 8084M (2741M free)
TotalPageFile size 14012M (AvailPageFile size 4766M)
current process WorkingSet (physical memory assigned to process): 87M, peak: 91M
current process commit charge ("private bytes"): 229M, peak: 234M

vm_info: Java HotSpot(TM) 64-Bit Server VM (13+33) for windows-amd64 JRE (13+33), built on Sep 18 2019 21:38:00 by "mach5one" with unknown MS VC++:1916

END.
